{"C:\\Users\\Gasshow\\Documents\\学习\\学习资料\\大四上\\webApp\\reacBackend\\app.js":{"path":"C:\\Users\\Gasshow\\Documents\\学习\\学习资料\\大四上\\webApp\\reacBackend\\app.js","statementMap":{"0":{"start":{"line":3,"column":18},"end":{"line":3,"column":40}},"1":{"start":{"line":4,"column":14},"end":{"line":4,"column":32}},"2":{"start":{"line":5,"column":11},"end":{"line":5,"column":26}},"3":{"start":{"line":6,"column":19},"end":{"line":6,"column":43}},"4":{"start":{"line":7,"column":13},"end":{"line":7,"column":30}},"5":{"start":{"line":8,"column":11},"end":{"line":8,"column":26}},"6":{"start":{"line":9,"column":0},"end":{"line":9,"column":16}},"7":{"start":{"line":12,"column":18},"end":{"line":12,"column":43}},"8":{"start":{"line":13,"column":19},"end":{"line":13,"column":45}},"9":{"start":{"line":14,"column":10},"end":{"line":14,"column":19}},"10":{"start":{"line":15,"column":0},"end":{"line":15,"column":16}},"11":{"start":{"line":17,"column":0},"end":{"line":17,"column":48}},"12":{"start":{"line":18,"column":0},"end":{"line":18,"column":31}},"13":{"start":{"line":19,"column":0},"end":{"line":19,"column":23}},"14":{"start":{"line":20,"column":0},"end":{"line":20,"column":24}},"15":{"start":{"line":21,"column":0},"end":{"line":23,"column":4}},"16":{"start":{"line":24,"column":0},"end":{"line":24,"column":24}},"17":{"start":{"line":25,"column":0},"end":{"line":25,"column":59}},"18":{"start":{"line":28,"column":0},"end":{"line":28,"column":31}},"19":{"start":{"line":29,"column":0},"end":{"line":29,"column":33}},"20":{"start":{"line":47,"column":0},"end":{"line":47,"column":21}}},"fnMap":{},"branchMap":{},"s":{"0":1,"1":1,"2":1,"3":1,"4":1,"5":1,"6":1,"7":1,"8":1,"9":1,"10":1,"11":1,"12":1,"13":1,"14":1,"15":1,"16":1,"17":1,"18":1,"19":1,"20":1},"f":{},"b":{},"inputSourceMap":{"version":3,"names":["createError","require","express","path","cookieParser","logger","cors","usersRouter","genresRouter","app","use","set","join","__dirname","json","urlencoded","extended","module","exports"],"sourceRoot":"C:\\Users\\Gasshow\\Documents\\学习\\学习资料\\大四上\\webApp\\reacBackend\\","sources":["app.js"],"sourcesContent":["var createError = require('http-errors');\nvar express = require('express');\nvar path = require('path');\nvar cookieParser = require('cookie-parser');\nvar logger = require('morgan');\nvar cors = require('cors')\nrequire('./db')\n\n// var indexRouter = require('./routes/index');\nvar usersRouter = require('./routes/users');\nvar genresRouter = require('./routes/genres')\n\nvar app = express();\napp.use(cors())\n// view engine setup\napp.set('views', path.join(__dirname, 'views'));\napp.set('view engine', 'jade');\n\napp.use(logger('dev'));\napp.use(express.json());\napp.use(express.urlencoded({ extended: false }));\napp.use(cookieParser());\napp.use(express.static(path.join(__dirname, 'public')));\n\n\n// app.use('/', indexRouter);\napp.use('/users', usersRouter);\napp.use('/genres', genresRouter);\n\n// catch 404 and forward to error handler\n// app.use(function(req, res, next) {\n//   next(createError(404));\n// });\n\n// // error handler\n// app.use(function(err, req, res, next) {\n//   // set locals, only providing error in development\n//   res.locals.message = err.message;\n//   res.locals.error = req.app.get('env') === 'development' ? err : {};\n\n//   // render the error page\n//   res.status(err.status || 500);\n//   res.render('error');\n// });\n\nmodule.exports = app;\n"],"mappings":";;AAAA,IAAIA,WAAW,GAAGC,OAAO,CAAC,aAAa,CAAC;AACxC,IAAIC,OAAO,GAAGD,OAAO,CAAC,SAAS,CAAC;AAChC,IAAIE,IAAI,GAAGF,OAAO,CAAC,MAAM,CAAC;AAC1B,IAAIG,YAAY,GAAGH,OAAO,CAAC,eAAe,CAAC;AAC3C,IAAII,MAAM,GAAGJ,OAAO,CAAC,QAAQ,CAAC;AAC9B,IAAIK,IAAI,GAAGL,OAAO,CAAC,MAAM,CAAC;AAC1BA,OAAO,CAAC,MAAM,CAAC;;AAEf;AACA,IAAIM,WAAW,GAAGN,OAAO,CAAC,gBAAgB,CAAC;AAC3C,IAAIO,YAAY,GAAGP,OAAO,CAAC,iBAAiB,CAAC;AAE7C,IAAIQ,GAAG,GAAGP,OAAO,EAAE;AACnBO,GAAG,CAACC,GAAG,CAACJ,IAAI,EAAE,CAAC;AACf;AACAG,GAAG,CAACE,GAAG,CAAC,OAAO,EAAER,IAAI,CAACS,IAAI,CAACC,SAAS,EAAE,OAAO,CAAC,CAAC;AAC/CJ,GAAG,CAACE,GAAG,CAAC,aAAa,EAAE,MAAM,CAAC;AAE9BF,GAAG,CAACC,GAAG,CAACL,MAAM,CAAC,KAAK,CAAC,CAAC;AACtBI,GAAG,CAACC,GAAG,CAACR,OAAO,CAACY,IAAI,EAAE,CAAC;AACvBL,GAAG,CAACC,GAAG,CAACR,OAAO,CAACa,UAAU,CAAC;EAAEC,QAAQ,EAAE;AAAM,CAAC,CAAC,CAAC;AAChDP,GAAG,CAACC,GAAG,CAACN,YAAY,EAAE,CAAC;AACvBK,GAAG,CAACC,GAAG,CAACR,OAAO,UAAO,CAACC,IAAI,CAACS,IAAI,CAACC,SAAS,EAAE,QAAQ,CAAC,CAAC,CAAC;;AAGvD;AACAJ,GAAG,CAACC,GAAG,CAAC,QAAQ,EAAEH,WAAW,CAAC;AAC9BE,GAAG,CAACC,GAAG,CAAC,SAAS,EAAEF,YAAY,CAAC;;AAEhC;AACA;AACA;AACA;;AAEA;AACA;AACA;AACA;AACA;;AAEA;AACA;AACA;AACA;;AAEAS,MAAM,CAACC,OAAO,GAAGT,GAAG"},"_coverageSchema":"1a1c01bbd47fc00a2c39e90264f33305004495a9","hash":"fc66fc4fd7ed2053a72962225581c55b0eeaf185","contentHash":"77099210d21505417d0447ad9cc03a0a0435fadd2f134802671e41448894b763"},"C:\\Users\\Gasshow\\Documents\\学习\\学习资料\\大四上\\webApp\\reacBackend\\db\\index.js":{"path":"C:\\Users\\Gasshow\\Documents\\学习\\学习资料\\大四上\\webApp\\reacBackend\\db\\index.js","statementMap":{"0":{"start":{"line":3,"column":13},"end":{"line":3,"column":30}},"1":{"start":{"line":4,"column":15},"end":{"line":4,"column":34}},"2":{"start":{"line":5,"column":0},"end":{"line":5,"column":16}},"3":{"start":{"line":8,"column":0},"end":{"line":8,"column":35}},"4":{"start":{"line":9,"column":0},"end":{"line":9,"column":39}},"5":{"start":{"line":10,"column":9},"end":{"line":10,"column":28}},"6":{"start":{"line":11,"column":0},"end":{"line":13,"column":3}},"7":{"start":{"line":12,"column":2},"end":{"line":12,"column":80}}},"fnMap":{"0":{"name":"(anonymous_0)","decl":{"start":{"line":11,"column":16},"end":{"line":11,"column":17}},"loc":{"start":{"line":11,"column":28},"end":{"line":13,"column":1}},"line":11}},"branchMap":{},"s":{"0":1,"1":1,"2":1,"3":1,"4":1,"5":1,"6":1,"7":1},"f":{"0":1},"b":{},"inputSourceMap":{"version":3,"names":["dotenv","require","mongoose","config","set","connect","process","env","MONGO_DB","db","connection","once","console","log","name","host"],"sourceRoot":"C:\\Users\\Gasshow\\Documents\\学习\\学习资料\\大四上\\webApp\\reacBackend\\db\\","sources":["index.js"],"sourcesContent":["const dotenv = require(\"dotenv\")\nconst mongoose = require('mongoose')\n\ndotenv.config();\n\n// Connect to database\nmongoose.set(\"strictQuery\", false);\nmongoose.connect(process.env.MONGO_DB);\nconst db = mongoose.connection;\n\n\ndb.once('open', () => {\n    console.log(`database connected to ${db.name} on ${db.host}`);\n})"],"mappings":";;AAAA,IAAMA,MAAM,GAAGC,OAAO,CAAC,QAAQ,CAAC;AAChC,IAAMC,QAAQ,GAAGD,OAAO,CAAC,UAAU,CAAC;AAEpCD,MAAM,CAACG,MAAM,EAAE;;AAEf;AACAD,QAAQ,CAACE,GAAG,CAAC,aAAa,EAAE,KAAK,CAAC;AAClCF,QAAQ,CAACG,OAAO,CAACC,OAAO,CAACC,GAAG,CAACC,QAAQ,CAAC;AACtC,IAAMC,EAAE,GAAGP,QAAQ,CAACQ,UAAU;AAG9BD,EAAE,CAACE,IAAI,CAAC,MAAM,EAAE,YAAM;EAClBC,OAAO,CAACC,GAAG,iCAA0BJ,EAAE,CAACK,IAAI,iBAAOL,EAAE,CAACM,IAAI,EAAG;AACjE,CAAC,CAAC"},"_coverageSchema":"1a1c01bbd47fc00a2c39e90264f33305004495a9","hash":"bcbced37877cb22624665f078f9f3a52fd17de6f","contentHash":"69d7a569d5ba47d1fe68e980725dc9d14c8d30fc0c9ec808ebac732eaf091e3a"},"C:\\Users\\Gasshow\\Documents\\学习\\学习资料\\大四上\\webApp\\reacBackend\\routes\\users.js":{"path":"C:\\Users\\Gasshow\\Documents\\学习\\学习资料\\大四上\\webApp\\reacBackend\\routes\\users.js","statementMap":{"0":{"start":{"line":3,"column":29},"end":{"line":3,"column":84}},"1":{"start":{"line":4,"column":19},"end":{"line":4,"column":80}},"2":{"start":{"line":5,"column":25},"end":{"line":5,"column":99}},"3":{"start":{"line":6,"column":14},"end":{"line":6,"column":32}},"4":{"start":{"line":7,"column":13},"end":{"line":7,"column":29}},"5":{"start":{"line":8,"column":17},"end":{"line":8,"column":46}},"6":{"start":{"line":11,"column":0},"end":{"line":38,"column":5}},"7":{"start":{"line":12,"column":13},"end":{"line":34,"column":5}},"8":{"start":{"line":13,"column":4},"end":{"line":33,"column":16}},"9":{"start":{"line":14,"column":6},"end":{"line":32,"column":7}},"10":{"start":{"line":14,"column":16},"end":{"line":32,"column":7}},"11":{"start":{"line":16,"column":10},"end":{"line":19,"column":11}},"12":{"start":{"line":17,"column":12},"end":{"line":17,"column":30}},"13":{"start":{"line":18,"column":12},"end":{"line":18,"column":18}},"14":{"start":{"line":20,"column":10},"end":{"line":20,"column":28}},"15":{"start":{"line":21,"column":10},"end":{"line":21,"column":51}},"16":{"start":{"line":23,"column":10},"end":{"line":23,"column":58}},"17":{"start":{"line":25,"column":10},"end":{"line":28,"column":13}},"18":{"start":{"line":31,"column":10},"end":{"line":31,"column":33}},"19":{"start":{"line":35,"column":2},"end":{"line":37,"column":4}},"20":{"start":{"line":36,"column":4},"end":{"line":36,"column":39}},"21":{"start":{"line":39,"column":0},"end":{"line":66,"column":5}},"22":{"start":{"line":40,"column":14},"end":{"line":62,"column":5}},"23":{"start":{"line":41,"column":4},"end":{"line":61,"column":17}},"24":{"start":{"line":42,"column":6},"end":{"line":60,"column":7}},"25":{"start":{"line":42,"column":16},"end":{"line":60,"column":7}},"26":{"start":{"line":44,"column":10},"end":{"line":47,"column":11}},"27":{"start":{"line":45,"column":12},"end":{"line":45,"column":31}},"28":{"start":{"line":46,"column":12},"end":{"line":46,"column":18}},"29":{"start":{"line":48,"column":10},"end":{"line":48,"column":29}},"30":{"start":{"line":49,"column":10},"end":{"line":49,"column":53}},"31":{"start":{"line":51,"column":10},"end":{"line":51,"column":60}},"32":{"start":{"line":53,"column":10},"end":{"line":56,"column":13}},"33":{"start":{"line":59,"column":10},"end":{"line":59,"column":34}},"34":{"start":{"line":63,"column":2},"end":{"line":65,"column":4}},"35":{"start":{"line":64,"column":4},"end":{"line":64,"column":40}},"36":{"start":{"line":67,"column":0},"end":{"line":94,"column":5}},"37":{"start":{"line":68,"column":14},"end":{"line":90,"column":5}},"38":{"start":{"line":69,"column":4},"end":{"line":89,"column":17}},"39":{"start":{"line":70,"column":6},"end":{"line":88,"column":7}},"40":{"start":{"line":70,"column":16},"end":{"line":88,"column":7}},"41":{"start":{"line":72,"column":10},"end":{"line":75,"column":11}},"42":{"start":{"line":73,"column":12},"end":{"line":73,"column":31}},"43":{"start":{"line":74,"column":12},"end":{"line":74,"column":18}},"44":{"start":{"line":76,"column":10},"end":{"line":76,"column":29}},"45":{"start":{"line":77,"column":10},"end":{"line":77,"column":51}},"46":{"start":{"line":79,"column":10},"end":{"line":79,"column":60}},"47":{"start":{"line":81,"column":10},"end":{"line":84,"column":13}},"48":{"start":{"line":87,"column":10},"end":{"line":87,"column":34}},"49":{"start":{"line":91,"column":2},"end":{"line":93,"column":4}},"50":{"start":{"line":92,"column":4},"end":{"line":92,"column":40}},"51":{"start":{"line":95,"column":0},"end":{"line":122,"column":5}},"52":{"start":{"line":96,"column":14},"end":{"line":118,"column":5}},"53":{"start":{"line":97,"column":4},"end":{"line":117,"column":17}},"54":{"start":{"line":98,"column":6},"end":{"line":116,"column":7}},"55":{"start":{"line":98,"column":16},"end":{"line":116,"column":7}},"56":{"start":{"line":100,"column":10},"end":{"line":103,"column":11}},"57":{"start":{"line":101,"column":12},"end":{"line":101,"column":31}},"58":{"start":{"line":102,"column":12},"end":{"line":102,"column":18}},"59":{"start":{"line":104,"column":10},"end":{"line":104,"column":29}},"60":{"start":{"line":105,"column":10},"end":{"line":105,"column":51}},"61":{"start":{"line":107,"column":10},"end":{"line":107,"column":60}},"62":{"start":{"line":109,"column":10},"end":{"line":112,"column":13}},"63":{"start":{"line":115,"column":10},"end":{"line":115,"column":34}},"64":{"start":{"line":119,"column":2},"end":{"line":121,"column":4}},"65":{"start":{"line":120,"column":4},"end":{"line":120,"column":40}},"66":{"start":{"line":123,"column":0},"end":{"line":150,"column":5}},"67":{"start":{"line":124,"column":14},"end":{"line":146,"column":5}},"68":{"start":{"line":125,"column":4},"end":{"line":145,"column":17}},"69":{"start":{"line":126,"column":6},"end":{"line":144,"column":7}},"70":{"start":{"line":126,"column":16},"end":{"line":144,"column":7}},"71":{"start":{"line":128,"column":10},"end":{"line":131,"column":11}},"72":{"start":{"line":129,"column":12},"end":{"line":129,"column":31}},"73":{"start":{"line":130,"column":12},"end":{"line":130,"column":18}},"74":{"start":{"line":132,"column":10},"end":{"line":132,"column":29}},"75":{"start":{"line":133,"column":10},"end":{"line":133,"column":54}},"76":{"start":{"line":135,"column":10},"end":{"line":135,"column":60}},"77":{"start":{"line":137,"column":10},"end":{"line":140,"column":13}},"78":{"start":{"line":143,"column":10},"end":{"line":143,"column":34}},"79":{"start":{"line":147,"column":2},"end":{"line":149,"column":4}},"80":{"start":{"line":148,"column":4},"end":{"line":148,"column":40}},"81":{"start":{"line":151,"column":0},"end":{"line":178,"column":5}},"82":{"start":{"line":152,"column":14},"end":{"line":174,"column":5}},"83":{"start":{"line":153,"column":4},"end":{"line":173,"column":17}},"84":{"start":{"line":154,"column":6},"end":{"line":172,"column":7}},"85":{"start":{"line":154,"column":16},"end":{"line":172,"column":7}},"86":{"start":{"line":156,"column":10},"end":{"line":159,"column":11}},"87":{"start":{"line":157,"column":12},"end":{"line":157,"column":31}},"88":{"start":{"line":158,"column":12},"end":{"line":158,"column":18}},"89":{"start":{"line":160,"column":10},"end":{"line":160,"column":29}},"90":{"start":{"line":161,"column":10},"end":{"line":161,"column":53}},"91":{"start":{"line":163,"column":10},"end":{"line":163,"column":60}},"92":{"start":{"line":165,"column":10},"end":{"line":168,"column":13}},"93":{"start":{"line":171,"column":10},"end":{"line":171,"column":34}},"94":{"start":{"line":175,"column":2},"end":{"line":177,"column":4}},"95":{"start":{"line":176,"column":4},"end":{"line":176,"column":40}},"96":{"start":{"line":179,"column":0},"end":{"line":197,"column":5}},"97":{"start":{"line":180,"column":14},"end":{"line":193,"column":5}},"98":{"start":{"line":181,"column":4},"end":{"line":192,"column":17}},"99":{"start":{"line":182,"column":6},"end":{"line":191,"column":7}},"100":{"start":{"line":182,"column":16},"end":{"line":191,"column":7}},"101":{"start":{"line":184,"column":10},"end":{"line":184,"column":29}},"102":{"start":{"line":185,"column":10},"end":{"line":185,"column":47}},"103":{"start":{"line":187,"column":10},"end":{"line":187,"column":60}},"104":{"start":{"line":190,"column":10},"end":{"line":190,"column":34}},"105":{"start":{"line":194,"column":2},"end":{"line":196,"column":4}},"106":{"start":{"line":195,"column":4},"end":{"line":195,"column":40}},"107":{"start":{"line":203,"column":0},"end":{"line":205,"column":3}},"108":{"start":{"line":204,"column":2},"end":{"line":204,"column":39}},"109":{"start":{"line":206,"column":0},"end":{"line":206,"column":24}}},"fnMap":{"0":{"name":"(anonymous_0)","decl":{"start":{"line":11,"column":38},"end":{"line":11,"column":39}},"loc":{"start":{"line":11,"column":50},"end":{"line":38,"column":1}},"line":11},"1":{"name":"_callee","decl":{"start":{"line":12,"column":100},"end":{"line":12,"column":107}},"loc":{"start":{"line":12,"column":124},"end":{"line":34,"column":3}},"line":12},"2":{"name":"_callee$","decl":{"start":{"line":13,"column":49},"end":{"line":13,"column":57}},"loc":{"start":{"line":13,"column":68},"end":{"line":33,"column":5}},"line":13},"3":{"name":"(anonymous_3)","decl":{"start":{"line":35,"column":9},"end":{"line":35,"column":10}},"loc":{"start":{"line":35,"column":33},"end":{"line":37,"column":3}},"line":35},"4":{"name":"(anonymous_4)","decl":{"start":{"line":39,"column":40},"end":{"line":39,"column":41}},"loc":{"start":{"line":39,"column":52},"end":{"line":66,"column":1}},"line":39},"5":{"name":"_callee2","decl":{"start":{"line":40,"column":101},"end":{"line":40,"column":109}},"loc":{"start":{"line":40,"column":120},"end":{"line":62,"column":3}},"line":40},"6":{"name":"_callee2$","decl":{"start":{"line":41,"column":49},"end":{"line":41,"column":58}},"loc":{"start":{"line":41,"column":70},"end":{"line":61,"column":5}},"line":41},"7":{"name":"(anonymous_7)","decl":{"start":{"line":63,"column":9},"end":{"line":63,"column":10}},"loc":{"start":{"line":63,"column":29},"end":{"line":65,"column":3}},"line":63},"8":{"name":"(anonymous_8)","decl":{"start":{"line":67,"column":42},"end":{"line":67,"column":43}},"loc":{"start":{"line":67,"column":54},"end":{"line":94,"column":1}},"line":67},"9":{"name":"_callee3","decl":{"start":{"line":68,"column":101},"end":{"line":68,"column":109}},"loc":{"start":{"line":68,"column":120},"end":{"line":90,"column":3}},"line":68},"10":{"name":"_callee3$","decl":{"start":{"line":69,"column":49},"end":{"line":69,"column":58}},"loc":{"start":{"line":69,"column":70},"end":{"line":89,"column":5}},"line":69},"11":{"name":"(anonymous_11)","decl":{"start":{"line":91,"column":9},"end":{"line":91,"column":10}},"loc":{"start":{"line":91,"column":29},"end":{"line":93,"column":3}},"line":91},"12":{"name":"(anonymous_12)","decl":{"start":{"line":95,"column":42},"end":{"line":95,"column":43}},"loc":{"start":{"line":95,"column":54},"end":{"line":122,"column":1}},"line":95},"13":{"name":"_callee4","decl":{"start":{"line":96,"column":101},"end":{"line":96,"column":109}},"loc":{"start":{"line":96,"column":120},"end":{"line":118,"column":3}},"line":96},"14":{"name":"_callee4$","decl":{"start":{"line":97,"column":49},"end":{"line":97,"column":58}},"loc":{"start":{"line":97,"column":70},"end":{"line":117,"column":5}},"line":97},"15":{"name":"(anonymous_15)","decl":{"start":{"line":119,"column":9},"end":{"line":119,"column":10}},"loc":{"start":{"line":119,"column":29},"end":{"line":121,"column":3}},"line":119},"16":{"name":"(anonymous_16)","decl":{"start":{"line":123,"column":45},"end":{"line":123,"column":46}},"loc":{"start":{"line":123,"column":57},"end":{"line":150,"column":1}},"line":123},"17":{"name":"_callee5","decl":{"start":{"line":124,"column":101},"end":{"line":124,"column":109}},"loc":{"start":{"line":124,"column":120},"end":{"line":146,"column":3}},"line":124},"18":{"name":"_callee5$","decl":{"start":{"line":125,"column":49},"end":{"line":125,"column":58}},"loc":{"start":{"line":125,"column":70},"end":{"line":145,"column":5}},"line":125},"19":{"name":"(anonymous_19)","decl":{"start":{"line":147,"column":9},"end":{"line":147,"column":10}},"loc":{"start":{"line":147,"column":31},"end":{"line":149,"column":3}},"line":147},"20":{"name":"(anonymous_20)","decl":{"start":{"line":151,"column":44},"end":{"line":151,"column":45}},"loc":{"start":{"line":151,"column":56},"end":{"line":178,"column":1}},"line":151},"21":{"name":"_callee6","decl":{"start":{"line":152,"column":101},"end":{"line":152,"column":109}},"loc":{"start":{"line":152,"column":120},"end":{"line":174,"column":3}},"line":152},"22":{"name":"_callee6$","decl":{"start":{"line":153,"column":49},"end":{"line":153,"column":58}},"loc":{"start":{"line":153,"column":70},"end":{"line":173,"column":5}},"line":153},"23":{"name":"(anonymous_23)","decl":{"start":{"line":175,"column":9},"end":{"line":175,"column":10}},"loc":{"start":{"line":175,"column":31},"end":{"line":177,"column":3}},"line":175},"24":{"name":"(anonymous_24)","decl":{"start":{"line":179,"column":30},"end":{"line":179,"column":31}},"loc":{"start":{"line":179,"column":42},"end":{"line":197,"column":1}},"line":179},"25":{"name":"_callee7","decl":{"start":{"line":180,"column":101},"end":{"line":180,"column":109}},"loc":{"start":{"line":180,"column":126},"end":{"line":193,"column":3}},"line":180},"26":{"name":"_callee7$","decl":{"start":{"line":181,"column":49},"end":{"line":181,"column":58}},"loc":{"start":{"line":181,"column":70},"end":{"line":192,"column":5}},"line":181},"27":{"name":"(anonymous_27)","decl":{"start":{"line":194,"column":9},"end":{"line":194,"column":10}},"loc":{"start":{"line":194,"column":37},"end":{"line":196,"column":3}},"line":194},"28":{"name":"(anonymous_28)","decl":{"start":{"line":203,"column":16},"end":{"line":203,"column":17}},"loc":{"start":{"line":203,"column":42},"end":{"line":205,"column":1}},"line":203}},"branchMap":{"0":{"loc":{"start":{"line":14,"column":16},"end":{"line":32,"column":7}},"type":"switch","locations":[{"start":{"line":15,"column":8},"end":{"line":21,"column":51}},{"start":{"line":22,"column":8},"end":{"line":23,"column":58}},{"start":{"line":24,"column":8},"end":{"line":28,"column":13}},{"start":{"line":29,"column":8},"end":{"line":29,"column":15}},{"start":{"line":30,"column":8},"end":{"line":31,"column":33}}],"line":14},"1":{"loc":{"start":{"line":16,"column":10},"end":{"line":19,"column":11}},"type":"if","locations":[{"start":{"line":16,"column":10},"end":{"line":19,"column":11}},{"start":{"line":16,"column":10},"end":{"line":19,"column":11}}],"line":16},"2":{"loc":{"start":{"line":16,"column":16},"end":{"line":16,"column":45}},"type":"binary-expr","locations":[{"start":{"line":16,"column":16},"end":{"line":16,"column":27}},{"start":{"line":16,"column":31},"end":{"line":16,"column":45}}],"line":16},"3":{"loc":{"start":{"line":42,"column":16},"end":{"line":60,"column":7}},"type":"switch","locations":[{"start":{"line":43,"column":8},"end":{"line":49,"column":53}},{"start":{"line":50,"column":8},"end":{"line":51,"column":60}},{"start":{"line":52,"column":8},"end":{"line":56,"column":13}},{"start":{"line":57,"column":8},"end":{"line":57,"column":15}},{"start":{"line":58,"column":8},"end":{"line":59,"column":34}}],"line":42},"4":{"loc":{"start":{"line":44,"column":10},"end":{"line":47,"column":11}},"type":"if","locations":[{"start":{"line":44,"column":10},"end":{"line":47,"column":11}},{"start":{"line":44,"column":10},"end":{"line":47,"column":11}}],"line":44},"5":{"loc":{"start":{"line":44,"column":16},"end":{"line":44,"column":45}},"type":"binary-expr","locations":[{"start":{"line":44,"column":16},"end":{"line":44,"column":27}},{"start":{"line":44,"column":31},"end":{"line":44,"column":45}}],"line":44},"6":{"loc":{"start":{"line":70,"column":16},"end":{"line":88,"column":7}},"type":"switch","locations":[{"start":{"line":71,"column":8},"end":{"line":77,"column":51}},{"start":{"line":78,"column":8},"end":{"line":79,"column":60}},{"start":{"line":80,"column":8},"end":{"line":84,"column":13}},{"start":{"line":85,"column":8},"end":{"line":85,"column":15}},{"start":{"line":86,"column":8},"end":{"line":87,"column":34}}],"line":70},"7":{"loc":{"start":{"line":72,"column":10},"end":{"line":75,"column":11}},"type":"if","locations":[{"start":{"line":72,"column":10},"end":{"line":75,"column":11}},{"start":{"line":72,"column":10},"end":{"line":75,"column":11}}],"line":72},"8":{"loc":{"start":{"line":72,"column":16},"end":{"line":72,"column":45}},"type":"binary-expr","locations":[{"start":{"line":72,"column":16},"end":{"line":72,"column":27}},{"start":{"line":72,"column":31},"end":{"line":72,"column":45}}],"line":72},"9":{"loc":{"start":{"line":98,"column":16},"end":{"line":116,"column":7}},"type":"switch","locations":[{"start":{"line":99,"column":8},"end":{"line":105,"column":51}},{"start":{"line":106,"column":8},"end":{"line":107,"column":60}},{"start":{"line":108,"column":8},"end":{"line":112,"column":13}},{"start":{"line":113,"column":8},"end":{"line":113,"column":15}},{"start":{"line":114,"column":8},"end":{"line":115,"column":34}}],"line":98},"10":{"loc":{"start":{"line":100,"column":10},"end":{"line":103,"column":11}},"type":"if","locations":[{"start":{"line":100,"column":10},"end":{"line":103,"column":11}},{"start":{"line":100,"column":10},"end":{"line":103,"column":11}}],"line":100},"11":{"loc":{"start":{"line":100,"column":16},"end":{"line":100,"column":45}},"type":"binary-expr","locations":[{"start":{"line":100,"column":16},"end":{"line":100,"column":27}},{"start":{"line":100,"column":31},"end":{"line":100,"column":45}}],"line":100},"12":{"loc":{"start":{"line":126,"column":16},"end":{"line":144,"column":7}},"type":"switch","locations":[{"start":{"line":127,"column":8},"end":{"line":133,"column":54}},{"start":{"line":134,"column":8},"end":{"line":135,"column":60}},{"start":{"line":136,"column":8},"end":{"line":140,"column":13}},{"start":{"line":141,"column":8},"end":{"line":141,"column":15}},{"start":{"line":142,"column":8},"end":{"line":143,"column":34}}],"line":126},"13":{"loc":{"start":{"line":128,"column":10},"end":{"line":131,"column":11}},"type":"if","locations":[{"start":{"line":128,"column":10},"end":{"line":131,"column":11}},{"start":{"line":128,"column":10},"end":{"line":131,"column":11}}],"line":128},"14":{"loc":{"start":{"line":128,"column":16},"end":{"line":128,"column":45}},"type":"binary-expr","locations":[{"start":{"line":128,"column":16},"end":{"line":128,"column":27}},{"start":{"line":128,"column":31},"end":{"line":128,"column":45}}],"line":128},"15":{"loc":{"start":{"line":154,"column":16},"end":{"line":172,"column":7}},"type":"switch","locations":[{"start":{"line":155,"column":8},"end":{"line":161,"column":53}},{"start":{"line":162,"column":8},"end":{"line":163,"column":60}},{"start":{"line":164,"column":8},"end":{"line":168,"column":13}},{"start":{"line":169,"column":8},"end":{"line":169,"column":15}},{"start":{"line":170,"column":8},"end":{"line":171,"column":34}}],"line":154},"16":{"loc":{"start":{"line":156,"column":10},"end":{"line":159,"column":11}},"type":"if","locations":[{"start":{"line":156,"column":10},"end":{"line":159,"column":11}},{"start":{"line":156,"column":10},"end":{"line":159,"column":11}}],"line":156},"17":{"loc":{"start":{"line":156,"column":16},"end":{"line":156,"column":45}},"type":"binary-expr","locations":[{"start":{"line":156,"column":16},"end":{"line":156,"column":27}},{"start":{"line":156,"column":31},"end":{"line":156,"column":45}}],"line":156},"18":{"loc":{"start":{"line":182,"column":16},"end":{"line":191,"column":7}},"type":"switch","locations":[{"start":{"line":183,"column":8},"end":{"line":185,"column":47}},{"start":{"line":186,"column":8},"end":{"line":187,"column":60}},{"start":{"line":188,"column":8},"end":{"line":188,"column":15}},{"start":{"line":189,"column":8},"end":{"line":190,"column":34}}],"line":182}},"s":{"0":1,"1":1,"2":1,"3":1,"4":1,"5":1,"6":1,"7":1,"8":12,"9":32,"10":34,"11":12,"12":2,"13":2,"14":10,"15":10,"16":10,"17":2,"18":12,"19":1,"20":12,"21":1,"22":1,"23":11,"24":29,"25":31,"26":11,"27":2,"28":2,"29":9,"30":9,"31":9,"32":2,"33":11,"34":1,"35":11,"36":1,"37":1,"38":6,"39":14,"40":16,"41":6,"42":2,"43":2,"44":4,"45":4,"46":4,"47":2,"48":6,"49":1,"50":6,"51":1,"52":1,"53":5,"54":11,"55":13,"56":5,"57":2,"58":2,"59":3,"60":3,"61":3,"62":2,"63":5,"64":1,"65":5,"66":1,"67":1,"68":5,"69":11,"70":13,"71":5,"72":2,"73":2,"74":3,"75":3,"76":3,"77":2,"78":5,"79":1,"80":5,"81":1,"82":1,"83":7,"84":13,"85":17,"86":7,"87":4,"88":4,"89":3,"90":3,"91":3,"92":4,"93":7,"94":1,"95":7,"96":1,"97":1,"98":82,"99":244,"100":244,"101":82,"102":82,"103":80,"104":82,"105":1,"106":82,"107":1,"108":38,"109":1},"f":{"0":1,"1":12,"2":32,"3":12,"4":1,"5":11,"6":29,"7":11,"8":1,"9":6,"10":14,"11":6,"12":1,"13":5,"14":11,"15":5,"16":1,"17":5,"18":11,"19":5,"20":1,"21":7,"22":13,"23":7,"24":1,"25":82,"26":244,"27":82,"28":38},"b":{"0":[12,10,2,2,12],"1":[2,10],"2":[12,11],"3":[11,9,2,2,11],"4":[2,9],"5":[11,10],"6":[6,4,2,2,6],"7":[2,4],"8":[6,5],"9":[5,3,2,2,5],"10":[2,3],"11":[5,4],"12":[5,3,2,2,5],"13":[2,3],"14":[5,4],"15":[7,3,4,4,7],"16":[4,3],"17":[7,5],"18":[82,80,0,82]},"inputSourceMap":{"version":3,"names":["express","require","router","Router","userMethod","post","req","res","next","body","id","token","findUserById","status","json","code","msg","updateUserInfo","updateGenres","updateAvatar","updateFavMovies","resetFavGenres","register","get","findUser","module","exports"],"sourceRoot":"C:\\Users\\Gasshow\\Documents\\学习\\学习资料\\大四上\\webApp\\reacBackend\\routes\\","sources":["users.js"],"sourcesContent":["var express = require('express');\nvar router = express.Router();\nconst userMethod = require(\"../api/users/index\")\n\n/* GET home page. */\nrouter.post('/userInfo', async function(req, res, next) {\n  if(req.body.id && req.body.token) {\n    return await userMethod.findUserById(req, res)\n  }\n    else {\n      res.status(401).json({ code: 401, msg: 'Authentication failed. Invalid token' });\n    }\n  // const result = await userMethod.findUser()\n  // res.send(result)\n});\n\nrouter.post(\"/updateInfo\", async function(req, res) {\n  if(req.body.id && req.body.token) {\n    return await userMethod.updateUserInfo(req, res)\n  }\n  else {\n    res.status(401).json({ code: 401, msg: 'Authentication failed. Invalid token' });\n  }\n})\n\nrouter.post(\"/updateGenres\", async function(req, res) {\n  if(req.body.id && req.body.token) {\n    return await userMethod.updateGenres(req, res)\n  }\n  else {\n    res.status(401).json({ code: 401, msg: 'Authentication failed. Invalid token' });\n  }\n})\n\nrouter.post(\"/updateAvatar\", async function(req, res) {\n  if(req.body.id && req.body.token) {\n    return await userMethod.updateAvatar(req, res)\n  }\n  else {\n    res.status(401).json({ code: 401, msg: 'Authentication failed. Invalid token' });\n  }\n}) \n\nrouter.post(\"/updateFavMovies\", async function(req, res) {\n  if(req.body.id && req.body.token) {\n    return await userMethod.updateFavMovies(req, res)\n  }\n  else {\n    res.status(401).json({ code: 401, msg: 'Authentication failed. Invalid token' });\n  }\n}) \n\nrouter.post(\"/resetFavGenres\", async function(req, res) {\n  if(req.body.id && req.body.token) {\n    return await userMethod.resetFavGenres(req, res)\n  }\n  else {\n    res.status(401).json({ code: 401, msg: 'Authentication failed. Invalid token' });\n  }\n}) \n\nrouter.post('/', async function(req, res, next) {\n  return await userMethod.register(req, res)\n});\n\n// router.post('/:id', function(req, res, next) {\n//   return userMethod.updateUserInfo(req, res)\n// });\n\nrouter.get('/', function(req, res, next) {\n  return userMethod.findUser(req, res)\n});\n\n\nmodule.exports = router;\n"],"mappings":";;;;;AAAA,IAAIA,OAAO,GAAGC,OAAO,CAAC,SAAS,CAAC;AAChC,IAAIC,MAAM,GAAGF,OAAO,CAACG,MAAM,EAAE;AAC7B,IAAMC,UAAU,GAAGH,OAAO,CAAC,oBAAoB,CAAC;;AAEhD;AACAC,MAAM,CAACG,IAAI,CAAC,WAAW;EAAA,yFAAE,iBAAeC,GAAG,EAAEC,GAAG,EAAEC,IAAI;IAAA;MAAA;QAAA;UAAA,MACjDF,GAAG,CAACG,IAAI,CAACC,EAAE,IAAIJ,GAAG,CAACG,IAAI,CAACE,KAAK;YAAA;YAAA;UAAA;UAAA;UAAA,OACjBP,UAAU,CAACQ,YAAY,CAACN,GAAG,EAAEC,GAAG,CAAC;QAAA;UAAA;QAAA;UAG5CA,GAAG,CAACM,MAAM,CAAC,GAAG,CAAC,CAACC,IAAI,CAAC;YAAEC,IAAI,EAAE,GAAG;YAAEC,GAAG,EAAE;UAAuC,CAAC,CAAC;QAAC;QAAA;UAAA;MAAA;IAAA;EAAA,CAItF;EAAA;IAAA;EAAA;AAAA,IAAC;AAEFd,MAAM,CAACG,IAAI,CAAC,aAAa;EAAA,0FAAE,kBAAeC,GAAG,EAAEC,GAAG;IAAA;MAAA;QAAA;UAAA,MAC7CD,GAAG,CAACG,IAAI,CAACC,EAAE,IAAIJ,GAAG,CAACG,IAAI,CAACE,KAAK;YAAA;YAAA;UAAA;UAAA;UAAA,OACjBP,UAAU,CAACa,cAAc,CAACX,GAAG,EAAEC,GAAG,CAAC;QAAA;UAAA;QAAA;UAGhDA,GAAG,CAACM,MAAM,CAAC,GAAG,CAAC,CAACC,IAAI,CAAC;YAAEC,IAAI,EAAE,GAAG;YAAEC,GAAG,EAAE;UAAuC,CAAC,CAAC;QAAC;QAAA;UAAA;MAAA;IAAA;EAAA,CAEpF;EAAA;IAAA;EAAA;AAAA,IAAC;AAEFd,MAAM,CAACG,IAAI,CAAC,eAAe;EAAA,0FAAE,kBAAeC,GAAG,EAAEC,GAAG;IAAA;MAAA;QAAA;UAAA,MAC/CD,GAAG,CAACG,IAAI,CAACC,EAAE,IAAIJ,GAAG,CAACG,IAAI,CAACE,KAAK;YAAA;YAAA;UAAA;UAAA;UAAA,OACjBP,UAAU,CAACc,YAAY,CAACZ,GAAG,EAAEC,GAAG,CAAC;QAAA;UAAA;QAAA;UAG9CA,GAAG,CAACM,MAAM,CAAC,GAAG,CAAC,CAACC,IAAI,CAAC;YAAEC,IAAI,EAAE,GAAG;YAAEC,GAAG,EAAE;UAAuC,CAAC,CAAC;QAAC;QAAA;UAAA;MAAA;IAAA;EAAA,CAEpF;EAAA;IAAA;EAAA;AAAA,IAAC;AAEFd,MAAM,CAACG,IAAI,CAAC,eAAe;EAAA,0FAAE,kBAAeC,GAAG,EAAEC,GAAG;IAAA;MAAA;QAAA;UAAA,MAC/CD,GAAG,CAACG,IAAI,CAACC,EAAE,IAAIJ,GAAG,CAACG,IAAI,CAACE,KAAK;YAAA;YAAA;UAAA;UAAA;UAAA,OACjBP,UAAU,CAACe,YAAY,CAACb,GAAG,EAAEC,GAAG,CAAC;QAAA;UAAA;QAAA;UAG9CA,GAAG,CAACM,MAAM,CAAC,GAAG,CAAC,CAACC,IAAI,CAAC;YAAEC,IAAI,EAAE,GAAG;YAAEC,GAAG,EAAE;UAAuC,CAAC,CAAC;QAAC;QAAA;UAAA;MAAA;IAAA;EAAA,CAEpF;EAAA;IAAA;EAAA;AAAA,IAAC;AAEFd,MAAM,CAACG,IAAI,CAAC,kBAAkB;EAAA,0FAAE,kBAAeC,GAAG,EAAEC,GAAG;IAAA;MAAA;QAAA;UAAA,MAClDD,GAAG,CAACG,IAAI,CAACC,EAAE,IAAIJ,GAAG,CAACG,IAAI,CAACE,KAAK;YAAA;YAAA;UAAA;UAAA;UAAA,OACjBP,UAAU,CAACgB,eAAe,CAACd,GAAG,EAAEC,GAAG,CAAC;QAAA;UAAA;QAAA;UAGjDA,GAAG,CAACM,MAAM,CAAC,GAAG,CAAC,CAACC,IAAI,CAAC;YAAEC,IAAI,EAAE,GAAG;YAAEC,GAAG,EAAE;UAAuC,CAAC,CAAC;QAAC;QAAA;UAAA;MAAA;IAAA;EAAA,CAEpF;EAAA;IAAA;EAAA;AAAA,IAAC;AAEFd,MAAM,CAACG,IAAI,CAAC,iBAAiB;EAAA,0FAAE,kBAAeC,GAAG,EAAEC,GAAG;IAAA;MAAA;QAAA;UAAA,MACjDD,GAAG,CAACG,IAAI,CAACC,EAAE,IAAIJ,GAAG,CAACG,IAAI,CAACE,KAAK;YAAA;YAAA;UAAA;UAAA;UAAA,OACjBP,UAAU,CAACiB,cAAc,CAACf,GAAG,EAAEC,GAAG,CAAC;QAAA;UAAA;QAAA;UAGhDA,GAAG,CAACM,MAAM,CAAC,GAAG,CAAC,CAACC,IAAI,CAAC;YAAEC,IAAI,EAAE,GAAG;YAAEC,GAAG,EAAE;UAAuC,CAAC,CAAC;QAAC;QAAA;UAAA;MAAA;IAAA;EAAA,CAEpF;EAAA;IAAA;EAAA;AAAA,IAAC;AAEFd,MAAM,CAACG,IAAI,CAAC,GAAG;EAAA,0FAAE,kBAAeC,GAAG,EAAEC,GAAG,EAAEC,IAAI;IAAA;MAAA;QAAA;UAAA;UAAA,OAC/BJ,UAAU,CAACkB,QAAQ,CAAChB,GAAG,EAAEC,GAAG,CAAC;QAAA;UAAA;QAAA;QAAA;UAAA;MAAA;IAAA;EAAA,CAC3C;EAAA;IAAA;EAAA;AAAA,IAAC;;AAEF;AACA;AACA;;AAEAL,MAAM,CAACqB,GAAG,CAAC,GAAG,EAAE,UAASjB,GAAG,EAAEC,GAAG,EAAEC,IAAI,EAAE;EACvC,OAAOJ,UAAU,CAACoB,QAAQ,CAAClB,GAAG,EAAEC,GAAG,CAAC;AACtC,CAAC,CAAC;AAGFkB,MAAM,CAACC,OAAO,GAAGxB,MAAM"},"_coverageSchema":"1a1c01bbd47fc00a2c39e90264f33305004495a9","hash":"b04ebe59e2567f19a62cbda387579f9169122f74","contentHash":"d61ec9c0b1ae9fa6a29a32d144b2c234a35290d604e099cdb34b71b01d045057"},"C:\\Users\\Gasshow\\Documents\\学习\\学习资料\\大四上\\webApp\\reacBackend\\api\\users\\index.js":{"path":"C:\\Users\\Gasshow\\Documents\\学习\\学习资料\\大四上\\webApp\\reacBackend\\api\\users\\index.js","statementMap":{"0":{"start":{"line":3,"column":29},"end":{"line":3,"column":84}},"1":{"start":{"line":4,"column":19},"end":{"line":4,"column":80}},"2":{"start":{"line":5,"column":25},"end":{"line":5,"column":99}},"3":{"start":{"line":6,"column":11},"end":{"line":6,"column":33}},"4":{"start":{"line":7,"column":13},"end":{"line":7,"column":30}},"5":{"start":{"line":8,"column":10},"end":{"line":8,"column":33}},"6":{"start":{"line":9,"column":11},"end":{"line":9,"column":35}},"7":{"start":{"line":10,"column":10},"end":{"line":10,"column":50}},"8":{"start":{"line":11,"column":14},"end":{"line":11,"column":83}},"9":{"start":{"line":14,"column":0},"end":{"line":34,"column":4}},"10":{"start":{"line":15,"column":13},"end":{"line":30,"column":5}},"11":{"start":{"line":17,"column":4},"end":{"line":29,"column":16}},"12":{"start":{"line":18,"column":6},"end":{"line":28,"column":7}},"13":{"start":{"line":18,"column":16},"end":{"line":28,"column":7}},"14":{"start":{"line":20,"column":10},"end":{"line":20,"column":28}},"15":{"start":{"line":21,"column":10},"end":{"line":21,"column":29}},"16":{"start":{"line":23,"column":10},"end":{"line":23,"column":32}},"17":{"start":{"line":24,"column":10},"end":{"line":24,"column":38}},"18":{"start":{"line":27,"column":10},"end":{"line":27,"column":33}},"19":{"start":{"line":31,"column":2},"end":{"line":33,"column":4}},"20":{"start":{"line":32,"column":4},"end":{"line":32,"column":39}},"21":{"start":{"line":35,"column":0},"end":{"line":69,"column":4}},"22":{"start":{"line":36,"column":14},"end":{"line":65,"column":5}},"23":{"start":{"line":38,"column":4},"end":{"line":64,"column":17}},"24":{"start":{"line":39,"column":6},"end":{"line":63,"column":7}},"25":{"start":{"line":39,"column":16},"end":{"line":63,"column":7}},"26":{"start":{"line":41,"column":10},"end":{"line":41,"column":27}},"27":{"start":{"line":42,"column":10},"end":{"line":42,"column":33}},"28":{"start":{"line":43,"column":10},"end":{"line":43,"column":29}},"29":{"start":{"line":44,"column":10},"end":{"line":44,"column":39}},"30":{"start":{"line":46,"column":10},"end":{"line":46,"column":32}},"31":{"start":{"line":47,"column":10},"end":{"line":50,"column":11}},"32":{"start":{"line":48,"column":12},"end":{"line":48,"column":31}},"33":{"start":{"line":49,"column":12},"end":{"line":49,"column":18}},"34":{"start":{"line":51,"column":10},"end":{"line":54,"column":14}},"35":{"start":{"line":56,"column":10},"end":{"line":59,"column":14}},"36":{"start":{"line":62,"column":10},"end":{"line":62,"column":34}},"37":{"start":{"line":66,"column":2},"end":{"line":68,"column":4}},"38":{"start":{"line":67,"column":4},"end":{"line":67,"column":40}},"39":{"start":{"line":72,"column":0},"end":{"line":183,"column":4}},"40":{"start":{"line":73,"column":14},"end":{"line":179,"column":5}},"41":{"start":{"line":75,"column":4},"end":{"line":178,"column":17}},"42":{"start":{"line":76,"column":6},"end":{"line":177,"column":7}},"43":{"start":{"line":76,"column":16},"end":{"line":177,"column":7}},"44":{"start":{"line":78,"column":10},"end":{"line":81,"column":11}},"45":{"start":{"line":79,"column":12},"end":{"line":79,"column":31}},"46":{"start":{"line":80,"column":12},"end":{"line":80,"column":18}},"47":{"start":{"line":82,"column":10},"end":{"line":85,"column":13}},"48":{"start":{"line":86,"column":10},"end":{"line":86,"column":52}},"49":{"start":{"line":88,"column":10},"end":{"line":91,"column":11}},"50":{"start":{"line":89,"column":12},"end":{"line":89,"column":32}},"51":{"start":{"line":90,"column":12},"end":{"line":90,"column":18}},"52":{"start":{"line":92,"column":10},"end":{"line":95,"column":11}},"53":{"start":{"line":93,"column":12},"end":{"line":93,"column":31}},"54":{"start":{"line":94,"column":12},"end":{"line":94,"column":18}},"55":{"start":{"line":96,"column":10},"end":{"line":99,"column":14}},"56":{"start":{"line":101,"column":10},"end":{"line":104,"column":11}},"57":{"start":{"line":102,"column":12},"end":{"line":102,"column":32}},"58":{"start":{"line":103,"column":12},"end":{"line":103,"column":18}},"59":{"start":{"line":105,"column":10},"end":{"line":130,"column":13}},"60":{"start":{"line":106,"column":12},"end":{"line":129,"column":17}},"61":{"start":{"line":107,"column":26},"end":{"line":125,"column":17}},"62":{"start":{"line":108,"column":16},"end":{"line":124,"column":29}},"63":{"start":{"line":109,"column":18},"end":{"line":123,"column":19}},"64":{"start":{"line":109,"column":28},"end":{"line":123,"column":19}},"65":{"start":{"line":111,"column":22},"end":{"line":114,"column":23}},"66":{"start":{"line":112,"column":24},"end":{"line":112,"column":43}},"67":{"start":{"line":113,"column":24},"end":{"line":113,"column":30}},"68":{"start":{"line":115,"column":22},"end":{"line":115,"column":61}},"69":{"start":{"line":117,"column":22},"end":{"line":117,"column":47}},"70":{"start":{"line":118,"column":22},"end":{"line":118,"column":41}},"71":{"start":{"line":119,"column":22},"end":{"line":119,"column":51}},"72":{"start":{"line":122,"column":22},"end":{"line":122,"column":46}},"73":{"start":{"line":126,"column":14},"end":{"line":128,"column":16}},"74":{"start":{"line":127,"column":16},"end":{"line":127,"column":52}},"75":{"start":{"line":131,"column":10},"end":{"line":134,"column":14}},"76":{"start":{"line":136,"column":10},"end":{"line":139,"column":14}},"77":{"start":{"line":141,"column":10},"end":{"line":141,"column":30}},"78":{"start":{"line":142,"column":10},"end":{"line":142,"column":16}},"79":{"start":{"line":144,"column":10},"end":{"line":144,"column":30}},"80":{"start":{"line":145,"column":10},"end":{"line":145,"column":56}},"81":{"start":{"line":147,"column":10},"end":{"line":147,"column":32}},"82":{"start":{"line":148,"column":10},"end":{"line":151,"column":11}},"83":{"start":{"line":149,"column":12},"end":{"line":149,"column":32}},"84":{"start":{"line":150,"column":12},"end":{"line":150,"column":18}},"85":{"start":{"line":152,"column":10},"end":{"line":155,"column":14}},"86":{"start":{"line":157,"column":10},"end":{"line":173,"column":13}},"87":{"start":{"line":158,"column":12},"end":{"line":172,"column":13}},"88":{"start":{"line":160,"column":26},"end":{"line":160,"column":69}},"89":{"start":{"line":162,"column":14},"end":{"line":166,"column":17}},"90":{"start":{"line":168,"column":14},"end":{"line":171,"column":17}},"91":{"start":{"line":176,"column":10},"end":{"line":176,"column":34}},"92":{"start":{"line":180,"column":2},"end":{"line":182,"column":4}},"93":{"start":{"line":181,"column":4},"end":{"line":181,"column":40}},"94":{"start":{"line":186,"column":0},"end":{"line":298,"column":4}},"95":{"start":{"line":187,"column":14},"end":{"line":294,"column":5}},"96":{"start":{"line":189,"column":4},"end":{"line":293,"column":17}},"97":{"start":{"line":190,"column":6},"end":{"line":292,"column":7}},"98":{"start":{"line":190,"column":16},"end":{"line":292,"column":7}},"99":{"start":{"line":192,"column":10},"end":{"line":192,"column":29}},"100":{"start":{"line":193,"column":10},"end":{"line":193,"column":48}},"101":{"start":{"line":195,"column":10},"end":{"line":195,"column":32}},"102":{"start":{"line":196,"column":10},"end":{"line":199,"column":11}},"103":{"start":{"line":197,"column":12},"end":{"line":197,"column":32}},"104":{"start":{"line":198,"column":12},"end":{"line":198,"column":18}},"105":{"start":{"line":200,"column":10},"end":{"line":200,"column":39}},"106":{"start":{"line":201,"column":10},"end":{"line":201,"column":33}},"107":{"start":{"line":202,"column":10},"end":{"line":202,"column":39}},"108":{"start":{"line":203,"column":10},"end":{"line":206,"column":11}},"109":{"start":{"line":204,"column":12},"end":{"line":204,"column":31}},"110":{"start":{"line":205,"column":12},"end":{"line":205,"column":18}},"111":{"start":{"line":207,"column":10},"end":{"line":210,"column":14}},"112":{"start":{"line":212,"column":10},"end":{"line":215,"column":11}},"113":{"start":{"line":213,"column":12},"end":{"line":213,"column":32}},"114":{"start":{"line":214,"column":12},"end":{"line":214,"column":18}},"115":{"start":{"line":216,"column":10},"end":{"line":219,"column":14}},"116":{"start":{"line":221,"column":10},"end":{"line":224,"column":11}},"117":{"start":{"line":222,"column":12},"end":{"line":222,"column":32}},"118":{"start":{"line":223,"column":12},"end":{"line":223,"column":18}},"119":{"start":{"line":225,"column":10},"end":{"line":225,"column":30}},"120":{"start":{"line":226,"column":10},"end":{"line":232,"column":13}},"121":{"start":{"line":234,"column":10},"end":{"line":237,"column":11}},"122":{"start":{"line":235,"column":12},"end":{"line":235,"column":32}},"123":{"start":{"line":236,"column":12},"end":{"line":236,"column":18}},"124":{"start":{"line":238,"column":10},"end":{"line":238,"column":30}},"125":{"start":{"line":239,"column":10},"end":{"line":245,"column":13}},"126":{"start":{"line":247,"column":10},"end":{"line":279,"column":11}},"127":{"start":{"line":248,"column":12},"end":{"line":278,"column":15}},"128":{"start":{"line":249,"column":14},"end":{"line":277,"column":19}},"129":{"start":{"line":250,"column":28},"end":{"line":273,"column":19}},"130":{"start":{"line":251,"column":18},"end":{"line":272,"column":31}},"131":{"start":{"line":252,"column":20},"end":{"line":271,"column":21}},"132":{"start":{"line":252,"column":30},"end":{"line":271,"column":21}},"133":{"start":{"line":254,"column":24},"end":{"line":257,"column":25}},"134":{"start":{"line":255,"column":26},"end":{"line":255,"column":45}},"135":{"start":{"line":256,"column":26},"end":{"line":256,"column":32}},"136":{"start":{"line":258,"column":24},"end":{"line":258,"column":63}},"137":{"start":{"line":260,"column":24},"end":{"line":260,"column":43}},"138":{"start":{"line":261,"column":24},"end":{"line":267,"column":27}},"139":{"start":{"line":270,"column":24},"end":{"line":270,"column":48}},"140":{"start":{"line":274,"column":16},"end":{"line":276,"column":18}},"141":{"start":{"line":275,"column":18},"end":{"line":275,"column":54}},"142":{"start":{"line":280,"column":10},"end":{"line":283,"column":14}},"143":{"start":{"line":285,"column":10},"end":{"line":288,"column":14}},"144":{"start":{"line":291,"column":10},"end":{"line":291,"column":34}},"145":{"start":{"line":295,"column":2},"end":{"line":297,"column":4}},"146":{"start":{"line":296,"column":4},"end":{"line":296,"column":40}},"147":{"start":{"line":299,"column":0},"end":{"line":348,"column":4}},"148":{"start":{"line":300,"column":14},"end":{"line":344,"column":5}},"149":{"start":{"line":302,"column":4},"end":{"line":343,"column":17}},"150":{"start":{"line":303,"column":6},"end":{"line":342,"column":7}},"151":{"start":{"line":303,"column":16},"end":{"line":342,"column":7}},"152":{"start":{"line":305,"column":10},"end":{"line":305,"column":29}},"153":{"start":{"line":306,"column":10},"end":{"line":306,"column":48}},"154":{"start":{"line":308,"column":10},"end":{"line":308,"column":32}},"155":{"start":{"line":309,"column":10},"end":{"line":312,"column":11}},"156":{"start":{"line":310,"column":12},"end":{"line":310,"column":32}},"157":{"start":{"line":311,"column":12},"end":{"line":311,"column":18}},"158":{"start":{"line":313,"column":10},"end":{"line":313,"column":47}},"159":{"start":{"line":314,"column":10},"end":{"line":317,"column":11}},"160":{"start":{"line":315,"column":12},"end":{"line":315,"column":31}},"161":{"start":{"line":316,"column":12},"end":{"line":316,"column":18}},"162":{"start":{"line":318,"column":10},"end":{"line":318,"column":29}},"163":{"start":{"line":319,"column":10},"end":{"line":325,"column":13}},"164":{"start":{"line":327,"column":10},"end":{"line":330,"column":14}},"165":{"start":{"line":332,"column":10},"end":{"line":332,"column":30}},"166":{"start":{"line":333,"column":10},"end":{"line":333,"column":16}},"167":{"start":{"line":335,"column":10},"end":{"line":338,"column":14}},"168":{"start":{"line":341,"column":10},"end":{"line":341,"column":34}},"169":{"start":{"line":345,"column":2},"end":{"line":347,"column":4}},"170":{"start":{"line":346,"column":4},"end":{"line":346,"column":40}},"171":{"start":{"line":349,"column":0},"end":{"line":398,"column":4}},"172":{"start":{"line":350,"column":14},"end":{"line":394,"column":5}},"173":{"start":{"line":352,"column":4},"end":{"line":393,"column":17}},"174":{"start":{"line":353,"column":6},"end":{"line":392,"column":7}},"175":{"start":{"line":353,"column":16},"end":{"line":392,"column":7}},"176":{"start":{"line":355,"column":10},"end":{"line":355,"column":29}},"177":{"start":{"line":356,"column":10},"end":{"line":356,"column":48}},"178":{"start":{"line":358,"column":10},"end":{"line":358,"column":32}},"179":{"start":{"line":359,"column":10},"end":{"line":362,"column":11}},"180":{"start":{"line":360,"column":12},"end":{"line":360,"column":32}},"181":{"start":{"line":361,"column":12},"end":{"line":361,"column":18}},"182":{"start":{"line":363,"column":10},"end":{"line":363,"column":41}},"183":{"start":{"line":364,"column":10},"end":{"line":367,"column":11}},"184":{"start":{"line":365,"column":12},"end":{"line":365,"column":31}},"185":{"start":{"line":366,"column":12},"end":{"line":366,"column":18}},"186":{"start":{"line":368,"column":10},"end":{"line":368,"column":29}},"187":{"start":{"line":369,"column":10},"end":{"line":375,"column":13}},"188":{"start":{"line":377,"column":10},"end":{"line":380,"column":14}},"189":{"start":{"line":382,"column":10},"end":{"line":382,"column":30}},"190":{"start":{"line":383,"column":10},"end":{"line":383,"column":16}},"191":{"start":{"line":385,"column":10},"end":{"line":388,"column":14}},"192":{"start":{"line":391,"column":10},"end":{"line":391,"column":34}},"193":{"start":{"line":395,"column":2},"end":{"line":397,"column":4}},"194":{"start":{"line":396,"column":4},"end":{"line":396,"column":40}},"195":{"start":{"line":399,"column":0},"end":{"line":444,"column":4}},"196":{"start":{"line":400,"column":14},"end":{"line":440,"column":5}},"197":{"start":{"line":402,"column":4},"end":{"line":439,"column":17}},"198":{"start":{"line":403,"column":6},"end":{"line":438,"column":7}},"199":{"start":{"line":403,"column":16},"end":{"line":438,"column":7}},"200":{"start":{"line":405,"column":10},"end":{"line":405,"column":29}},"201":{"start":{"line":406,"column":10},"end":{"line":406,"column":48}},"202":{"start":{"line":408,"column":10},"end":{"line":408,"column":32}},"203":{"start":{"line":409,"column":10},"end":{"line":412,"column":11}},"204":{"start":{"line":410,"column":12},"end":{"line":410,"column":32}},"205":{"start":{"line":411,"column":12},"end":{"line":411,"column":18}},"206":{"start":{"line":413,"column":10},"end":{"line":413,"column":43}},"207":{"start":{"line":414,"column":10},"end":{"line":414,"column":43}},"208":{"start":{"line":415,"column":10},"end":{"line":415,"column":62}},"209":{"start":{"line":416,"column":10},"end":{"line":416,"column":35}},"210":{"start":{"line":417,"column":10},"end":{"line":417,"column":30}},"211":{"start":{"line":418,"column":10},"end":{"line":424,"column":13}},"212":{"start":{"line":426,"column":10},"end":{"line":429,"column":14}},"213":{"start":{"line":431,"column":10},"end":{"line":434,"column":14}},"214":{"start":{"line":437,"column":10},"end":{"line":437,"column":34}},"215":{"start":{"line":441,"column":2},"end":{"line":443,"column":4}},"216":{"start":{"line":442,"column":4},"end":{"line":442,"column":40}},"217":{"start":{"line":445,"column":0},"end":{"line":486,"column":4}},"218":{"start":{"line":446,"column":15},"end":{"line":482,"column":5}},"219":{"start":{"line":448,"column":4},"end":{"line":481,"column":18}},"220":{"start":{"line":449,"column":6},"end":{"line":480,"column":7}},"221":{"start":{"line":449,"column":16},"end":{"line":480,"column":7}},"222":{"start":{"line":451,"column":10},"end":{"line":451,"column":30}},"223":{"start":{"line":452,"column":10},"end":{"line":452,"column":48}},"224":{"start":{"line":454,"column":10},"end":{"line":454,"column":33}},"225":{"start":{"line":455,"column":10},"end":{"line":458,"column":11}},"226":{"start":{"line":456,"column":12},"end":{"line":456,"column":32}},"227":{"start":{"line":457,"column":12},"end":{"line":457,"column":18}},"228":{"start":{"line":459,"column":10},"end":{"line":459,"column":30}},"229":{"start":{"line":460,"column":10},"end":{"line":466,"column":13}},"230":{"start":{"line":468,"column":10},"end":{"line":471,"column":14}},"231":{"start":{"line":473,"column":10},"end":{"line":476,"column":14}},"232":{"start":{"line":479,"column":10},"end":{"line":479,"column":35}},"233":{"start":{"line":483,"column":2},"end":{"line":485,"column":4}},"234":{"start":{"line":484,"column":4},"end":{"line":484,"column":41}}},"fnMap":{"0":{"name":"(anonymous_0)","decl":{"start":{"line":14,"column":32},"end":{"line":14,"column":33}},"loc":{"start":{"line":14,"column":44},"end":{"line":34,"column":1}},"line":14},"1":{"name":"_callee","decl":{"start":{"line":15,"column":100},"end":{"line":15,"column":107}},"loc":{"start":{"line":15,"column":118},"end":{"line":30,"column":3}},"line":15},"2":{"name":"_callee$","decl":{"start":{"line":17,"column":49},"end":{"line":17,"column":57}},"loc":{"start":{"line":17,"column":68},"end":{"line":29,"column":5}},"line":17},"3":{"name":"(anonymous_3)","decl":{"start":{"line":31,"column":9},"end":{"line":31,"column":10}},"loc":{"start":{"line":31,"column":28},"end":{"line":33,"column":3}},"line":31},"4":{"name":"(anonymous_4)","decl":{"start":{"line":35,"column":36},"end":{"line":35,"column":37}},"loc":{"start":{"line":35,"column":48},"end":{"line":69,"column":1}},"line":35},"5":{"name":"_callee2","decl":{"start":{"line":36,"column":101},"end":{"line":36,"column":109}},"loc":{"start":{"line":36,"column":120},"end":{"line":65,"column":3}},"line":36},"6":{"name":"_callee2$","decl":{"start":{"line":38,"column":49},"end":{"line":38,"column":58}},"loc":{"start":{"line":38,"column":70},"end":{"line":64,"column":5}},"line":38},"7":{"name":"(anonymous_7)","decl":{"start":{"line":66,"column":9},"end":{"line":66,"column":10}},"loc":{"start":{"line":66,"column":29},"end":{"line":68,"column":3}},"line":66},"8":{"name":"(anonymous_8)","decl":{"start":{"line":72,"column":32},"end":{"line":72,"column":33}},"loc":{"start":{"line":72,"column":44},"end":{"line":183,"column":1}},"line":72},"9":{"name":"_callee4","decl":{"start":{"line":73,"column":101},"end":{"line":73,"column":109}},"loc":{"start":{"line":73,"column":120},"end":{"line":179,"column":3}},"line":73},"10":{"name":"_callee4$","decl":{"start":{"line":75,"column":49},"end":{"line":75,"column":58}},"loc":{"start":{"line":75,"column":70},"end":{"line":178,"column":5}},"line":75},"11":{"name":"(anonymous_11)","decl":{"start":{"line":105,"column":29},"end":{"line":105,"column":30}},"loc":{"start":{"line":105,"column":50},"end":{"line":130,"column":11}},"line":105},"12":{"name":"(anonymous_12)","decl":{"start":{"line":106,"column":62},"end":{"line":106,"column":63}},"loc":{"start":{"line":106,"column":74},"end":{"line":129,"column":13}},"line":106},"13":{"name":"_callee3","decl":{"start":{"line":107,"column":113},"end":{"line":107,"column":121}},"loc":{"start":{"line":107,"column":133},"end":{"line":125,"column":15}},"line":107},"14":{"name":"_callee3$","decl":{"start":{"line":108,"column":61},"end":{"line":108,"column":70}},"loc":{"start":{"line":108,"column":82},"end":{"line":124,"column":17}},"line":108},"15":{"name":"(anonymous_15)","decl":{"start":{"line":126,"column":21},"end":{"line":126,"column":22}},"loc":{"start":{"line":126,"column":41},"end":{"line":128,"column":15}},"line":126},"16":{"name":"(anonymous_16)","decl":{"start":{"line":157,"column":50},"end":{"line":157,"column":51}},"loc":{"start":{"line":157,"column":74},"end":{"line":173,"column":11}},"line":157},"17":{"name":"(anonymous_17)","decl":{"start":{"line":180,"column":9},"end":{"line":180,"column":10}},"loc":{"start":{"line":180,"column":29},"end":{"line":182,"column":3}},"line":180},"18":{"name":"(anonymous_18)","decl":{"start":{"line":186,"column":38},"end":{"line":186,"column":39}},"loc":{"start":{"line":186,"column":50},"end":{"line":298,"column":1}},"line":186},"19":{"name":"_callee6","decl":{"start":{"line":187,"column":101},"end":{"line":187,"column":109}},"loc":{"start":{"line":187,"column":120},"end":{"line":294,"column":3}},"line":187},"20":{"name":"_callee6$","decl":{"start":{"line":189,"column":49},"end":{"line":189,"column":58}},"loc":{"start":{"line":189,"column":70},"end":{"line":293,"column":5}},"line":189},"21":{"name":"(anonymous_21)","decl":{"start":{"line":248,"column":31},"end":{"line":248,"column":32}},"loc":{"start":{"line":248,"column":52},"end":{"line":278,"column":13}},"line":248},"22":{"name":"(anonymous_22)","decl":{"start":{"line":249,"column":64},"end":{"line":249,"column":65}},"loc":{"start":{"line":249,"column":76},"end":{"line":277,"column":15}},"line":249},"23":{"name":"_callee5","decl":{"start":{"line":250,"column":115},"end":{"line":250,"column":123}},"loc":{"start":{"line":250,"column":135},"end":{"line":273,"column":17}},"line":250},"24":{"name":"_callee5$","decl":{"start":{"line":251,"column":63},"end":{"line":251,"column":72}},"loc":{"start":{"line":251,"column":84},"end":{"line":272,"column":19}},"line":251},"25":{"name":"(anonymous_25)","decl":{"start":{"line":274,"column":23},"end":{"line":274,"column":24}},"loc":{"start":{"line":274,"column":45},"end":{"line":276,"column":17}},"line":274},"26":{"name":"(anonymous_26)","decl":{"start":{"line":295,"column":9},"end":{"line":295,"column":10}},"loc":{"start":{"line":295,"column":30},"end":{"line":297,"column":3}},"line":295},"27":{"name":"(anonymous_27)","decl":{"start":{"line":299,"column":36},"end":{"line":299,"column":37}},"loc":{"start":{"line":299,"column":48},"end":{"line":348,"column":1}},"line":299},"28":{"name":"_callee7","decl":{"start":{"line":300,"column":101},"end":{"line":300,"column":109}},"loc":{"start":{"line":300,"column":120},"end":{"line":344,"column":3}},"line":300},"29":{"name":"_callee7$","decl":{"start":{"line":302,"column":49},"end":{"line":302,"column":58}},"loc":{"start":{"line":302,"column":70},"end":{"line":343,"column":5}},"line":302},"30":{"name":"(anonymous_30)","decl":{"start":{"line":345,"column":9},"end":{"line":345,"column":10}},"loc":{"start":{"line":345,"column":31},"end":{"line":347,"column":3}},"line":345},"31":{"name":"(anonymous_31)","decl":{"start":{"line":349,"column":36},"end":{"line":349,"column":37}},"loc":{"start":{"line":349,"column":48},"end":{"line":398,"column":1}},"line":349},"32":{"name":"_callee8","decl":{"start":{"line":350,"column":101},"end":{"line":350,"column":109}},"loc":{"start":{"line":350,"column":120},"end":{"line":394,"column":3}},"line":350},"33":{"name":"_callee8$","decl":{"start":{"line":352,"column":49},"end":{"line":352,"column":58}},"loc":{"start":{"line":352,"column":70},"end":{"line":393,"column":5}},"line":352},"34":{"name":"(anonymous_34)","decl":{"start":{"line":395,"column":9},"end":{"line":395,"column":10}},"loc":{"start":{"line":395,"column":31},"end":{"line":397,"column":3}},"line":395},"35":{"name":"(anonymous_35)","decl":{"start":{"line":399,"column":39},"end":{"line":399,"column":40}},"loc":{"start":{"line":399,"column":51},"end":{"line":444,"column":1}},"line":399},"36":{"name":"_callee9","decl":{"start":{"line":400,"column":101},"end":{"line":400,"column":109}},"loc":{"start":{"line":400,"column":120},"end":{"line":440,"column":3}},"line":400},"37":{"name":"_callee9$","decl":{"start":{"line":402,"column":49},"end":{"line":402,"column":58}},"loc":{"start":{"line":402,"column":70},"end":{"line":439,"column":5}},"line":402},"38":{"name":"(anonymous_38)","decl":{"start":{"line":441,"column":9},"end":{"line":441,"column":10}},"loc":{"start":{"line":441,"column":31},"end":{"line":443,"column":3}},"line":441},"39":{"name":"(anonymous_39)","decl":{"start":{"line":445,"column":38},"end":{"line":445,"column":39}},"loc":{"start":{"line":445,"column":50},"end":{"line":486,"column":1}},"line":445},"40":{"name":"_callee10","decl":{"start":{"line":446,"column":102},"end":{"line":446,"column":111}},"loc":{"start":{"line":446,"column":122},"end":{"line":482,"column":3}},"line":446},"41":{"name":"_callee10$","decl":{"start":{"line":448,"column":49},"end":{"line":448,"column":59}},"loc":{"start":{"line":448,"column":72},"end":{"line":481,"column":5}},"line":448},"42":{"name":"(anonymous_42)","decl":{"start":{"line":483,"column":9},"end":{"line":483,"column":10}},"loc":{"start":{"line":483,"column":31},"end":{"line":485,"column":3}},"line":483}},"branchMap":{"0":{"loc":{"start":{"line":18,"column":16},"end":{"line":28,"column":7}},"type":"switch","locations":[{"start":{"line":19,"column":8},"end":{"line":21,"column":29}},{"start":{"line":22,"column":8},"end":{"line":24,"column":38}},{"start":{"line":25,"column":8},"end":{"line":25,"column":15}},{"start":{"line":26,"column":8},"end":{"line":27,"column":33}}],"line":18},"1":{"loc":{"start":{"line":39,"column":16},"end":{"line":63,"column":7}},"type":"switch","locations":[{"start":{"line":40,"column":8},"end":{"line":44,"column":39}},{"start":{"line":45,"column":8},"end":{"line":54,"column":14}},{"start":{"line":55,"column":8},"end":{"line":59,"column":14}},{"start":{"line":60,"column":8},"end":{"line":60,"column":15}},{"start":{"line":61,"column":8},"end":{"line":62,"column":34}}],"line":39},"2":{"loc":{"start":{"line":47,"column":10},"end":{"line":50,"column":11}},"type":"if","locations":[{"start":{"line":47,"column":10},"end":{"line":50,"column":11}},{"start":{"line":47,"column":10},"end":{"line":50,"column":11}}],"line":47},"3":{"loc":{"start":{"line":76,"column":16},"end":{"line":177,"column":7}},"type":"switch","locations":[{"start":{"line":77,"column":8},"end":{"line":86,"column":52}},{"start":{"line":87,"column":8},"end":{"line":99,"column":14}},{"start":{"line":100,"column":8},"end":{"line":134,"column":14}},{"start":{"line":135,"column":8},"end":{"line":139,"column":14}},{"start":{"line":140,"column":8},"end":{"line":142,"column":16}},{"start":{"line":143,"column":8},"end":{"line":145,"column":56}},{"start":{"line":146,"column":8},"end":{"line":155,"column":14}},{"start":{"line":156,"column":8},"end":{"line":173,"column":13}},{"start":{"line":174,"column":8},"end":{"line":174,"column":16}},{"start":{"line":175,"column":8},"end":{"line":176,"column":34}}],"line":76},"4":{"loc":{"start":{"line":78,"column":10},"end":{"line":81,"column":11}},"type":"if","locations":[{"start":{"line":78,"column":10},"end":{"line":81,"column":11}},{"start":{"line":78,"column":10},"end":{"line":81,"column":11}}],"line":78},"5":{"loc":{"start":{"line":78,"column":16},"end":{"line":78,"column":56}},"type":"binary-expr","locations":[{"start":{"line":78,"column":16},"end":{"line":78,"column":34}},{"start":{"line":78,"column":38},"end":{"line":78,"column":56}}],"line":78},"6":{"loc":{"start":{"line":88,"column":10},"end":{"line":91,"column":11}},"type":"if","locations":[{"start":{"line":88,"column":10},"end":{"line":91,"column":11}},{"start":{"line":88,"column":10},"end":{"line":91,"column":11}}],"line":88},"7":{"loc":{"start":{"line":92,"column":10},"end":{"line":95,"column":11}},"type":"if","locations":[{"start":{"line":92,"column":10},"end":{"line":95,"column":11}},{"start":{"line":92,"column":10},"end":{"line":95,"column":11}}],"line":92},"8":{"loc":{"start":{"line":101,"column":10},"end":{"line":104,"column":11}},"type":"if","locations":[{"start":{"line":101,"column":10},"end":{"line":104,"column":11}},{"start":{"line":101,"column":10},"end":{"line":104,"column":11}}],"line":101},"9":{"loc":{"start":{"line":109,"column":28},"end":{"line":123,"column":19}},"type":"switch","locations":[{"start":{"line":110,"column":20},"end":{"line":115,"column":61}},{"start":{"line":116,"column":20},"end":{"line":119,"column":51}},{"start":{"line":120,"column":20},"end":{"line":120,"column":27}},{"start":{"line":121,"column":20},"end":{"line":122,"column":46}}],"line":109},"10":{"loc":{"start":{"line":111,"column":22},"end":{"line":114,"column":23}},"type":"if","locations":[{"start":{"line":111,"column":22},"end":{"line":114,"column":23}},{"start":{"line":111,"column":22},"end":{"line":114,"column":23}}],"line":111},"11":{"loc":{"start":{"line":148,"column":10},"end":{"line":151,"column":11}},"type":"if","locations":[{"start":{"line":148,"column":10},"end":{"line":151,"column":11}},{"start":{"line":148,"column":10},"end":{"line":151,"column":11}}],"line":148},"12":{"loc":{"start":{"line":158,"column":12},"end":{"line":172,"column":13}},"type":"if","locations":[{"start":{"line":158,"column":12},"end":{"line":172,"column":13}},{"start":{"line":158,"column":12},"end":{"line":172,"column":13}}],"line":158},"13":{"loc":{"start":{"line":158,"column":16},"end":{"line":158,"column":31}},"type":"binary-expr","locations":[{"start":{"line":158,"column":16},"end":{"line":158,"column":23}},{"start":{"line":158,"column":27},"end":{"line":158,"column":31}}],"line":158},"14":{"loc":{"start":{"line":190,"column":16},"end":{"line":292,"column":7}},"type":"switch","locations":[{"start":{"line":191,"column":8},"end":{"line":193,"column":48}},{"start":{"line":194,"column":8},"end":{"line":210,"column":14}},{"start":{"line":211,"column":8},"end":{"line":219,"column":14}},{"start":{"line":220,"column":8},"end":{"line":232,"column":13}},{"start":{"line":233,"column":8},"end":{"line":245,"column":13}},{"start":{"line":246,"column":8},"end":{"line":283,"column":14}},{"start":{"line":284,"column":8},"end":{"line":288,"column":14}},{"start":{"line":289,"column":8},"end":{"line":289,"column":16}},{"start":{"line":290,"column":8},"end":{"line":291,"column":34}}],"line":190},"15":{"loc":{"start":{"line":196,"column":10},"end":{"line":199,"column":11}},"type":"if","locations":[{"start":{"line":196,"column":10},"end":{"line":199,"column":11}},{"start":{"line":196,"column":10},"end":{"line":199,"column":11}}],"line":196},"16":{"loc":{"start":{"line":203,"column":10},"end":{"line":206,"column":11}},"type":"if","locations":[{"start":{"line":203,"column":10},"end":{"line":206,"column":11}},{"start":{"line":203,"column":10},"end":{"line":206,"column":11}}],"line":203},"17":{"loc":{"start":{"line":203,"column":16},"end":{"line":203,"column":45}},"type":"binary-expr","locations":[{"start":{"line":203,"column":16},"end":{"line":203,"column":21}},{"start":{"line":203,"column":25},"end":{"line":203,"column":45}}],"line":203},"18":{"loc":{"start":{"line":212,"column":10},"end":{"line":215,"column":11}},"type":"if","locations":[{"start":{"line":212,"column":10},"end":{"line":215,"column":11}},{"start":{"line":212,"column":10},"end":{"line":215,"column":11}}],"line":212},"19":{"loc":{"start":{"line":212,"column":16},"end":{"line":212,"column":47}},"type":"binary-expr","locations":[{"start":{"line":212,"column":16},"end":{"line":212,"column":24}},{"start":{"line":212,"column":28},"end":{"line":212,"column":47}}],"line":212},"20":{"loc":{"start":{"line":221,"column":10},"end":{"line":224,"column":11}},"type":"if","locations":[{"start":{"line":221,"column":10},"end":{"line":224,"column":11}},{"start":{"line":221,"column":10},"end":{"line":224,"column":11}}],"line":221},"21":{"loc":{"start":{"line":234,"column":10},"end":{"line":237,"column":11}},"type":"if","locations":[{"start":{"line":234,"column":10},"end":{"line":237,"column":11}},{"start":{"line":234,"column":10},"end":{"line":237,"column":11}}],"line":234},"22":{"loc":{"start":{"line":247,"column":10},"end":{"line":279,"column":11}},"type":"if","locations":[{"start":{"line":247,"column":10},"end":{"line":279,"column":11}},{"start":{"line":247,"column":10},"end":{"line":279,"column":11}}],"line":247},"23":{"loc":{"start":{"line":252,"column":30},"end":{"line":271,"column":21}},"type":"switch","locations":[{"start":{"line":253,"column":22},"end":{"line":258,"column":63}},{"start":{"line":259,"column":22},"end":{"line":267,"column":27}},{"start":{"line":268,"column":22},"end":{"line":268,"column":29}},{"start":{"line":269,"column":22},"end":{"line":270,"column":48}}],"line":252},"24":{"loc":{"start":{"line":254,"column":24},"end":{"line":257,"column":25}},"type":"if","locations":[{"start":{"line":254,"column":24},"end":{"line":257,"column":25}},{"start":{"line":254,"column":24},"end":{"line":257,"column":25}}],"line":254},"25":{"loc":{"start":{"line":303,"column":16},"end":{"line":342,"column":7}},"type":"switch","locations":[{"start":{"line":304,"column":8},"end":{"line":306,"column":48}},{"start":{"line":307,"column":8},"end":{"line":325,"column":13}},{"start":{"line":326,"column":8},"end":{"line":330,"column":14}},{"start":{"line":331,"column":8},"end":{"line":333,"column":16}},{"start":{"line":334,"column":8},"end":{"line":338,"column":14}},{"start":{"line":339,"column":8},"end":{"line":339,"column":16}},{"start":{"line":340,"column":8},"end":{"line":341,"column":34}}],"line":303},"26":{"loc":{"start":{"line":309,"column":10},"end":{"line":312,"column":11}},"type":"if","locations":[{"start":{"line":309,"column":10},"end":{"line":312,"column":11}},{"start":{"line":309,"column":10},"end":{"line":312,"column":11}}],"line":309},"27":{"loc":{"start":{"line":314,"column":10},"end":{"line":317,"column":11}},"type":"if","locations":[{"start":{"line":314,"column":10},"end":{"line":317,"column":11}},{"start":{"line":314,"column":10},"end":{"line":317,"column":11}}],"line":314},"28":{"loc":{"start":{"line":353,"column":16},"end":{"line":392,"column":7}},"type":"switch","locations":[{"start":{"line":354,"column":8},"end":{"line":356,"column":48}},{"start":{"line":357,"column":8},"end":{"line":375,"column":13}},{"start":{"line":376,"column":8},"end":{"line":380,"column":14}},{"start":{"line":381,"column":8},"end":{"line":383,"column":16}},{"start":{"line":384,"column":8},"end":{"line":388,"column":14}},{"start":{"line":389,"column":8},"end":{"line":389,"column":16}},{"start":{"line":390,"column":8},"end":{"line":391,"column":34}}],"line":353},"29":{"loc":{"start":{"line":359,"column":10},"end":{"line":362,"column":11}},"type":"if","locations":[{"start":{"line":359,"column":10},"end":{"line":362,"column":11}},{"start":{"line":359,"column":10},"end":{"line":362,"column":11}}],"line":359},"30":{"loc":{"start":{"line":364,"column":10},"end":{"line":367,"column":11}},"type":"if","locations":[{"start":{"line":364,"column":10},"end":{"line":367,"column":11}},{"start":{"line":364,"column":10},"end":{"line":367,"column":11}}],"line":364},"31":{"loc":{"start":{"line":403,"column":16},"end":{"line":438,"column":7}},"type":"switch","locations":[{"start":{"line":404,"column":8},"end":{"line":406,"column":48}},{"start":{"line":407,"column":8},"end":{"line":424,"column":13}},{"start":{"line":425,"column":8},"end":{"line":429,"column":14}},{"start":{"line":430,"column":8},"end":{"line":434,"column":14}},{"start":{"line":435,"column":8},"end":{"line":435,"column":16}},{"start":{"line":436,"column":8},"end":{"line":437,"column":34}}],"line":403},"32":{"loc":{"start":{"line":409,"column":10},"end":{"line":412,"column":11}},"type":"if","locations":[{"start":{"line":409,"column":10},"end":{"line":412,"column":11}},{"start":{"line":409,"column":10},"end":{"line":412,"column":11}}],"line":409},"33":{"loc":{"start":{"line":449,"column":16},"end":{"line":480,"column":7}},"type":"switch","locations":[{"start":{"line":450,"column":8},"end":{"line":452,"column":48}},{"start":{"line":453,"column":8},"end":{"line":466,"column":13}},{"start":{"line":467,"column":8},"end":{"line":471,"column":14}},{"start":{"line":472,"column":8},"end":{"line":476,"column":14}},{"start":{"line":477,"column":8},"end":{"line":477,"column":16}},{"start":{"line":478,"column":8},"end":{"line":479,"column":35}}],"line":449},"34":{"loc":{"start":{"line":455,"column":10},"end":{"line":458,"column":11}},"type":"if","locations":[{"start":{"line":455,"column":10},"end":{"line":458,"column":11}},{"start":{"line":455,"column":10},"end":{"line":458,"column":11}}],"line":455}},"s":{"0":1,"1":1,"2":1,"3":1,"4":1,"5":1,"6":1,"7":1,"8":1,"9":1,"10":1,"11":38,"12":76,"13":76,"14":38,"15":38,"16":38,"17":38,"18":38,"19":1,"20":38,"21":1,"22":1,"23":10,"24":30,"25":31,"26":10,"27":10,"28":10,"29":10,"30":10,"31":10,"32":1,"33":1,"34":9,"35":1,"36":10,"37":1,"38":10,"39":1,"40":1,"41":82,"42":165,"43":328,"44":82,"45":80,"46":80,"47":2,"48":2,"49":80,"50":3,"51":3,"52":77,"53":77,"54":77,"55":0,"56":77,"57":1,"58":1,"59":76,"60":76,"61":76,"62":76,"63":150,"64":226,"65":76,"66":76,"67":76,"68":0,"69":76,"70":76,"71":76,"72":74,"73":76,"74":76,"75":76,"76":1,"77":0,"78":0,"79":3,"80":3,"81":3,"82":3,"83":2,"84":2,"85":1,"86":2,"87":2,"88":1,"89":1,"90":1,"91":82,"92":1,"93":82,"94":1,"95":1,"96":9,"97":31,"98":53,"99":9,"100":9,"101":9,"102":9,"103":1,"104":1,"105":8,"106":8,"107":8,"108":8,"109":7,"110":7,"111":1,"112":7,"113":6,"114":6,"115":1,"116":6,"117":4,"118":4,"119":2,"120":2,"121":6,"122":4,"123":4,"124":2,"125":2,"126":6,"127":2,"128":2,"129":2,"130":2,"131":4,"132":6,"133":2,"134":2,"135":2,"136":0,"137":2,"138":2,"139":2,"140":2,"141":2,"142":6,"143":1,"144":9,"145":1,"146":9,"147":1,"148":1,"149":4,"150":15,"151":16,"152":4,"153":4,"154":4,"155":4,"156":1,"157":1,"158":3,"159":3,"160":0,"161":0,"162":3,"163":3,"164":3,"165":0,"166":0,"167":1,"168":4,"169":1,"170":4,"171":1,"172":1,"173":3,"174":11,"175":12,"176":3,"177":3,"178":3,"179":3,"180":1,"181":1,"182":2,"183":2,"184":0,"185":0,"186":2,"187":2,"188":2,"189":0,"190":0,"191":1,"192":3,"193":1,"194":3,"195":1,"196":1,"197":3,"198":11,"199":12,"200":3,"201":3,"202":3,"203":3,"204":1,"205":1,"206":2,"207":2,"208":2,"209":2,"210":2,"211":2,"212":2,"213":1,"214":3,"215":1,"216":3,"217":1,"218":1,"219":3,"220":10,"221":12,"222":3,"223":3,"224":3,"225":3,"226":2,"227":2,"228":1,"229":1,"230":1,"231":2,"232":3,"233":1,"234":3},"f":{"0":1,"1":38,"2":76,"3":38,"4":1,"5":10,"6":30,"7":10,"8":1,"9":82,"10":165,"11":76,"12":76,"13":76,"14":150,"15":76,"16":2,"17":82,"18":1,"19":9,"20":31,"21":2,"22":2,"23":2,"24":4,"25":2,"26":9,"27":1,"28":4,"29":15,"30":4,"31":1,"32":3,"33":11,"34":3,"35":1,"36":3,"37":11,"38":3,"39":1,"40":3,"41":10,"42":3},"b":{"0":[38,38,38,38],"1":[10,10,1,0,10],"2":[1,9],"3":[82,80,77,1,0,3,3,2,2,82],"4":[80,2],"5":[82,81],"6":[3,77],"7":[77,0],"8":[1,76],"9":[76,76,0,74],"10":[76,0],"11":[2,1],"12":[1,1],"13":[2,1],"14":[9,9,7,6,6,6,1,0,9],"15":[1,8],"16":[7,1],"17":[8,3],"18":[6,1],"19":[7,3],"20":[4,2],"21":[4,2],"22":[2,4],"23":[2,2,2,2],"24":[2,0],"25":[4,4,3,0,1,0,4],"26":[1,3],"27":[0,3],"28":[3,3,2,0,1,0,3],"29":[1,2],"30":[0,2],"31":[3,3,2,1,0,3],"32":[1,2],"33":[3,3,1,2,0,3],"34":[2,1]},"inputSourceMap":{"version":3,"names":["User","require","bcrypt","jwt","auth","reg","regMail","exports","findUser","req","res","find","users","status","json","findUserById","id","body","token","findByUserId","user","jwtVerify","username","code","msg","register","password","success","next","query","action","test","email","genSalt","err","salt","hash","create","findByUserName","comparePassword","isMatch","sign","process","env","SECRET","userId","updateUserInfo","updateOne","_id","$set","updateGenres","newFavGenres","favGenres","updateAvatar","newAvatar","avatarUrl","avatar","updateFavMovies","newFavMovieId","movieId","favouritesList","favourites","set","Set","concat","reuslt","Array","from","resetFavGenres"],"sourceRoot":"C:\\Users\\Gasshow\\Documents\\学习\\学习资料\\大四上\\webApp\\reacBackend\\api\\users\\","sources":["index.js"],"sourcesContent":["const User = require(\"./userModel\")\r\nconst bcrypt = require('bcrypt');\r\nconst jwt = require('jsonwebtoken')\r\nconst auth = require(\"../auth/index\")\r\n\r\nconst reg = /^(?=.*[A-Za-z])(?=.*\\d)[A-Za-z\\d]{5,}$/\r\nconst regMail = /^[A-Za-z0-9]+([_\\.][A-Za-z0-9]+)*@([A-Za-z0-9\\-]+\\.)+[A-Za-z]{2,6}$/;\r\n\r\n// Get all users\r\nexports.findUser = async (req, res) => {\r\n  const users = await User.find();\r\n  res.status(200).json(users)\r\n}\r\n\r\nexports.findUserById = async (req, res) => {\r\n  const id = req.body.id\r\n  const token = req.body.token\r\n  const user = await User.findByUserId(id);\r\n  if (auth.jwtVerify(token) == user.username) {\r\n    return res.status(200).json({code: 200, user: user});\r\n  }\r\n  return res.status(401).json({code: 401,msg: 'Invalid token or user id'});\r\n}\r\n\r\n// register\r\nexports.register = async (req, res) => {\r\n  if (!req.body.username || !req.body.password) {\r\n    res.status(401).json({success: false, msg: 'Please pass username and password.'});\r\n    return next();\r\n  }\r\n  if (req.query.action === 'register') {\r\n    if(!regMail.test(req.body.email)) {\r\n      return  res.status(401).json({code: 401,msg: 'Please input valid email address'});\r\n    }\r\n    if(reg.test(req.body.password)) {\r\n      bcrypt.genSalt(10, (err, salt)=> {\r\n        bcrypt.hash(req.body.password, salt, async (err, hash)=> {\r\n            if (err) {\r\n                return err;\r\n            }\r\n            req.body.password = hash;\r\n            await User.create(req.body);\r\n        });\r\n    });\r\n      \r\n      return res.status(201).json({code: 201, msg: 'Successful created new user.'});\r\n    }\r\n    else {\r\n      return res.status(401).json({code: 401,msg: 'Password are at least 5 characters long and contain at least one number and one letter'});\r\n    }\r\n\r\n  } else {\r\n    const user = await User.findByUserName(req.body.username);\r\n      if (!user) return res.status(401).json({ code: 401, msg: 'Authentication failed. User not found.' });\r\n      user.comparePassword(req.body.password, (err, isMatch) => {\r\n        if (isMatch && !err) {\r\n          // if user is found and password matches, create a token\r\n          const token = jwt.sign(user.username, process.env.SECRET);\r\n          // return the information including token as JSON\r\n          return res.status(200).json({success: true, userId: user.id, token: token});\r\n        } else {\r\n          return res.status(401).json({code: 401,msg: 'Authentication failed. Wrong password.'});\r\n        }\r\n      });\r\n    }\r\n} \r\n\r\n// Update a user\r\nexports.updateUserInfo = async (req, res) => {\r\n  const user = await User.findByUserId(req.body.id);\r\n  if(auth.jwtVerify(req.body.token) == user.username) {\r\n    const username = req.body.username\r\n    const email = req.body.email\r\n    const password = req.body.password\r\n    if ( email &&!regMail.test(email)) {\r\n      return res.status(403).json({code: 403, msg: \"Invalid email address\"});\r\n    }\r\n    if (password && !reg.test(password)) {\r\n      return res.status(403).json({code: 403, msg: 'Password are at least 5 characters long and contain at least one number and one letter'});\r\n    }\r\n\r\n    if(username) {\r\n      await User.updateOne({\r\n        _id: req.body.id,\r\n      }, {\r\n        $set: {\r\n          username: username\r\n        }\r\n      });\r\n    }\r\n\r\n    if(email) {\r\n      await User.updateOne({\r\n        _id: req.body.id,\r\n      }, {\r\n        $set: {\r\n          email: email\r\n        }\r\n      });\r\n    }\r\n\r\n    if(password) {\r\n      bcrypt.genSalt(10, (err, salt)=> {\r\n        bcrypt.hash(req.body.password, salt, async (err, hash)=> {\r\n            if (err) {\r\n                return err;\r\n            }\r\n            await User.updateOne({\r\n              _id: req.body.id,\r\n            }, {\r\n              $set: {\r\n                password: hash\r\n              }\r\n            });\r\n        });\r\n    });\r\n    }\r\n\r\n    return res.status(200).json({code: 200, msg: 'Update successfully'});\r\n\r\n\r\n  }\r\n  return res.status(403).json({code: 403, msg: \"Invalid token\"});\r\n}\r\n\r\nexports.updateGenres = async (req, res) => {\r\n  const user = await User.findByUserId(req.body.id);\r\n  if(auth.jwtVerify(req.body.token) == user.username) {\r\n    let newFavGenres = req.body.newFavGenres;\r\n    if(newFavGenres) {\r\n      await User.updateOne({\r\n        _id: req.body.id,\r\n      }, {\r\n        $set: {\r\n          favGenres: newFavGenres\r\n        }\r\n      });\r\n      return res.status(200).json({code: 200, msg: 'Update successfully'});\r\n    }\r\n  }\r\n  else {\r\n    return res.status(403).json({code: 403, msg: \"Invalid token\"});\r\n  }\r\n}\r\n\r\nexports.updateAvatar = async (req, res) => {\r\n  const user = await User.findByUserId(req.body.id);\r\n  if(auth.jwtVerify(req.body.token) == user.username) {\r\n    let newAvatar = req.body.avatarUrl;\r\n    if(newAvatar) {\r\n      await User.updateOne({\r\n        _id: req.body.id,\r\n      }, {\r\n        $set: {\r\n          avatar: newAvatar\r\n        }\r\n      });\r\n      return res.status(200).json({code: 200, msg: 'Update successfully'});\r\n    }\r\n  }\r\n  else {\r\n    return res.status(403).json({code: 403, msg: \"Invalid token\"});\r\n  }\r\n}\r\n\r\nexports.updateFavMovies = async (req, res) => {\r\n  const user = await User.findByUserId(req.body.id);\r\n  if(auth.jwtVerify(req.body.token) == user.username) {\r\n    let newFavMovieId = req.body.movieId\r\n    let favouritesList = user.favourites\r\n    const set = new Set(newFavMovieId.concat(favouritesList))\r\n    const reuslt = Array.from(set)\r\n    await User.updateOne({\r\n      _id: req.body.id,\r\n    }, {\r\n      $set: {\r\n        favourites: reuslt\r\n      }\r\n    });\r\n    return res.status(200).json({code: 200, msg: 'Update successfully'});\r\n  }\r\n  else {\r\n    return res.status(403).json({code: 403, msg: \"Invalid token\"});\r\n  }\r\n}\r\n\r\n\r\nexports.resetFavGenres = async (req, res) => {\r\n  const user = await User.findByUserId(req.body.id);\r\n  if(auth.jwtVerify(req.body.token) == user.username) {\r\n    await User.updateOne({\r\n      _id: req.body.id,\r\n    }, {\r\n      $set: {\r\n        favGenres: []\r\n      }\r\n    });\r\n    return res.status(200).json({code: 200, msg: 'Update successfully'});\r\n  }\r\n  else {\r\n    return res.status(403).json({code: 403, msg: \"Invalid token\"});\r\n  }\r\n}\r\n\r\n"],"mappings":";;;;;AAAA,IAAMA,IAAI,GAAGC,OAAO,CAAC,aAAa,CAAC;AACnC,IAAMC,MAAM,GAAGD,OAAO,CAAC,QAAQ,CAAC;AAChC,IAAME,GAAG,GAAGF,OAAO,CAAC,cAAc,CAAC;AACnC,IAAMG,IAAI,GAAGH,OAAO,CAAC,eAAe,CAAC;AAErC,IAAMI,GAAG,GAAG,wCAAwC;AACpD,IAAMC,OAAO,GAAG,qEAAqE;;AAErF;AACAC,OAAO,CAACC,QAAQ;EAAA,yFAAG,iBAAOC,GAAG,EAAEC,GAAG;IAAA;IAAA;MAAA;QAAA;UAAA;UAAA,OACZV,IAAI,CAACW,IAAI,EAAE;QAAA;UAAzBC,KAAK;UACXF,GAAG,CAACG,MAAM,CAAC,GAAG,CAAC,CAACC,IAAI,CAACF,KAAK,CAAC;QAAA;QAAA;UAAA;MAAA;IAAA;EAAA,CAC5B;EAAA;IAAA;EAAA;AAAA;AAEDL,OAAO,CAACQ,YAAY;EAAA,0FAAG,kBAAON,GAAG,EAAEC,GAAG;IAAA;IAAA;MAAA;QAAA;UAC9BM,EAAE,GAAGP,GAAG,CAACQ,IAAI,CAACD,EAAE;UAChBE,
[...]
IAAI,CAAC;YAACS,IAAI,EAAE,GAAG;YAACC,GAAG,EAAE;UAAwF,CAAC,CAAC;QAAA;UAAA;UAAA;QAAA;UAAA;UAAA,OAIrHxB,IAAI,CAACsC,cAAc,CAAC7B,GAAG,CAACQ,IAAI,CAACK,QAAQ,CAAC;QAAA;UAAnDF,IAAI;UAAA,IACHA,IAAI;YAAA;YAAA;UAAA;UAAA,kCAASV,GAAG,CAACG,MAAM,CAAC,GAAG,CAAC,CAACC,IAAI,CAAC;YAAES,IAAI,EAAE,GAAG;YAAEC,GAAG,EAAE;UAAyC,CAAC,CAAC;QAAA;UACpGJ,IAAI,CAACmB,eAAe,CAAC9B,GAAG,CAACQ,IAAI,CAACS,QAAQ,EAAE,UAACQ,GAAG,EAAEM,OAAO,EAAK;YACxD,IAAIA,OAAO,IAAI,CAACN,GAAG,EAAE;cACnB;cACA,IAAMhB,KAAK,GAAGf,GAAG,CAACsC,IAAI,CAACrB,IAAI,CAACE,QAAQ,EAAEoB,OAAO,CAACC,GAAG,CAACC,MAAM,CAAC;cACzD;cACA,OAAOlC,GAAG,CAACG,MAAM,CAAC,GAAG,CAAC,CAACC,IAAI,CAAC;gBAACa,OAAO,EAAE,IAAI;gBAAEkB,MAAM,EAAEzB,IAAI,CAACJ,EAAE;gBAAEE,KAAK,EAAEA;cAAK,CAAC,CAAC;YAC7E,CAAC,MAAM;cACL,OAAOR,GAAG,CAACG,MAAM,CAAC,GAAG,CAAC,CAACC,IAAI,CAAC;gBAACS,IAAI,EAAE,GAAG;gBAACC,GAAG,EAAE;cAAwC,CAAC,CAAC;YACxF;UACF,CAAC,CAAC;QAAC;QAAA;UAAA;MAAA;IAAA;EAAA,CAER;EAAA;IAAA;EAAA;AAAA;;AAED;AACAjB,OAAO,CAACuC,cAAc;EAAA,0FAAG,kBAAOrC,GAAG,EAAEC,GAAG;IAAA;IAAA;MAAA;QAAA;UAAA;UAAA,OACnBV,IAAI,CAACmB,YAAY,CAACV,GAAG,CAACQ,IAAI,CAACD,EAAE,CAAC;QAAA;UAA3CI,IAAI;UAAA,MACPhB,IAAI,CAACiB,SAAS,CAACZ,GAAG,CAACQ,IAAI,CAACC,KAAK,CAAC,IAAIE,IAAI,CAACE,QAAQ;YAAA;YAAA;UAAA;UAC1CA,QAAQ,GAAGb,GAAG,CAACQ,IAAI,CAACK,QAAQ;UAC5BU,KAAK,GAAGvB,GAAG,CAACQ,IAAI,CAACe,KAAK;UACtBN,QAAQ,GAAGjB,GAAG,CAACQ,IAAI,CAACS,QAAQ;UAAA,MAC7BM,KAAK,IAAG,CAAC1B,OAAO,CAACyB,IAAI,CAACC,KAAK,CAAC;YAAA;YAAA;UAAA;UAAA,kCACxBtB,GAAG,CAACG,MAAM,CAAC,GAAG,CAAC,CAACC,IAAI,CAAC;YAACS,IAAI,EAAE,GAAG;YAAEC,GAAG,EAAE;UAAuB,CAAC,CAAC;QAAA;UAAA,MAEpEE,QAAQ,IAAI,CAACrB,GAAG,CAAC0B,IAAI,CAACL,QAAQ,CAAC;YAAA;YAAA;UAAA;UAAA,kCAC1BhB,GAAG,CAACG,MAAM,CAAC,GAAG,CAAC,CAACC,IAAI,CAAC;YAACS,IAAI,EAAE,GAAG;YAAEC,GAAG,EAAE;UAAwF,CAAC,CAAC;QAAA;UAAA,KAGtIF,QAAQ;YAAA;YAAA;UAAA;UAAA;UAAA,OACHtB,IAAI,CAAC+C,SAAS,CAAC;YACnBC,GAAG,EAAEvC,GAAG,CAACQ,IAAI,CAACD;UAChB,CAAC,EAAE;YACDiC,IAAI,EAAE;cACJ3B,QAAQ,EAAEA;YACZ;UACF,CAAC,CAAC;QAAA;UAAA,KAGDU,KAAK;YAAA;YAAA;UAAA;UAAA;UAAA,OACAhC,IAAI,CAAC+C,SAAS,CAAC;YACnBC,GAAG,EAAEvC,GAAG,CAACQ,IAAI,CAACD;UAChB,CAAC,EAAE;YACDiC,IAAI,EAAE;cACJjB,KAAK,EAAEA;YACT;UACF,CAAC,CAAC;QAAA;UAGJ,IAAGN,QAAQ,EAAE;YACXxB,MAAM,CAAC+B,OAAO,CAAC,EAAE,EAAE,UAACC,GAAG,EAAEC,IAAI,EAAI;cAC/BjC,MAAM,CAACkC,IAAI,CAAC3B,GAAG,CAACQ,IAAI,CAACS,QAAQ,EAAES,IAAI;gBAAA,0FAAE,kBAAOD,GAAG,EAAEE,IAAI;kBAAA;oBAAA;sBAAA;wBAAA,KAC7CF,GAAG;0BAAA;0BAAA;wBAAA;wBAAA,kCACIA,GAAG;sBAAA;wBAAA;wBAAA,OAERlC,IAAI,CAAC+C,SAAS,CAAC;0BACnBC,GAAG,EAAEvC,GAAG,CAACQ,IAAI,CAACD;wBAChB,CAAC,EAAE;0BACDiC,IAAI,EAAE;4BACJvB,QAAQ,EAAEU;0BACZ;wBACF,CAAC,CAAC;sBAAA;sBAAA;wBAAA;oBAAA;kBAAA;gBAAA,CACL;gBAAA;kBAAA;gBAAA;cAAA,IAAC;YACN,CAAC,CAAC;UACF;UAAC,kCAEM1B,GAAG,CAACG,MAAM,CAAC,GAAG,CAAC,CAACC,IAAI,CAAC;YAACS,IAAI,EAAE,GAAG;YAAEC,GAAG,EAAE;UAAqB,CAAC,CAAC;QAAA;UAAA,kCAI/Dd,GAAG,CAACG,MAAM,CAAC,GAAG,CAAC,CAACC,IAAI,CAAC;YAACS,IAAI,EAAE,GAAG;YAAEC,GAAG,EAAE;UAAe,CAAC,CAAC;QAAA;QAAA;UAAA;MAAA;IAAA;EAAA,CAC/D;EAAA;IAAA;EAAA;AAAA;AAEDjB,OAAO,CAAC2C,YAAY;EAAA,0FAAG,kBAAOzC,GAAG,EAAEC,GAAG;IAAA;IAAA;MAAA;QAAA;UAAA;UAAA,OACjBV,IAAI,CAACmB,YAAY,CAACV,GAAG,CAACQ,IAAI,CAACD,EAAE,CAAC;QAAA;UAA3CI,IAAI;UAAA,MACPhB,IAAI,CAACiB,SAAS,CAACZ,GAAG,CAACQ,IAAI,CAACC,KAAK,CAAC,IAAIE,IAAI,CAACE,QAAQ;YAAA;YAAA;UAAA;UAC5C6B,YAAY,GAAG1C,GAAG,CAACQ,IAAI,CAACkC,YAAY;UAAA,KACrCA,YAAY;YAAA;YAAA;UAAA;UAAA;UAAA,OACPnD,IAAI,CAAC+C,SAAS,CAAC;YACnBC,GAAG,EAAEvC,GAAG,CAACQ,IAAI,CAACD;UAChB,CAAC,EAAE;YACDiC,IAAI,EAAE;cACJG,SAAS,EAAED;YACb;UACF,CAAC,CAAC;QAAA;UAAA,kCACKzC,GAAG,CAACG,MAAM,CAAC,GAAG,CAAC,CAACC,IAAI,CAAC;YAACS,IAAI,EAAE,GAAG;YAAEC,GAAG,EAAE;UAAqB,CAAC,CAAC;QAAA;UAAA;UAAA;QAAA;UAAA,kCAI/Dd,GAAG,CAACG,MAAM,CAAC,GAAG,CAAC,CAACC,IAAI,CAAC;YAACS,IAAI,EAAE,GAAG;YAAEC,GAAG,EAAE;UAAe,CAAC,CAAC;QAAA;QAAA;UAAA;MAAA;IAAA;EAAA,CAEjE;EAAA;IAAA;EAAA;AAAA;AAEDjB,OAAO,CAAC8C,YAAY;EAAA,0FAAG,kBAAO5C,GAAG,EAAEC,GAAG;IAAA;IAAA;MAAA;QAAA;UAAA;UAAA,OACjBV,IAAI,CAACmB,YAAY,CAACV,GAAG,CAACQ,IAAI,CAACD,EAAE,CAAC;QAAA;UAA3CI,IAAI;UAAA,MACPhB,IAAI,CAACiB,SAAS,CAACZ,GAAG,CAACQ,IAAI,CAACC,KAAK,CAAC,IAAIE,IAAI,CAACE,QAAQ;YAAA;YAAA;UAAA;UAC5CgC,SAAS,GAAG7C,GAAG,CAACQ,IAAI,CAACsC,SAAS;UAAA,KAC/BD,SAAS;YAAA;YAAA;UAAA;UAAA;UAAA,OACJtD,IAAI,CAAC+C,SAAS,CAAC;YACnBC,GAAG,EAAEvC,GAAG,CAACQ,IAAI,CAACD;UAChB,CAAC,EAAE;YACDiC,IAAI,EAAE;cACJO,MAAM,EAAEF;YACV;UACF,CAAC,CAAC;QAAA;UAAA,kCACK5C,GAAG,CAACG,MAAM,CAAC,GAAG,CAAC,CAACC,IAAI,CAAC;YAACS,IAAI,EAAE,GAAG;YAAEC,GAAG,EAAE;UAAqB,CAAC,CAAC;QAAA;UAAA;UAAA;QAAA;UAAA,kCAI/Dd,GAAG,CAACG,MAAM,CAAC,GAAG,CAAC,CAACC,IAAI,CAAC;YAACS,IAAI,EAAE,GAAG;YAAEC,GAAG,EAAE;UAAe,CAAC,CAAC;QAAA;QAAA;UAAA;MAAA;IAAA;EAAA,CAEjE;EAAA;IAAA;EAAA;AAAA;AAEDjB,OAAO,CAACkD,eAAe;EAAA,0FAAG,kBAAOhD,GAAG,EAAEC,GAAG;IAAA;IAAA;MAAA;QAAA;UAAA;UAAA,OACpBV,IAAI,CAACmB,YAAY,CAACV,GAAG,CAACQ,IAAI,CAACD,EAAE,CAAC;QAAA;UAA3CI,IAAI;UAAA,MACPhB,IAAI,CAACiB,SAAS,CAACZ,GAAG,CAACQ,IAAI,CAACC,KAAK,CAAC,IAAIE,IAAI,CAACE,QAAQ;YAAA;YAAA;UAAA;UAC5CoC,aAAa,GAAGjD,GAAG,CAACQ,IAAI,CAAC0C,OAAO;UAChCC,cAAc,GAAGxC,IAAI,CAACyC,UAAU;UAC9BC,GAAG,GAAG,IAAIC,GAAG,CAACL,aAAa,CAACM,MAAM,CAACJ,cAAc,CAAC,CAAC;UACnDK,MAAM,GAAGC,KAAK,CAACC,IAAI,CAACL,GAAG,CAAC;UAAA;UAAA,OACxB9D,IAAI,CAAC+C,SAAS,CAAC;YACnBC,GAAG,EAAEvC,GAAG,CAACQ,IAAI,CAACD;UAChB,CAAC,EAAE;YACDiC,IAAI,EAAE;cACJY,UAAU,EAAEI;YACd;UACF,CAAC,CAAC;QAAA;UAAA,kCACKvD,GAAG,CAACG,MAAM,CAAC,GAAG,CAAC,CAACC,IAAI,CAAC;YAACS,IAAI,EAAE,GAAG;YAAEC,GAAG,EAAE;UAAqB,CAAC,CAAC;QAAA;UAAA,kCAG7Dd,GAAG,CAACG,MAAM,CAAC,GAAG,CAAC,CAACC,IAAI,CAAC;YAACS,IAAI,EAAE,GAAG;YAAEC,GAAG,EAAE;UAAe,CAAC,CAAC;QAAA;QAAA;UAAA;MAAA;IAAA;EAAA,CAEjE;EAAA;IAAA;EAAA;AAAA;AAGDjB,OAAO,CAAC6D,cAAc;EAAA,2FAAG,mBAAO3D,GAAG,EAAEC,GAAG;IAAA;IAAA;MAAA;QAAA;UAAA;UAAA,OACnBV,IAAI,CAACmB,YAAY,CAACV,GAAG,CAACQ,IAAI,CAACD,EAAE,CAAC;QAAA;UAA3CI,IAAI;UAAA,MACPhB,IAAI,CAACiB,SAAS,CAACZ,GAAG,CAACQ,IAAI,CAACC,KAAK,CAAC,IAAIE,IAAI,CAACE,QAAQ;YAAA;YAAA;UAAA;UAAA;UAAA,OAC1CtB,IAAI,CAAC+C,SAAS,CAAC;YACnBC,GAAG,EAAEvC,GAAG,CAACQ,IAAI,CAACD;UAChB,CAAC,EAAE;YACDiC,IAAI,EAAE;cACJG,SAAS,EAAE;YACb;UACF,CAAC,CAAC;QAAA;UAAA,mCACK1C,GAAG,CAACG,MAAM,CAAC,GAAG,CAAC,CAACC,IAAI,CAAC;YAACS,IAAI,EAAE,GAAG;YAAEC,GAAG,EAAE;UAAqB,CAAC,CAAC;QAAA;UAAA,mCAG7Dd,GAAG,CAACG,MAAM,CAAC,GAAG,CAAC,CAACC,IAAI,CAAC;YAACS,IAAI,EAAE,GAAG;YAAEC,GAAG,EAAE;UAAe,CAAC,CAAC;QAAA;QAAA;UAAA;MAAA;IAAA;EAAA,CAEjE;EAAA;IAAA;EAAA;AAAA"},"_coverageSchema":"1a1c01bbd47fc00a2c39e90264f33305004495a9","hash":"b28bbd96db3ff5725394772b15fb07854eac887f","contentHash":"792016d3bfb42db6c36270f1e4c40a51e89049d53ccb400300a3fce2fbc250fa"},"C:\\Users\\Gasshow\\Documents\\学习\\学习资料\\大四上\\webApp\\reacBackend\\api\\users\\userModel.js":{"path":"C:\\Users\\Gasshow\\Documents\\学习\\学习资料\\大四上\\webApp\\reacBackend\\api\\users\\userModel.js","statementMap":{"0":{"start":{"line":5,"column":15},"end":{"line":5,"column":34}},"1":{"start":{"line":6,"column":13},"end":{"line":6,"column":30}},"2":{"start":{"line":7,"column":13},"end":{"line":7,"column":28}},"3":{"start":{"line":8,"column":17},"end":{"line":33,"column":2}},"4":{"start":{"line":34,"column":0},"end":{"line":44,"column":3}},"5":{"start":{"line":35,"column":13},"end":{"line":35,"column":17}},"6":{"start":{"line":36,"column":2},"end":{"line":42,"column":5}},"7":{"start":{"line":37,"column":4},"end":{"line":41,"column":7}},"8":{"start":{"line":38,"column":6},"end":{"line":38,"column":27}},"9":{"start":{"line":39,"column":6},"end":{"line":39,"column":33}},"10":{"start":{"line":40,"column":6},"end":{"line":40,"column":13}},"11":{"start":{"line":43,"column":2},"end":{"line":43,"column":9}},"12":{"start":{"line":45,"column":0},"end":{"line":49,"column":2}},"13":{"start":{"line":46,"column":2},"end":{"line":48,"column":5}},"14":{"start":{"line":50,"column":0},"end":{"line":54,"column":2}},"15":{"start":{"line":51,"column":2},"end":{"line":53,"column":5}},"16":{"start":{"line":55,"column":0},"end":{"line":59,"column":2}},"17":{"start":{"line":56,"column":2},"end":{"line":58,"column":5}},"18":{"start":{"line":57,"column":4},"end":{"line":57,"column":28}},"19":{"start":{"line":60,"column":0},"end":{"line":60,"column":52}}},"fnMap":{"0":{"name":"(anonymous_0)","decl":{"start":{"line":34,"column":23},"end":{"line":34,"column":24}},"loc":{"start":{"line":34,"column":39},"end":{"line":44,"column":1}},"line":34},"1":{"name":"(anonymous_1)","decl":{"start":{"line":36,"column":21},"end":{"line":36,"column":22}},"loc":{"start":{"line":36,"column":42},"end":{"line":42,"column":3}},"line":36},"2":{"name":"(anonymous_2)","decl":{"start":{"line":37,"column":37},"end":{"line":37,"column":38}},"loc":{"start":{"line":37,"column":58},"end":{"line":41,"column":5}},"line":37},"3":{"name":"(anonymous_3)","decl":{"start":{"line":45,"column":36},"end":{"line":45,"column":37}},"loc":{"start":{"line":45,"column":56},"end":{"line":49,"column":1}},"line":45},"4":{"name":"(anonymous_4)","decl":{"start":{"line":50,"column":34},"end":{"line":50,"column":35}},"loc":{"start":{"line":50,"column":48},"end":{"line":54,"column":1}},"line":50},"5":{"name":"(anonymous_5)","decl":{"start":{"line":55,"column":37},"end":{"line":55,"column":38}},"loc":{"start":{"line":55,"column":64},"end":{"line":59,"column":1}},"line":55},"6":{"name":"(anonymous_6)","decl":{"start":{"line":56,"column":39},"end":{"line":56,"column":40}},"loc":{"start":{"line":56,"column":63},"end":{"line":58,"column":3}},"line":56}},"branchMap":{},"s":{"0":1,"1":1,"2":1,"3":1,"4":1,"5":76,"6":76,"7":76,"8":74,"9":74,"10":74,"11":76,"12":1,"13":3,"14":1,"15":32,"16":1,"17":2,"18":2,"19":1},"f":{"0":76,"1":76,"2":74,"3":3,"4":32,"5":2,"6":2},"b":{},"inputSourceMap":{"version":3,"names":["mongoose","require","bcrypt","Schema","UserSchema","username","type","String","required","email","password","favourites","Number","ref","favGenres","id","name","avatar","pre","next","user","genSalt","err","salt","hash","console","log","statics","findByUserName","findOne","findByUserId","_id","methods","comparePassword","passw","callback","compare","isMatch","module","exports","model"],"sourceRoot":"C:\\Users\\Gasshow\\Documents\\学习\\学习资料\\大四上\\webApp\\reacBackend\\api\\users\\","sources":["userModel.js"],"sourcesContent":["// import mongoose from 'mongoose';\n// import bcrypt from 'bcrypt';\nconst mongoose = require(\"mongoose\")\nconst bcrypt = require('bcrypt');\n\nconst Schema = mongoose.Schema\n\nconst UserSchema = new Schema({\n  username: { type: String, required: true},\n  email: { type: String, require: true},\n  password: {type: String, required: true },\n  favourites: [{type: Number, ref: 'Movies'}],\n  favGenres: [{id: Number, name: String}],\n  avatar: {type: String, default: \"https://i.328888.xyz/2022/12/27/UVdOp.jpeg\"}\n});\n\nUserSchema.pre('save', function(next) {\n  const user = this;\n    bcrypt.genSalt(10, (err, salt)=> {\n      bcrypt.hash(user.password, salt, (err, hash)=> {\n        user.password = hash;\n        console.log(user.password)\n        next();\n      });\n    });\n    next()\n\n});\n\nUserSchema.statics.findByUserName = function (username) {\n  return this.findOne({ username: username });\n};\n\nUserSchema.statics.findByUserId = function (id) {\n  return this.findOne({ _id: id });\n};\n\nUserSchema.methods.comparePassword = function (passw, callback) {\n  bcrypt.compare(passw, this.password, (err, isMatch) => {\n    callback(null, isMatch);\n  });\n};\n\nmodule.exports = mongoose.model(\"User\", UserSchema);"],"mappings":";;AAAA;AACA;AACA,IAAMA,QAAQ,GAAGC,OAAO,CAAC,UAAU,CAAC;AACpC,IAAMC,MAAM,GAAGD,OAAO,CAAC,QAAQ,CAAC;AAEhC,IAAME,MAAM,GAAGH,QAAQ,CAACG,MAAM;AAE9B,IAAMC,UAAU,GAAG,IAAID,MAAM,CAAC;EAC5BE,QAAQ,EAAE;IAAEC,IAAI,EAAEC,MAAM;IAAEC,QAAQ,EAAE;EAAI,CAAC;EACzCC,KAAK,EAAE;IAAEH,IAAI,EAAEC,MAAM;IAAEN,OAAO,EAAE;EAAI,CAAC;EACrCS,QAAQ,EAAE;IAACJ,IAAI,EAAEC,MAAM;IAAEC,QAAQ,EAAE;EAAK,CAAC;EACzCG,UAAU,EAAE,CAAC;IAACL,IAAI,EAAEM,MAAM;IAAEC,GAAG,EAAE;EAAQ,CAAC,CAAC;EAC3CC,SAAS,EAAE,CAAC;IAACC,EAAE,EAAEH,MAAM;IAAEI,IAAI,EAAET;EAAM,CAAC,CAAC;EACvCU,MAAM,EAAE;IAACX,IAAI,EAAEC,MAAM;IAAE,WAAS;EAA4C;AAC9E,CAAC,CAAC;AAEFH,UAAU,CAACc,GAAG,CAAC,MAAM,EAAE,UAASC,IAAI,EAAE;EACpC,IAAMC,IAAI,GAAG,IAAI;EACflB,MAAM,CAACmB,OAAO,CAAC,EAAE,EAAE,UAACC,GAAG,EAAEC,IAAI,EAAI;IAC/BrB,MAAM,CAACsB,IAAI,CAACJ,IAAI,CAACV,QAAQ,EAAEa,IAAI,EAAE,UAACD,GAAG,EAAEE,IAAI,EAAI;MAC7CJ,IAAI,CAACV,QAAQ,GAAGc,IAAI;MACpBC,OAAO,CAACC,GAAG,CAACN,IAAI,CAACV,QAAQ,CAAC;MAC1BS,IAAI,EAAE;IACR,CAAC,CAAC;EACJ,CAAC,CAAC;EACFA,IAAI,EAAE;AAEV,CAAC,CAAC;AAEFf,UAAU,CAACuB,OAAO,CAACC,cAAc,GAAG,UAAUvB,QAAQ,EAAE;EACtD,OAAO,IAAI,CAACwB,OAAO,CAAC;IAAExB,QAAQ,EAAEA;EAAS,CAAC,CAAC;AAC7C,CAAC;AAEDD,UAAU,CAACuB,OAAO,CAACG,YAAY,GAAG,UAAUf,EAAE,EAAE;EAC9C,OAAO,IAAI,CAACc,OAAO,CAAC;IAAEE,GAAG,EAAEhB;EAAG,CAAC,CAAC;AAClC,CAAC;AAEDX,UAAU,CAAC4B,OAAO,CAACC,eAAe,GAAG,UAAUC,KAAK,EAAEC,QAAQ,EAAE;EAC9DjC,MAAM,CAACkC,OAAO,CAACF,KAAK,EAAE,IAAI,CAACxB,QAAQ,EAAE,UAACY,GAAG,EAAEe,OAAO,EAAK;IACrDF,QAAQ,CAAC,IAAI,EAAEE,OAAO,CAAC;EACzB,CAAC,CAAC;AACJ,CAAC;AAEDC,MAAM,CAACC,OAAO,GAAGvC,QAAQ,CAACwC,KAAK,CAAC,MAAM,EAAEpC,UAAU,CAAC"},"_coverageSchema":"1a1c01bbd47fc00a2c39e90264f33305004495a9","hash":"52b6a26aa53948679d19e2d25f7e43374f350305","contentHash":"2cf7d1aef788685fb856a3b9e66e6d998bdde589758294100c711bc8e46af69f"},"C:\\Users\\Gasshow\\Documents\\学习\\学习资料\\大四上\\webApp\\reacBackend\\api\\auth\\index.js":{"path":"C:\\Users\\Gasshow\\Documents\\学习\\学习资料\\大四上\\webApp\\reacBackend\\api\\auth\\index.js","statementMap":{"0":{"start":{"line":3,"column":10},"end":{"line":3,"column":33}},"1":{"start":{"line":4,"column":0},"end":{"line":10,"column":2}},"2":{"start":{"line":6,"column":2},"end":{"line":8,"column":5}},"3":{"start":{"line":7,"column":4},"end":{"line":7,"column":21}},"4":{"start":{"line":9,"column":2},"end":{"line":9,"column":16}}},"fnMap":{"0":{"name":"(anonymous_0)","decl":{"start":{"line":4,"column":20},"end":{"line":4,"column":21}},"loc":{"start":{"line":4,"column":37},"end":{"line":10,"column":1}},"line":4},"1":{"name":"(anonymous_1)","decl":{"start":{"line":6,"column":40},"end":{"line":6,"column":41}},"loc":{"start":{"line":6,"column":64},"end":{"line":8,"column":3}},"line":6}},"branchMap":{},"s":{"0":1,"1":1,"2":32,"3":32,"4":32},"f":{"0":32,"1":32},"b":{},"inputSourceMap":{"version":3,"names":["jwt","require","exports","jwtVerify","token","result","verify","process","env","SECRET","err","decoded"],"sourceRoot":"C:\\Users\\Gasshow\\Documents\\学习\\学习资料\\大四上\\webApp\\reacBackend\\api\\auth\\","sources":["index.js"],"sourcesContent":["const jwt = require('jsonwebtoken')\r\n\r\nexports.jwtVerify = (token) => {\r\n  let result\r\n  jwt.verify(token, process.env.SECRET, function(err, decoded) {\r\n    result = decoded\r\n  })\r\n  return result\r\n}"],"mappings":";;AAAA,IAAMA,GAAG,GAAGC,OAAO,CAAC,cAAc,CAAC;AAEnCC,OAAO,CAACC,SAAS,GAAG,UAACC,KAAK,EAAK;EAC7B,IAAIC,MAAM;EACVL,GAAG,CAACM,MAAM,CAACF,KAAK,EAAEG,OAAO,CAACC,GAAG,CAACC,MAAM,EAAE,UAASC,GAAG,EAAEC,OAAO,EAAE;IAC3DN,MAAM,GAAGM,OAAO;EAClB,CAAC,CAAC;EACF,OAAON,MAAM;AACf,CAAC"},"_coverageSchema":"1a1c01bbd47fc00a2c39e90264f33305004495a9","hash":"152e1e2de41c2e7c8aa15f6f4d91b6863347665a","contentHash":"43d686d461b94115a71bed60b06e15267634f80941a6df8288a9d3e7a40f37d0"},"C:\\Users\\Gasshow\\Documents\\学习\\学习资料\\大四上\\webApp\\reacBackend\\routes\\genres.js":{"path":"C:\\Users\\Gasshow\\Documents\\学习\\学习资料\\大四上\\webApp\\reacBackend\\routes\\genres.js","statementMap":{"0":{"start":{"line":3,"column":14},"end":{"line":3,"column":32}},"1":{"start":{"line":4,"column":13},"end":{"line":4,"column":29}},"2":{"start":{"line":5,"column":11},"end":{"line":5,"column":46}},"3":{"start":{"line":8,"column":0},"end":{"line":10,"column":3}},"4":{"start":{"line":9,"column":2},"end":{"line":9,"column":17}},"5":{"start":{"line":11,"column":0},"end":{"line":11,"column":24}}},"fnMap":{"0":{"name":"(anonymous_0)","decl":{"start":{"line":8,"column":16},"end":{"line":8,"column":17}},"loc":{"start":{"line":8,"column":42},"end":{"line":10,"column":1}},"line":8}},"branchMap":{},"s":{"0":1,"1":1,"2":1,"3":1,"4":1,"5":1},"f":{"0":1},"b":{},"inputSourceMap":{"version":3,"names":["express","require","router","Router","data","get","req","res","next","json","module","exports"],"sourceRoot":"C:\\Users\\Gasshow\\Documents\\学习\\学习资料\\大四上\\webApp\\reacBackend\\routes\\","sources":["genres.js"],"sourcesContent":["var express = require('express');\nvar router = express.Router();\nconst data = require('../api/genres/genresData')\n\n/* GET home page. */\nrouter.get('/', function(req, res, next) {\n  res.json(data)\n});\n\nmodule.exports = router;\n"],"mappings":";;AAAA,IAAIA,OAAO,GAAGC,OAAO,CAAC,SAAS,CAAC;AAChC,IAAIC,MAAM,GAAGF,OAAO,CAACG,MAAM,EAAE;AAC7B,IAAMC,IAAI,GAAGH,OAAO,CAAC,0BAA0B,CAAC;;AAEhD;AACAC,MAAM,CAACG,GAAG,CAAC,GAAG,EAAE,UAASC,GAAG,EAAEC,GAAG,EAAEC,IAAI,EAAE;EACvCD,GAAG,CAACE,IAAI,CAACL,IAAI,CAAC;AAChB,CAAC,CAAC;AAEFM,MAAM,CAACC,OAAO,GAAGT,MAAM"},"_coverageSchema":"1a1c01bbd47fc00a2c39e90264f33305004495a9","hash":"b4dd69dcc547c93a366f7b03117656ddf53859fd","contentHash":"bd64407f8a4f01058dd61fbf043afe5a9dfc185cade6f113eca0457aaa560fb5"},"C:\\Users\\Gasshow\\Documents\\学习\\学习资料\\大四上\\webApp\\reacBackend\\api\\genres\\genresData.js":{"path":"C:\\Users\\Gasshow\\Documents\\学习\\学习资料\\大四上\\webApp\\reacBackend\\api\\genres\\genresData.js","statementMap":{"0":{"start":{"line":3,"column":0},"end":{"line":62,"column":2}}},"fnMap":{},"branchMap":{},"s":{"0":1},"f":{},"b":{},"inputSourceMap":{"version":3,"names":["exports","data"],"sourceRoot":"C:\\Users\\Gasshow\\Documents\\学习\\学习资料\\大四上\\webApp\\reacBackend\\api\\genres\\","sources":["genresData.js"],"sourcesContent":["exports.data= {\n  \"genres\": [\n      {\n          \"id\": 28,\n          \"name\": \"Action\"\n      },\n      {\n          \"id\": 12,\n          \"name\": \"Adventure\"\n      },\n      {\n          \"id\": 16,\n          \"name\": \"Animation\"\n      },\n      {\n          \"id\": 35,\n          \"name\": \"Comedy\"\n      },\n      {\n          \"id\": 80,\n          \"name\": \"Crime\"\n      },\n      {\n          \"id\": 99,\n          \"name\": \"Documentary\"\n      },\n      {\n          \"id\": 18,\n          \"name\": \"Drama\"\n      },\n      {\n          \"id\": 10751,\n          \"name\": \"Family\"\n      },\n      {\n          \"id\": 14,\n          \"name\": \"Fantasy\"\n      },\n      {\n          \"id\": 36,\n          \"name\": \"History\"\n      },\n      {\n          \"id\": 27,\n          \"name\": \"Horror\"\n      },\n      {\n          \"id\": 10402,\n          \"name\": \"Music\"\n      },\n      {\n          \"id\": 9648,\n          \"name\": \"Mystery\"\n      },\n      {\n          \"id\": 10749,\n          \"name\": \"Romance\"\n      },\n      {\n          \"id\": 878,\n          \"name\": \"Science Fiction\"\n      },\n      {\n          \"id\": 10770,\n          \"name\": \"TV Movie\"\n      },\n      {\n          \"id\": 53,\n          \"name\": \"Thriller\"\n      },\n      {\n          \"id\": 10752,\n          \"name\": \"War\"\n      },\n      {\n          \"id\": 37,\n          \"name\": \"Western\"\n      }\n  ]\n};"],"mappings":";;AAAAA,OAAO,CAACC,IAAI,GAAE;EACZ,QAAQ,EAAE,CACN;IACI,IAAI,EAAE,EAAE;IACR,MAAM,EAAE;EACZ,CAAC,EACD;IACI,IAAI,EAAE,EAAE;IACR,MAAM,EAAE;EACZ,CAAC,EACD;IACI,IAAI,EAAE,EAAE;IACR,MAAM,EAAE;EACZ,CAAC,EACD;IACI,IAAI,EAAE,EAAE;IACR,MAAM,EAAE;EACZ,CAAC,EACD;IACI,IAAI,EAAE,EAAE;IACR,MAAM,EAAE;EACZ,CAAC,EACD;IACI,IAAI,EAAE,EAAE;IACR,MAAM,EAAE;EACZ,CAAC,EACD;IACI,IAAI,EAAE,EAAE;IACR,MAAM,EAAE;EACZ,CAAC,EACD;IACI,IAAI,EAAE,KAAK;IACX,MAAM,EAAE;EACZ,CAAC,EACD;IACI,IAAI,EAAE,EAAE;IACR,MAAM,EAAE;EACZ,CAAC,EACD;IACI,IAAI,EAAE,EAAE;IACR,MAAM,EAAE;EACZ,CAAC,EACD;IACI,IAAI,EAAE,EAAE;IACR,MAAM,EAAE;EACZ,CAAC,EACD;IACI,IAAI,EAAE,KAAK;IACX,MAAM,EAAE;EACZ,CAAC,EACD;IACI,IAAI,EAAE,IAAI;IACV,MAAM,EAAE;EACZ,CAAC,EACD;IACI,IAAI,EAAE,KAAK;IACX,MAAM,EAAE;EACZ,CAAC,EACD;IACI,IAAI,EAAE,GAAG;IACT,MAAM,EAAE;EACZ,CAAC,EACD;IACI,IAAI,EAAE,KAAK;IACX,MAAM,EAAE;EACZ,CAAC,EACD;IACI,IAAI,EAAE,EAAE;IACR,MAAM,EAAE;EACZ,CAAC,EACD;IACI,IAAI,EAAE,KAAK;IACX,MAAM,EAAE;EACZ,CAAC,EACD;IACI,IAAI,EAAE,EAAE;IACR,MAAM,EAAE;EACZ,CAAC;AAEP,CAAC"},"_coverageSchema":"1a1c01bbd47fc00a2c39e90264f33305004495a9","hash":"1f908f2965f1056051b81b1f3517eb31092e8256","contentHash":"dcd2eb9f6f0f89cb8db746e56ac6ee3b7085794bb898ab5e3c253b2b19b92af3"}}