{"C:\\Users\\Gasshow\\Documents\\学习\\学习资料\\大四上\\webApp\\reacBackend\\app.js":{"path":"C:\\Users\\Gasshow\\Documents\\学习\\学习资料\\大四上\\webApp\\reacBackend\\app.js","statementMap":{"0":{"start":{"line":3,"column":18},"end":{"line":3,"column":40}},"1":{"start":{"line":4,"column":14},"end":{"line":4,"column":32}},"2":{"start":{"line":5,"column":11},"end":{"line":5,"column":26}},"3":{"start":{"line":6,"column":19},"end":{"line":6,"column":43}},"4":{"start":{"line":7,"column":13},"end":{"line":7,"column":30}},"5":{"start":{"line":8,"column":11},"end":{"line":8,"column":26}},"6":{"start":{"line":9,"column":0},"end":{"line":9,"column":16}},"7":{"start":{"line":10,"column":18},"end":{"line":10,"column":43}},"8":{"start":{"line":11,"column":18},"end":{"line":11,"column":43}},"9":{"start":{"line":12,"column":19},"end":{"line":12,"column":45}},"10":{"start":{"line":13,"column":10},"end":{"line":13,"column":19}},"11":{"start":{"line":14,"column":0},"end":{"line":14,"column":16}},"12":{"start":{"line":16,"column":0},"end":{"line":16,"column":48}},"13":{"start":{"line":17,"column":0},"end":{"line":17,"column":31}},"14":{"start":{"line":18,"column":0},"end":{"line":18,"column":23}},"15":{"start":{"line":19,"column":0},"end":{"line":19,"column":24}},"16":{"start":{"line":20,"column":0},"end":{"line":22,"column":4}},"17":{"start":{"line":23,"column":0},"end":{"line":23,"column":24}},"18":{"start":{"line":24,"column":0},"end":{"line":24,"column":59}},"19":{"start":{"line":25,"column":0},"end":{"line":25,"column":26}},"20":{"start":{"line":26,"column":0},"end":{"line":26,"column":31}},"21":{"start":{"line":27,"column":0},"end":{"line":27,"column":33}},"22":{"start":{"line":30,"column":0},"end":{"line":32,"column":3}},"23":{"start":{"line":31,"column":2},"end":{"line":31,"column":25}},"24":{"start":{"line":35,"column":0},"end":{"line":43,"column":3}},"25":{"start":{"line":37,"column":2},"end":{"line":37,"column":35}},"26":{"start":{"line":38,"column":2},"end":{"line":38,"column":69}},"27":{"start":{"line":41,"column":2},"end":{"line":41,"column":32}},"28":{"start":{"line":42,"column":2},"end":{"line":42,"column":22}},"29":{"start":{"line":44,"column":0},"end":{"line":44,"column":21}}},"fnMap":{"0":{"name":"(anonymous_0)","decl":{"start":{"line":30,"column":8},"end":{"line":30,"column":9}},"loc":{"start":{"line":30,"column":34},"end":{"line":32,"column":1}},"line":30},"1":{"name":"(anonymous_1)","decl":{"start":{"line":35,"column":8},"end":{"line":35,"column":9}},"loc":{"start":{"line":35,"column":39},"end":{"line":43,"column":1}},"line":35}},"branchMap":{"0":{"loc":{"start":{"line":38,"column":21},"end":{"line":38,"column":68}},"type":"cond-expr","locations":[{"start":{"line":38,"column":60},"end":{"line":38,"column":63}},{"start":{"line":38,"column":66},"end":{"line":38,"column":68}}],"line":38},"1":{"loc":{"start":{"line":41,"column":13},"end":{"line":41,"column":30}},"type":"binary-expr","locations":[{"start":{"line":41,"column":13},"end":{"line":41,"column":23}},{"start":{"line":41,"column":27},"end":{"line":41,"column":30}}],"line":41}},"s":{"0":1,"1":1,"2":1,"3":1,"4":1,"5":1,"6":1,"7":1,"8":1,"9":1,"10":1,"11":1,"12":1,"13":1,"14":1,"15":1,"16":1,"17":1,"18":1,"19":1,"20":1,"21":1,"22":1,"23":0,"24":1,"25":0,"26":0,"27":0,"28":0,"29":1},"f":{"0":0,"1":0},"b":{"0":[0,0],"1":[0,0]},"inputSourceMap":{"version":3,"names":["createError","require","express","path","cookieParser","logger","cors","indexRouter","usersRouter","genresRouter","app","use","set","join","__dirname","json","urlencoded","extended","req","res","next","err","locals","message","error","get","status","render","module","exports"],"sourceRoot":"C:\\Users\\Gasshow\\Documents\\学习\\学习资料\\大四上\\webApp\\reacBackend\\","sources":["app.js"],"sourcesContent":["var createError = require('http-errors');\nvar express = require('express');\nvar path = require('path');\nvar cookieParser = require('cookie-parser');\nvar logger = require('morgan');\nvar cors = require('cors')\nrequire('./db')\n\nvar indexRouter = require('./routes/index');\nvar usersRouter = require('./routes/users');\nvar genresRouter = require('./routes/genres')\n\nvar app = express();\napp.use(cors())\n// view engine setup\napp.set('views', path.join(__dirname, 'views'));\napp.set('view engine', 'jade');\n\napp.use(logger('dev'));\napp.use(express.json());\napp.use(express.urlencoded({ extended: false }));\napp.use(cookieParser());\napp.use(express.static(path.join(__dirname, 'public')));\n\n\napp.use('/', indexRouter);\napp.use('/users', usersRouter);\napp.use('/genres', genresRouter);\n\n// catch 404 and forward to error handler\napp.use(function(req, res, next) {\n  next(createError(404));\n});\n\n// error handler\napp.use(function(err, req, res, next) {\n  // set locals, only providing error in development\n  res.locals.message = err.message;\n  res.locals.error = req.app.get('env') === 'development' ? err : {};\n\n  // render the error page\n  res.status(err.status || 500);\n  res.render('error');\n});\n\nmodule.exports = app;\n"],"mappings":";;AAAA,IAAIA,WAAW,GAAGC,OAAO,CAAC,aAAa,CAAC;AACxC,IAAIC,OAAO,GAAGD,OAAO,CAAC,SAAS,CAAC;AAChC,IAAIE,IAAI,GAAGF,OAAO,CAAC,MAAM,CAAC;AAC1B,IAAIG,YAAY,GAAGH,OAAO,CAAC,eAAe,CAAC;AAC3C,IAAII,MAAM,GAAGJ,OAAO,CAAC,QAAQ,CAAC;AAC9B,IAAIK,IAAI,GAAGL,OAAO,CAAC,MAAM,CAAC;AAC1BA,OAAO,CAAC,MAAM,CAAC;AAEf,IAAIM,WAAW,GAAGN,OAAO,CAAC,gBAAgB,CAAC;AAC3C,IAAIO,WAAW,GAAGP,OAAO,CAAC,gBAAgB,CAAC;AAC3C,IAAIQ,YAAY,GAAGR,OAAO,CAAC,iBAAiB,CAAC;AAE7C,IAAIS,GAAG,GAAGR,OAAO,EAAE;AACnBQ,GAAG,CAACC,GAAG,CAACL,IAAI,EAAE,CAAC;AACf;AACAI,GAAG,CAACE,GAAG,CAAC,OAAO,EAAET,IAAI,CAACU,IAAI,CAACC,SAAS,EAAE,OAAO,CAAC,CAAC;AAC/CJ,GAAG,CAACE,GAAG,CAAC,aAAa,EAAE,MAAM,CAAC;AAE9BF,GAAG,CAACC,GAAG,CAACN,MAAM,CAAC,KAAK,CAAC,CAAC;AACtBK,GAAG,CAACC,GAAG,CAACT,OAAO,CAACa,IAAI,EAAE,CAAC;AACvBL,GAAG,CAACC,GAAG,CAACT,OAAO,CAACc,UAAU,CAAC;EAAEC,QAAQ,EAAE;AAAM,CAAC,CAAC,CAAC;AAChDP,GAAG,CAACC,GAAG,CAACP,YAAY,EAAE,CAAC;AACvBM,GAAG,CAACC,GAAG,CAACT,OAAO,UAAO,CAACC,IAAI,CAACU,IAAI,CAACC,SAAS,EAAE,QAAQ,CAAC,CAAC,CAAC;AAGvDJ,GAAG,CAACC,GAAG,CAAC,GAAG,EAAEJ,WAAW,CAAC;AACzBG,GAAG,CAACC,GAAG,CAAC,QAAQ,EAAEH,WAAW,CAAC;AAC9BE,GAAG,CAACC,GAAG,CAAC,SAAS,EAAEF,YAAY,CAAC;;AAEhC;AACAC,GAAG,CAACC,GAAG,CAAC,UAASO,GAAG,EAAEC,GAAG,EAAEC,IAAI,EAAE;EAC/BA,IAAI,CAACpB,WAAW,CAAC,GAAG,CAAC,CAAC;AACxB,CAAC,CAAC;;AAEF;AACAU,GAAG,CAACC,GAAG,CAAC,UAASU,GAAG,EAAEH,GAAG,EAAEC,GAAG,EAAEC,IAAI,EAAE;EACpC;EACAD,GAAG,CAACG,MAAM,CAACC,OAAO,GAAGF,GAAG,CAACE,OAAO;EAChCJ,GAAG,CAACG,MAAM,CAACE,KAAK,GAAGN,GAAG,CAACR,GAAG,CAACe,GAAG,CAAC,KAAK,CAAC,KAAK,aAAa,GAAGJ,GAAG,GAAG,CAAC,CAAC;;EAElE;EACAF,GAAG,CAACO,MAAM,CAACL,GAAG,CAACK,MAAM,IAAI,GAAG,CAAC;EAC7BP,GAAG,CAACQ,MAAM,CAAC,OAAO,CAAC;AACrB,CAAC,CAAC;AAEFC,MAAM,CAACC,OAAO,GAAGnB,GAAG"},"_coverageSchema":"1a1c01bbd47fc00a2c39e90264f33305004495a9","hash":"57617a4c60a483353f28df838c480982575567a7","contentHash":"bec24632b6f730c2269d82cc07332a256f0d6dab04c09a2e3ec49425e8a9b7ec"},"C:\\Users\\Gasshow\\Documents\\学习\\学习资料\\大四上\\webApp\\reacBackend\\db\\index.js":{"path":"C:\\Users\\Gasshow\\Documents\\学习\\学习资料\\大四上\\webApp\\reacBackend\\db\\index.js","statementMap":{"0":{"start":{"line":3,"column":13},"end":{"line":3,"column":30}},"1":{"start":{"line":4,"column":15},"end":{"line":4,"column":34}},"2":{"start":{"line":5,"column":0},"end":{"line":5,"column":16}},"3":{"start":{"line":8,"column":0},"end":{"line":8,"column":35}},"4":{"start":{"line":9,"column":0},"end":{"line":9,"column":39}},"5":{"start":{"line":10,"column":9},"end":{"line":10,"column":28}},"6":{"start":{"line":11,"column":0},"end":{"line":13,"column":3}},"7":{"start":{"line":12,"column":2},"end":{"line":12,"column":57}},"8":{"start":{"line":14,"column":0},"end":{"line":16,"column":3}},"9":{"start":{"line":15,"column":2},"end":{"line":15,"column":39}},"10":{"start":{"line":17,"column":0},"end":{"line":19,"column":3}},"11":{"start":{"line":18,"column":2},"end":{"line":18,"column":80}}},"fnMap":{"0":{"name":"(anonymous_0)","decl":{"start":{"line":11,"column":15},"end":{"line":11,"column":16}},"loc":{"start":{"line":11,"column":30},"end":{"line":13,"column":1}},"line":11},"1":{"name":"(anonymous_1)","decl":{"start":{"line":14,"column":22},"end":{"line":14,"column":23}},"loc":{"start":{"line":14,"column":34},"end":{"line":16,"column":1}},"line":14},"2":{"name":"(anonymous_2)","decl":{"start":{"line":17,"column":16},"end":{"line":17,"column":17}},"loc":{"start":{"line":17,"column":28},"end":{"line":19,"column":1}},"line":17}},"branchMap":{},"s":{"0":1,"1":1,"2":1,"3":1,"4":1,"5":1,"6":1,"7":0,"8":1,"9":0,"10":1,"11":1},"f":{"0":0,"1":0,"2":1},"b":{},"inputSourceMap":{"version":3,"names":["dotenv","require","mongoose","config","set","connect","process","env","MONGO_DB","db","connection","on","err","console","log","once","name","host"],"sourceRoot":"C:\\Users\\Gasshow\\Documents\\学习\\学习资料\\大四上\\webApp\\reacBackend\\db\\","sources":["index.js"],"sourcesContent":["const dotenv = require(\"dotenv\")\nconst mongoose = require('mongoose')\n\ndotenv.config();\n\n// Connect to database\nmongoose.set(\"strictQuery\", false);\nmongoose.connect(process.env.MONGO_DB);\nconst db = mongoose.connection;\n\ndb.on('error', (err) => {\n    console.log(`database connection error: ${err}`);\n});\ndb.on('disconnected', () => {\n    console.log('database disconnected');\n});\ndb.once('open', () => {\n    console.log(`database connected to ${db.name} on ${db.host}`);\n})"],"mappings":";;AAAA,IAAMA,MAAM,GAAGC,OAAO,CAAC,QAAQ,CAAC;AAChC,IAAMC,QAAQ,GAAGD,OAAO,CAAC,UAAU,CAAC;AAEpCD,MAAM,CAACG,MAAM,EAAE;;AAEf;AACAD,QAAQ,CAACE,GAAG,CAAC,aAAa,EAAE,KAAK,CAAC;AAClCF,QAAQ,CAACG,OAAO,CAACC,OAAO,CAACC,GAAG,CAACC,QAAQ,CAAC;AACtC,IAAMC,EAAE,GAAGP,QAAQ,CAACQ,UAAU;AAE9BD,EAAE,CAACE,EAAE,CAAC,OAAO,EAAE,UAACC,GAAG,EAAK;EACpBC,OAAO,CAACC,GAAG,sCAA+BF,GAAG,EAAG;AACpD,CAAC,CAAC;AACFH,EAAE,CAACE,EAAE,CAAC,cAAc,EAAE,YAAM;EACxBE,OAAO,CAACC,GAAG,CAAC,uBAAuB,CAAC;AACxC,CAAC,CAAC;AACFL,EAAE,CAACM,IAAI,CAAC,MAAM,EAAE,YAAM;EAClBF,OAAO,CAACC,GAAG,iCAA0BL,EAAE,CAACO,IAAI,iBAAOP,EAAE,CAACQ,IAAI,EAAG;AACjE,CAAC,CAAC"},"_coverageSchema":"1a1c01bbd47fc00a2c39e90264f33305004495a9","hash":"adcdbfbbada4417e6f7e5635ee4f8db502b2229c","contentHash":"0b179a295720c52ff4f08f497649f4f00f9a9e577e0c10ef7f74aadf0527a5dd"},"C:\\Users\\Gasshow\\Documents\\学习\\学习资料\\大四上\\webApp\\reacBackend\\routes\\index.js":{"path":"C:\\Users\\Gasshow\\Documents\\学习\\学习资料\\大四上\\webApp\\reacBackend\\routes\\index.js","statementMap":{"0":{"start":{"line":3,"column":14},"end":{"line":3,"column":32}},"1":{"start":{"line":4,"column":13},"end":{"line":4,"column":29}},"2":{"start":{"line":7,"column":0},"end":{"line":11,"column":3}},"3":{"start":{"line":8,"column":2},"end":{"line":10,"column":5}},"4":{"start":{"line":12,"column":0},"end":{"line":12,"column":24}}},"fnMap":{"0":{"name":"(anonymous_0)","decl":{"start":{"line":7,"column":16},"end":{"line":7,"column":17}},"loc":{"start":{"line":7,"column":42},"end":{"line":11,"column":1}},"line":7}},"branchMap":{},"s":{"0":1,"1":1,"2":1,"3":0,"4":1},"f":{"0":0},"b":{},"inputSourceMap":{"version":3,"names":["express","require","router","Router","get","req","res","next","render","title","module","exports"],"sourceRoot":"C:\\Users\\Gasshow\\Documents\\学习\\学习资料\\大四上\\webApp\\reacBackend\\routes\\","sources":["index.js"],"sourcesContent":["var express = require('express');\nvar router = express.Router();\n\n/* GET home page. */\nrouter.get('/', function(req, res, next) {\n  res.render('index', { title: 'Express' });\n});\n\nmodule.exports = router;\n"],"mappings":";;AAAA,IAAIA,OAAO,GAAGC,OAAO,CAAC,SAAS,CAAC;AAChC,IAAIC,MAAM,GAAGF,OAAO,CAACG,MAAM,EAAE;;AAE7B;AACAD,MAAM,CAACE,GAAG,CAAC,GAAG,EAAE,UAASC,GAAG,EAAEC,GAAG,EAAEC,IAAI,EAAE;EACvCD,GAAG,CAACE,MAAM,CAAC,OAAO,EAAE;IAAEC,KAAK,EAAE;EAAU,CAAC,CAAC;AAC3C,CAAC,CAAC;AAEFC,MAAM,CAACC,OAAO,GAAGT,MAAM"},"_coverageSchema":"1a1c01bbd47fc00a2c39e90264f33305004495a9","hash":"5e64897f922aff0d78258d9687cd7d656d11271f","contentHash":"35ecf2e531276b2f0f8c4443eeae6c08f3f5c2718a645c2741f6ddead7fd1e3e"},"C:\\Users\\Gasshow\\Documents\\学习\\学习资料\\大四上\\webApp\\reacBackend\\routes\\users.js":{"path":"C:\\Users\\Gasshow\\Documents\\学习\\学习资料\\大四上\\webApp\\reacBackend\\routes\\users.js","statementMap":{"0":{"start":{"line":3,"column":29},"end":{"line":3,"column":84}},"1":{"start":{"line":4,"column":19},"end":{"line":4,"column":80}},"2":{"start":{"line":5,"column":25},"end":{"line":5,"column":99}},"3":{"start":{"line":6,"column":14},"end":{"line":6,"column":32}},"4":{"start":{"line":7,"column":13},"end":{"line":7,"column":29}},"5":{"start":{"line":8,"column":17},"end":{"line":8,"column":46}},"6":{"start":{"line":11,"column":0},"end":{"line":38,"column":5}},"7":{"start":{"line":12,"column":13},"end":{"line":34,"column":5}},"8":{"start":{"line":13,"column":4},"end":{"line":33,"column":16}},"9":{"start":{"line":14,"column":6},"end":{"line":32,"column":7}},"10":{"start":{"line":14,"column":16},"end":{"line":32,"column":7}},"11":{"start":{"line":16,"column":10},"end":{"line":19,"column":11}},"12":{"start":{"line":17,"column":12},"end":{"line":17,"column":30}},"13":{"start":{"line":18,"column":12},"end":{"line":18,"column":18}},"14":{"start":{"line":20,"column":10},"end":{"line":20,"column":28}},"15":{"start":{"line":21,"column":10},"end":{"line":21,"column":51}},"16":{"start":{"line":23,"column":10},"end":{"line":23,"column":58}},"17":{"start":{"line":25,"column":10},"end":{"line":28,"column":13}},"18":{"start":{"line":31,"column":10},"end":{"line":31,"column":33}},"19":{"start":{"line":35,"column":2},"end":{"line":37,"column":4}},"20":{"start":{"line":36,"column":4},"end":{"line":36,"column":39}},"21":{"start":{"line":39,"column":0},"end":{"line":66,"column":5}},"22":{"start":{"line":40,"column":14},"end":{"line":62,"column":5}},"23":{"start":{"line":41,"column":4},"end":{"line":61,"column":17}},"24":{"start":{"line":42,"column":6},"end":{"line":60,"column":7}},"25":{"start":{"line":42,"column":16},"end":{"line":60,"column":7}},"26":{"start":{"line":44,"column":10},"end":{"line":47,"column":11}},"27":{"start":{"line":45,"column":12},"end":{"line":45,"column":31}},"28":{"start":{"line":46,"column":12},"end":{"line":46,"column":18}},"29":{"start":{"line":48,"column":10},"end":{"line":48,"column":29}},"30":{"start":{"line":49,"column":10},"end":{"line":49,"column":53}},"31":{"start":{"line":51,"column":10},"end":{"line":51,"column":60}},"32":{"start":{"line":53,"column":10},"end":{"line":56,"column":13}},"33":{"start":{"line":59,"column":10},"end":{"line":59,"column":34}},"34":{"start":{"line":63,"column":2},"end":{"line":65,"column":4}},"35":{"start":{"line":64,"column":4},"end":{"line":64,"column":40}},"36":{"start":{"line":67,"column":0},"end":{"line":94,"column":5}},"37":{"start":{"line":68,"column":14},"end":{"line":90,"column":5}},"38":{"start":{"line":69,"column":4},"end":{"line":89,"column":17}},"39":{"start":{"line":70,"column":6},"end":{"line":88,"column":7}},"40":{"start":{"line":70,"column":16},"end":{"line":88,"column":7}},"41":{"start":{"line":72,"column":10},"end":{"line":75,"column":11}},"42":{"start":{"line":73,"column":12},"end":{"line":73,"column":31}},"43":{"start":{"line":74,"column":12},"end":{"line":74,"column":18}},"44":{"start":{"line":76,"column":10},"end":{"line":76,"column":29}},"45":{"start":{"line":77,"column":10},"end":{"line":77,"column":51}},"46":{"start":{"line":79,"column":10},"end":{"line":79,"column":60}},"47":{"start":{"line":81,"column":10},"end":{"line":84,"column":13}},"48":{"start":{"line":87,"column":10},"end":{"line":87,"column":34}},"49":{"start":{"line":91,"column":2},"end":{"line":93,"column":4}},"50":{"start":{"line":92,"column":4},"end":{"line":92,"column":40}},"51":{"start":{"line":95,"column":0},"end":{"line":122,"column":5}},"52":{"start":{"line":96,"column":14},"end":{"line":118,"column":5}},"53":{"start":{"line":97,"column":4},"end":{"line":117,"column":17}},"54":{"start":{"line":98,"column":6},"end":{"line":116,"column":7}},"55":{"start":{"line":98,"column":16},"end":{"line":116,"column":7}},"56":{"start":{"line":100,"column":10},"end":{"line":103,"column":11}},"57":{"start":{"line":101,"column":12},"end":{"line":101,"column":31}},"58":{"start":{"line":102,"column":12},"end":{"line":102,"column":18}},"59":{"start":{"line":104,"column":10},"end":{"line":104,"column":29}},"60":{"start":{"line":105,"column":10},"end":{"line":105,"column":51}},"61":{"start":{"line":107,"column":10},"end":{"line":107,"column":60}},"62":{"start":{"line":109,"column":10},"end":{"line":112,"column":13}},"63":{"start":{"line":115,"column":10},"end":{"line":115,"column":34}},"64":{"start":{"line":119,"column":2},"end":{"line":121,"column":4}},"65":{"start":{"line":120,"column":4},"end":{"line":120,"column":40}},"66":{"start":{"line":123,"column":0},"end":{"line":150,"column":5}},"67":{"start":{"line":124,"column":14},"end":{"line":146,"column":5}},"68":{"start":{"line":125,"column":4},"end":{"line":145,"column":17}},"69":{"start":{"line":126,"column":6},"end":{"line":144,"column":7}},"70":{"start":{"line":126,"column":16},"end":{"line":144,"column":7}},"71":{"start":{"line":128,"column":10},"end":{"line":131,"column":11}},"72":{"start":{"line":129,"column":12},"end":{"line":129,"column":31}},"73":{"start":{"line":130,"column":12},"end":{"line":130,"column":18}},"74":{"start":{"line":132,"column":10},"end":{"line":132,"column":29}},"75":{"start":{"line":133,"column":10},"end":{"line":133,"column":54}},"76":{"start":{"line":135,"column":10},"end":{"line":135,"column":60}},"77":{"start":{"line":137,"column":10},"end":{"line":140,"column":13}},"78":{"start":{"line":143,"column":10},"end":{"line":143,"column":34}},"79":{"start":{"line":147,"column":2},"end":{"line":149,"column":4}},"80":{"start":{"line":148,"column":4},"end":{"line":148,"column":40}},"81":{"start":{"line":151,"column":0},"end":{"line":178,"column":5}},"82":{"start":{"line":152,"column":14},"end":{"line":174,"column":5}},"83":{"start":{"line":153,"column":4},"end":{"line":173,"column":17}},"84":{"start":{"line":154,"column":6},"end":{"line":172,"column":7}},"85":{"start":{"line":154,"column":16},"end":{"line":172,"column":7}},"86":{"start":{"line":156,"column":10},"end":{"line":159,"column":11}},"87":{"start":{"line":157,"column":12},"end":{"line":157,"column":31}},"88":{"start":{"line":158,"column":12},"end":{"line":158,"column":18}},"89":{"start":{"line":160,"column":10},"end":{"line":160,"column":29}},"90":{"start":{"line":161,"column":10},"end":{"line":161,"column":53}},"91":{"start":{"line":163,"column":10},"end":{"line":163,"column":60}},"92":{"start":{"line":165,"column":10},"end":{"line":168,"column":13}},"93":{"start":{"line":171,"column":10},"end":{"line":171,"column":34}},"94":{"start":{"line":175,"column":2},"end":{"line":177,"column":4}},"95":{"start":{"line":176,"column":4},"end":{"line":176,"column":40}},"96":{"start":{"line":179,"column":0},"end":{"line":197,"column":5}},"97":{"start":{"line":180,"column":14},"end":{"line":193,"column":5}},"98":{"start":{"line":181,"column":4},"end":{"line":192,"column":17}},"99":{"start":{"line":182,"column":6},"end":{"line":191,"column":7}},"100":{"start":{"line":182,"column":16},"end":{"line":191,"column":7}},"101":{"start":{"line":184,"column":10},"end":{"line":184,"column":29}},"102":{"start":{"line":185,"column":10},"end":{"line":185,"column":47}},"103":{"start":{"line":187,"column":10},"end":{"line":187,"column":60}},"104":{"start":{"line":190,"column":10},"end":{"line":190,"column":34}},"105":{"start":{"line":194,"column":2},"end":{"line":196,"column":4}},"106":{"start":{"line":195,"column":4},"end":{"line":195,"column":40}},"107":{"start":{"line":203,"column":0},"end":{"line":205,"column":3}},"108":{"start":{"line":204,"column":2},"end":{"line":204,"column":39}},"109":{"start":{"line":206,"column":0},"end":{"line":206,"column":24}}},"fnMap":{"0":{"name":"(anonymous_0)","decl":{"start":{"line":11,"column":38},"end":{"line":11,"column":39}},"loc":{"start":{"line":11,"column":50},"end":{"line":38,"column":1}},"line":11},"1":{"name":"_callee","decl":{"start":{"line":12,"column":100},"end":{"line":12,"column":107}},"loc":{"start":{"line":12,"column":124},"end":{"line":34,"column":3}},"line":12},"2":{"name":"_callee$","decl":{"start":{"line":13,"column":49},"end":{"line":13,"column":57}},"loc":{"start":{"line":13,"column":68},"end":{"line":33,"column":5}},"line":13},"3":{"name":"(anonymous_3)","decl":{"start":{"line":35,"column":9},"end":{"line":35,"column":10}},"loc":{"start":{"line":35,"column":33},"end":{"line":37,"column":3}},"line":35},"4":{"name":"(anonymous_4)","decl":{"start":{"line":39,"column":40},"end":{"line":39,"column":41}},"loc":{"start":{"line":39,"column":52},"end":{"line":66,"column":1}},"line":39},"5":{"name":"_callee2","decl":{"start":{"line":40,"column":101},"end":{"line":40,"column":109}},"loc":{"start":{"line":40,"column":120},"end":{"line":62,"column":3}},"line":40},"6":{"name":"_callee2$","decl":{"start":{"line":41,"column":49},"end":{"line":41,"column":58}},"loc":{"start":{"line":41,"column":70},"end":{"line":61,"column":5}},"line":41},"7":{"name":"(anonymous_7)","decl":{"start":{"line":63,"column":9},"end":{"line":63,"column":10}},"loc":{"start":{"line":63,"column":29},"end":{"line":65,"column":3}},"line":63},"8":{"name":"(anonymous_8)","decl":{"start":{"line":67,"column":42},"end":{"line":67,"column":43}},"loc":{"start":{"line":67,"column":54},"end":{"line":94,"column":1}},"line":67},"9":{"name":"_callee3","decl":{"start":{"line":68,"column":101},"end":{"line":68,"column":109}},"loc":{"start":{"line":68,"column":120},"end":{"line":90,"column":3}},"line":68},"10":{"name":"_callee3$","decl":{"start":{"line":69,"column":49},"end":{"line":69,"column":58}},"loc":{"start":{"line":69,"column":70},"end":{"line":89,"column":5}},"line":69},"11":{"name":"(anonymous_11)","decl":{"start":{"line":91,"column":9},"end":{"line":91,"column":10}},"loc":{"start":{"line":91,"column":29},"end":{"line":93,"column":3}},"line":91},"12":{"name":"(anonymous_12)","decl":{"start":{"line":95,"column":42},"end":{"line":95,"column":43}},"loc":{"start":{"line":95,"column":54},"end":{"line":122,"column":1}},"line":95},"13":{"name":"_callee4","decl":{"start":{"line":96,"column":101},"end":{"line":96,"column":109}},"loc":{"start":{"line":96,"column":120},"end":{"line":118,"column":3}},"line":96},"14":{"name":"_callee4$","decl":{"start":{"line":97,"column":49},"end":{"line":97,"column":58}},"loc":{"start":{"line":97,"column":70},"end":{"line":117,"column":5}},"line":97},"15":{"name":"(anonymous_15)","decl":{"start":{"line":119,"column":9},"end":{"line":119,"column":10}},"loc":{"start":{"line":119,"column":29},"end":{"line":121,"column":3}},"line":119},"16":{"name":"(anonymous_16)","decl":{"start":{"line":123,"column":45},"end":{"line":123,"column":46}},"loc":{"start":{"line":123,"column":57},"end":{"line":150,"column":1}},"line":123},"17":{"name":"_callee5","decl":{"start":{"line":124,"column":101},"end":{"line":124,"column":109}},"loc":{"start":{"line":124,"column":120},"end":{"line":146,"column":3}},"line":124},"18":{"name":"_callee5$","decl":{"start":{"line":125,"column":49},"end":{"line":125,"column":58}},"loc":{"start":{"line":125,"column":70},"end":{"line":145,"column":5}},"line":125},"19":{"name":"(anonymous_19)","decl":{"start":{"line":147,"column":9},"end":{"line":147,"column":10}},"loc":{"start":{"line":147,"column":31},"end":{"line":149,"column":3}},"line":147},"20":{"name":"(anonymous_20)","decl":{"start":{"line":151,"column":44},"end":{"line":151,"column":45}},"loc":{"start":{"line":151,"column":56},"end":{"line":178,"column":1}},"line":151},"21":{"name":"_callee6","decl":{"start":{"line":152,"column":101},"end":{"line":152,"column":109}},"loc":{"start":{"line":152,"column":120},"end":{"line":174,"column":3}},"line":152},"22":{"name":"_callee6$","decl":{"start":{"line":153,"column":49},"end":{"line":153,"column":58}},"loc":{"start":{"line":153,"column":70},"end":{"line":173,"column":5}},"line":153},"23":{"name":"(anonymous_23)","decl":{"start":{"line":175,"column":9},"end":{"line":175,"column":10}},"loc":{"start":{"line":175,"column":31},"end":{"line":177,"column":3}},"line":175},"24":{"name":"(anonymous_24)","decl":{"start":{"line":179,"column":30},"end":{"line":179,"column":31}},"loc":{"start":{"line":179,"column":42},"end":{"line":197,"column":1}},"line":179},"25":{"name":"_callee7","decl":{"start":{"line":180,"column":101},"end":{"line":180,"column":109}},"loc":{"start":{"line":180,"column":126},"end":{"line":193,"column":3}},"line":180},"26":{"name":"_callee7$","decl":{"start":{"line":181,"column":49},"end":{"line":181,"column":58}},"loc":{"start":{"line":181,"column":70},"end":{"line":192,"column":5}},"line":181},"27":{"name":"(anonymous_27)","decl":{"start":{"line":194,"column":9},"end":{"line":194,"column":10}},"loc":{"start":{"line":194,"column":37},"end":{"line":196,"column":3}},"line":194},"28":{"name":"(anonymous_28)","decl":{"start":{"line":203,"column":16},"end":{"line":203,"column":17}},"loc":{"start":{"line":203,"column":42},"end":{"line":205,"column":1}},"line":203}},"branchMap":{"0":{"loc":{"start":{"line":14,"column":16},"end":{"line":32,"column":7}},"type":"switch","locations":[{"start":{"line":15,"column":8},"end":{"line":21,"column":51}},{"start":{"line":22,"column":8},"end":{"line":23,"column":58}},{"start":{"line":24,"column":8},"end":{"line":28,"column":13}},{"start":{"line":29,"column":8},"end":{"line":29,"column":15}},{"start":{"line":30,"column":8},"end":{"line":31,"column":33}}],"line":14},"1":{"loc":{"start":{"line":16,"column":10},"end":{"line":19,"column":11}},"type":"if","locations":[{"start":{"line":16,"column":10},"end":{"line":19,"column":11}},{"start":{"line":16,"column":10},"end":{"line":19,"column":11}}],"line":16},"2":{"loc":{"start":{"line":16,"column":16},"end":{"line":16,"column":45}},"type":"binary-expr","locations":[{"start":{"line":16,"column":16},"end":{"line":16,"column":27}},{"start":{"line":16,"column":31},"end":{"line":16,"column":45}}],"line":16},"3":{"loc":{"start":{"line":42,"column":16},"end":{"line":60,"column":7}},"type":"switch","locations":[{"start":{"line":43,"column":8},"end":{"line":49,"column":53}},{"start":{"line":50,"column":8},"end":{"line":51,"column":60}},{"start":{"line":52,"column":8},"end":{"line":56,"column":13}},{"start":{"line":57,"column":8},"end":{"line":57,"column":15}},{"start":{"line":58,"column":8},"end":{"line":59,"column":34}}],"line":42},"4":{"loc":{"start":{"line":44,"column":10},"end":{"line":47,"column":11}},"type":"if","locations":[{"start":{"line":44,"column":10},"end":{"line":47,"column":11}},{"start":{"line":44,"column":10},"end":{"line":47,"column":11}}],"line":44},"5":{"loc":{"start":{"line":44,"column":16},"end":{"line":44,"column":45}},"type":"binary-expr","locations":[{"start":{"line":44,"column":16},"end":{"line":44,"column":27}},{"start":{"line":44,"column":31},"end":{"line":44,"column":45}}],"line":44},"6":{"loc":{"start":{"line":70,"column":16},"end":{"line":88,"column":7}},"type":"switch","locations":[{"start":{"line":71,"column":8},"end":{"line":77,"column":51}},{"start":{"line":78,"column":8},"end":{"line":79,"column":60}},{"start":{"line":80,"column":8},"end":{"line":84,"column":13}},{"start":{"line":85,"column":8},"end":{"line":85,"column":15}},{"start":{"line":86,"column":8},"end":{"line":87,"column":34}}],"line":70},"7":{"loc":{"start":{"line":72,"column":10},"end":{"line":75,"column":11}},"type":"if","locations":[{"start":{"line":72,"column":10},"end":{"line":75,"column":11}},{"start":{"line":72,"column":10},"end":{"line":75,"column":11}}],"line":72},"8":{"loc":{"start":{"line":72,"column":16},"end":{"line":72,"column":45}},"type":"binary-expr","locations":[{"start":{"line":72,"column":16},"end":{"line":72,"column":27}},{"start":{"line":72,"column":31},"end":{"line":72,"column":45}}],"line":72},"9":{"loc":{"start":{"line":98,"column":16},"end":{"line":116,"column":7}},"type":"switch","locations":[{"start":{"line":99,"column":8},"end":{"line":105,"column":51}},{"start":{"line":106,"column":8},"end":{"line":107,"column":60}},{"start":{"line":108,"column":8},"end":{"line":112,"column":13}},{"start":{"line":113,"column":8},"end":{"line":113,"column":15}},{"start":{"line":114,"column":8},"end":{"line":115,"column":34}}],"line":98},"10":{"loc":{"start":{"line":100,"column":10},"end":{"line":103,"column":11}},"type":"if","locations":[{"start":{"line":100,"column":10},"end":{"line":103,"column":11}},{"start":{"line":100,"column":10},"end":{"line":103,"column":11}}],"line":100},"11":{"loc":{"start":{"line":100,"column":16},"end":{"line":100,"column":45}},"type":"binary-expr","locations":[{"start":{"line":100,"column":16},"end":{"line":100,"column":27}},{"start":{"line":100,"column":31},"end":{"line":100,"column":45}}],"line":100},"12":{"loc":{"start":{"line":126,"column":16},"end":{"line":144,"column":7}},"type":"switch","locations":[{"start":{"line":127,"column":8},"end":{"line":133,"column":54}},{"start":{"line":134,"column":8},"end":{"line":135,"column":60}},{"start":{"line":136,"column":8},"end":{"line":140,"column":13}},{"start":{"line":141,"column":8},"end":{"line":141,"column":15}},{"start":{"line":142,"column":8},"end":{"line":143,"column":34}}],"line":126},"13":{"loc":{"start":{"line":128,"column":10},"end":{"line":131,"column":11}},"type":"if","locations":[{"start":{"line":128,"column":10},"end":{"line":131,"column":11}},{"start":{"line":128,"column":10},"end":{"line":131,"column":11}}],"line":128},"14":{"loc":{"start":{"line":128,"column":16},"end":{"line":128,"column":45}},"type":"binary-expr","locations":[{"start":{"line":128,"column":16},"end":{"line":128,"column":27}},{"start":{"line":128,"column":31},"end":{"line":128,"column":45}}],"line":128},"15":{"loc":{"start":{"line":154,"column":16},"end":{"line":172,"column":7}},"type":"switch","locations":[{"start":{"line":155,"column":8},"end":{"line":161,"column":53}},{"start":{"line":162,"column":8},"end":{"line":163,"column":60}},{"start":{"line":164,"column":8},"end":{"line":168,"column":13}},{"start":{"line":169,"column":8},"end":{"line":169,"column":15}},{"start":{"line":170,"column":8},"end":{"line":171,"column":34}}],"line":154},"16":{"loc":{"start":{"line":156,"column":10},"end":{"line":159,"column":11}},"type":"if","locations":[{"start":{"line":156,"column":10},"end":{"line":159,"column":11}},{"start":{"line":156,"column":10},"end":{"line":159,"column":11}}],"line":156},"17":{"loc":{"start":{"line":156,"column":16},"end":{"line":156,"column":45}},"type":"binary-expr","locations":[{"start":{"line":156,"column":16},"end":{"line":156,"column":27}},{"start":{"line":156,"column":31},"end":{"line":156,"column":45}}],"line":156},"18":{"loc":{"start":{"line":182,"column":16},"end":{"line":191,"column":7}},"type":"switch","locations":[{"start":{"line":183,"column":8},"end":{"line":185,"column":47}},{"start":{"line":186,"column":8},"end":{"line":187,"column":60}},{"start":{"line":188,"column":8},"end":{"line":188,"column":15}},{"start":{"line":189,"column":8},"end":{"line":190,"column":34}}],"line":182}},"s":{"0":1,"1":1,"2":1,"3":1,"4":1,"5":1,"6":1,"7":1,"8":4,"9":6,"10":8,"11":4,"12":2,"13":2,"14":2,"15":2,"16":0,"17":2,"18":4,"19":1,"20":4,"21":1,"22":1,"23":4,"24":8,"25":8,"26":4,"27":0,"28":0,"29":4,"30":4,"31":0,"32":0,"33":4,"34":1,"35":4,"36":1,"37":1,"38":0,"39":0,"40":0,"41":0,"42":0,"43":0,"44":0,"45":0,"46":0,"47":0,"48":0,"49":1,"50":0,"51":1,"52":1,"53":0,"54":0,"55":0,"56":0,"57":0,"58":0,"59":0,"60":0,"61":0,"62":0,"63":0,"64":1,"65":0,"66":1,"67":1,"68":0,"69":0,"70":0,"71":0,"72":0,"73":0,"74":0,"75":0,"76":0,"77":0,"78":0,"79":1,"80":0,"81":1,"82":1,"83":0,"84":0,"85":0,"86":0,"87":0,"88":0,"89":0,"90":0,"91":0,"92":0,"93":0,"94":1,"95":0,"96":1,"97":1,"98":18,"99":54,"100":54,"101":18,"102":18,"103":18,"104":18,"105":1,"106":18,"107":1,"108":9,"109":1},"f":{"0":1,"1":4,"2":6,"3":4,"4":1,"5":4,"6":8,"7":4,"8":1,"9":0,"10":0,"11":0,"12":1,"13":0,"14":0,"15":0,"16":1,"17":0,"18":0,"19":0,"20":1,"21":0,"22":0,"23":0,"24":1,"25":18,"26":54,"27":18,"28":9},"b":{"0":[4,0,2,2,4],"1":[2,2],"2":[4,3],"3":[4,0,0,0,4],"4":[0,4],"5":[4,4],"6":[0,0,0,0,0],"7":[0,0],"8":[0,0],"9":[0,0,0,0,0],"10":[0,0],"11":[0,0],"12":[0,0,0,0,0],"13":[0,0],"14":[0,0],"15":[0,0,0,0,0],"16":[0,0],"17":[0,0],"18":[18,18,0,18]},"inputSourceMap":{"version":3,"names":["express","require","router","Router","userMethod","post","req","res","next","body","id","token","findUserById","status","json","code","msg","updateUserInfo","updateGenres","updateAvatar","updateFavMovies","resetFavGenres","register","get","findUser","module","exports"],"sourceRoot":"C:\\Users\\Gasshow\\Documents\\学习\\学习资料\\大四上\\webApp\\reacBackend\\routes\\","sources":["users.js"],"sourcesContent":["var express = require('express');\nvar router = express.Router();\nconst userMethod = require(\"../api/users/index\")\n\n/* GET home page. */\nrouter.post('/userInfo', async function(req, res, next) {\n  if(req.body.id && req.body.token) {\n    return await userMethod.findUserById(req, res)\n  }\n    else {\n      res.status(401).json({ code: 401, msg: 'Authentication failed. Invalid token' });\n    }\n  // const result = await userMethod.findUser()\n  // res.send(result)\n});\n\nrouter.post(\"/updateInfo\", async function(req, res) {\n  if(req.body.id && req.body.token) {\n    return await userMethod.updateUserInfo(req, res)\n  }\n  else {\n    res.status(401).json({ code: 401, msg: 'Authentication failed. Invalid token' });\n  }\n})\n\nrouter.post(\"/updateGenres\", async function(req, res) {\n  if(req.body.id && req.body.token) {\n    return await userMethod.updateGenres(req, res)\n  }\n  else {\n    res.status(401).json({ code: 401, msg: 'Authentication failed. Invalid token' });\n  }\n})\n\nrouter.post(\"/updateAvatar\", async function(req, res) {\n  if(req.body.id && req.body.token) {\n    return await userMethod.updateAvatar(req, res)\n  }\n  else {\n    res.status(401).json({ code: 401, msg: 'Authentication failed. Invalid token' });\n  }\n}) \n\nrouter.post(\"/updateFavMovies\", async function(req, res) {\n  if(req.body.id && req.body.token) {\n    return await userMethod.updateFavMovies(req, res)\n  }\n  else {\n    res.status(401).json({ code: 401, msg: 'Authentication failed. Invalid token' });\n  }\n}) \n\nrouter.post(\"/resetFavGenres\", async function(req, res) {\n  if(req.body.id && req.body.token) {\n    return await userMethod.resetFavGenres(req, res)\n  }\n  else {\n    res.status(401).json({ code: 401, msg: 'Authentication failed. Invalid token' });\n  }\n}) \n\n\nrouter.post('/', async function(req, res, next) {\n  return await userMethod.register(req, res)\n});\n\n// router.post('/:id', function(req, res, next) {\n//   return userMethod.updateUserInfo(req, res)\n// });\n\nrouter.get('/', function(req, res, next) {\n  return userMethod.findUser(req, res)\n});\n\n\nmodule.exports = router;\n"],"mappings":";;;;;AAAA,IAAIA,OAAO,GAAGC,OAAO,CAAC,SAAS,CAAC;AAChC,IAAIC,MAAM,GAAGF,OAAO,CAACG,MAAM,EAAE;AAC7B,IAAMC,UAAU,GAAGH,OAAO,CAAC,oBAAoB,CAAC;;AAEhD;AACAC,MAAM,CAACG,IAAI,CAAC,WAAW;EAAA,yFAAE,iBAAeC,GAAG,EAAEC,GAAG,EAAEC,IAAI;IAAA;MAAA;QAAA;UAAA,MACjDF,GAAG,CAACG,IAAI,CAACC,EAAE,IAAIJ,GAAG,CAACG,IAAI,CAACE,KAAK;YAAA;YAAA;UAAA;UAAA;UAAA,OACjBP,UAAU,CAACQ,YAAY,CAACN,GAAG,EAAEC,GAAG,CAAC;QAAA;UAAA;QAAA;UAG5CA,GAAG,CAACM,MAAM,CAAC,GAAG,CAAC,CAACC,IAAI,CAAC;YAAEC,IAAI,EAAE,GAAG;YAAEC,GAAG,EAAE;UAAuC,CAAC,CAAC;QAAC;QAAA;UAAA;MAAA;IAAA;EAAA,CAItF;EAAA;IAAA;EAAA;AAAA,IAAC;AAEFd,MAAM,CAACG,IAAI,CAAC,aAAa;EAAA,0FAAE,kBAAeC,GAAG,EAAEC,GAAG;IAAA;MAAA;QAAA;UAAA,MAC7CD,GAAG,CAACG,IAAI,CAACC,EAAE,IAAIJ,GAAG,CAACG,IAAI,CAACE,KAAK;YAAA;YAAA;UAAA;UAAA;UAAA,OACjBP,UAAU,CAACa,cAAc,CAACX,GAAG,EAAEC,GAAG,CAAC;QAAA;UAAA;QAAA;UAGhDA,GAAG,CAACM,MAAM,CAAC,GAAG,CAAC,CAACC,IAAI,CAAC;YAAEC,IAAI,EAAE,GAAG;YAAEC,GAAG,EAAE;UAAuC,CAAC,CAAC;QAAC;QAAA;UAAA;MAAA;IAAA;EAAA,CAEpF;EAAA;IAAA;EAAA;AAAA,IAAC;AAEFd,MAAM,CAACG,IAAI,CAAC,eAAe;EAAA,0FAAE,kBAAeC,GAAG,EAAEC,GAAG;IAAA;MAAA;QAAA;UAAA,MAC/CD,GAAG,CAACG,IAAI,CAACC,EAAE,IAAIJ,GAAG,CAACG,IAAI,CAACE,KAAK;YAAA;YAAA;UAAA;UAAA;UAAA,OACjBP,UAAU,CAACc,YAAY,CAACZ,GAAG,EAAEC,GAAG,CAAC;QAAA;UAAA;QAAA;UAG9CA,GAAG,CAACM,MAAM,CAAC,GAAG,CAAC,CAACC,IAAI,CAAC;YAAEC,IAAI,EAAE,GAAG;YAAEC,GAAG,EAAE;UAAuC,CAAC,CAAC;QAAC;QAAA;UAAA;MAAA;IAAA;EAAA,CAEpF;EAAA;IAAA;EAAA;AAAA,IAAC;AAEFd,MAAM,CAACG,IAAI,CAAC,eAAe;EAAA,0FAAE,kBAAeC,GAAG,EAAEC,GAAG;IAAA;MAAA;QAAA;UAAA,MAC/CD,GAAG,CAACG,IAAI,CAACC,EAAE,IAAIJ,GAAG,CAACG,IAAI,CAACE,KAAK;YAAA;YAAA;UAAA;UAAA;UAAA,OACjBP,UAAU,CAACe,YAAY,CAACb,GAAG,EAAEC,GAAG,CAAC;QAAA;UAAA;QAAA;UAG9CA,GAAG,CAACM,MAAM,CAAC,GAAG,CAAC,CAACC,IAAI,CAAC;YAAEC,IAAI,EAAE,GAAG;YAAEC,GAAG,EAAE;UAAuC,CAAC,CAAC;QAAC;QAAA;UAAA;MAAA;IAAA;EAAA,CAEpF;EAAA;IAAA;EAAA;AAAA,IAAC;AAEFd,MAAM,CAACG,IAAI,CAAC,kBAAkB;EAAA,0FAAE,kBAAeC,GAAG,EAAEC,GAAG;IAAA;MAAA;QAAA;UAAA,MAClDD,GAAG,CAACG,IAAI,CAACC,EAAE,IAAIJ,GAAG,CAACG,IAAI,CAACE,KAAK;YAAA;YAAA;UAAA;UAAA;UAAA,OACjBP,UAAU,CAACgB,eAAe,CAACd,GAAG,EAAEC,GAAG,CAAC;QAAA;UAAA;QAAA;UAGjDA,GAAG,CAACM,MAAM,CAAC,GAAG,CAAC,CAACC,IAAI,CAAC;YAAEC,IAAI,EAAE,GAAG;YAAEC,GAAG,EAAE;UAAuC,CAAC,CAAC;QAAC;QAAA;UAAA;MAAA;IAAA;EAAA,CAEpF;EAAA;IAAA;EAAA;AAAA,IAAC;AAEFd,MAAM,CAACG,IAAI,CAAC,iBAAiB;EAAA,0FAAE,kBAAeC,GAAG,EAAEC,GAAG;IAAA;MAAA;QAAA;UAAA,MACjDD,GAAG,CAACG,IAAI,CAACC,EAAE,IAAIJ,GAAG,CAACG,IAAI,CAACE,KAAK;YAAA;YAAA;UAAA;UAAA;UAAA,OACjBP,UAAU,CAACiB,cAAc,CAACf,GAAG,EAAEC,GAAG,CAAC;QAAA;UAAA;QAAA;UAGhDA,GAAG,CAACM,MAAM,CAAC,GAAG,CAAC,CAACC,IAAI,CAAC;YAAEC,IAAI,EAAE,GAAG;YAAEC,GAAG,EAAE;UAAuC,CAAC,CAAC;QAAC;QAAA;UAAA;MAAA;IAAA;EAAA,CAEpF;EAAA;IAAA;EAAA;AAAA,IAAC;AAGFd,MAAM,CAACG,IAAI,CAAC,GAAG;EAAA,0FAAE,kBAAeC,GAAG,EAAEC,GAAG,EAAEC,IAAI;IAAA;MAAA;QAAA;UAAA;UAAA,OAC/BJ,UAAU,CAACkB,QAAQ,CAAChB,GAAG,EAAEC,GAAG,CAAC;QAAA;UAAA;QAAA;QAAA;UAAA;MAAA;IAAA;EAAA,CAC3C;EAAA;IAAA;EAAA;AAAA,IAAC;;AAEF;AACA;AACA;;AAEAL,MAAM,CAACqB,GAAG,CAAC,GAAG,EAAE,UAASjB,GAAG,EAAEC,GAAG,EAAEC,IAAI,EAAE;EACvC,OAAOJ,UAAU,CAACoB,QAAQ,CAAClB,GAAG,EAAEC,GAAG,CAAC;AACtC,CAAC,CAAC;AAGFkB,MAAM,CAACC,OAAO,GAAGxB,MAAM"},"_coverageSchema":"1a1c01bbd47fc00a2c39e90264f33305004495a9","hash":"3a4dcbfb55f069c9279be3c0fdf52ceb544396d7","contentHash":"8f027fe502904c7e5d070dc2a9242c31db7d21409ee672ad91be837d41643ddb"},"C:\\Users\\Gasshow\\Documents\\学习\\学习资料\\大四上\\webApp\\reacBackend\\api\\users\\index.js":{"path":"C:\\Users\\Gasshow\\Documents\\学习\\学习资料\\大四上\\webApp\\reacBackend\\api\\users\\index.js","statementMap":{"0":{"start":{"line":3,"column":29},"end":{"line":3,"column":84}},"1":{"start":{"line":4,"column":19},"end":{"line":4,"column":80}},"2":{"start":{"line":5,"column":25},"end":{"line":5,"column":99}},"3":{"start":{"line":6,"column":11},"end":{"line":6,"column":33}},"4":{"start":{"line":7,"column":13},"end":{"line":7,"column":30}},"5":{"start":{"line":8,"column":10},"end":{"line":8,"column":33}},"6":{"start":{"line":9,"column":11},"end":{"line":9,"column":35}},"7":{"start":{"line":10,"column":10},"end":{"line":10,"column":50}},"8":{"start":{"line":11,"column":14},"end":{"line":11,"column":83}},"9":{"start":{"line":14,"column":0},"end":{"line":34,"column":4}},"10":{"start":{"line":15,"column":13},"end":{"line":30,"column":5}},"11":{"start":{"line":17,"column":4},"end":{"line":29,"column":16}},"12":{"start":{"line":18,"column":6},"end":{"line":28,"column":7}},"13":{"start":{"line":18,"column":16},"end":{"line":28,"column":7}},"14":{"start":{"line":20,"column":10},"end":{"line":20,"column":28}},"15":{"start":{"line":21,"column":10},"end":{"line":21,"column":29}},"16":{"start":{"line":23,"column":10},"end":{"line":23,"column":32}},"17":{"start":{"line":24,"column":10},"end":{"line":24,"column":38}},"18":{"start":{"line":27,"column":10},"end":{"line":27,"column":33}},"19":{"start":{"line":31,"column":2},"end":{"line":33,"column":4}},"20":{"start":{"line":32,"column":4},"end":{"line":32,"column":39}},"21":{"start":{"line":35,"column":0},"end":{"line":69,"column":4}},"22":{"start":{"line":36,"column":14},"end":{"line":65,"column":5}},"23":{"start":{"line":38,"column":4},"end":{"line":64,"column":17}},"24":{"start":{"line":39,"column":6},"end":{"line":63,"column":7}},"25":{"start":{"line":39,"column":16},"end":{"line":63,"column":7}},"26":{"start":{"line":41,"column":10},"end":{"line":41,"column":27}},"27":{"start":{"line":42,"column":10},"end":{"line":42,"column":33}},"28":{"start":{"line":43,"column":10},"end":{"line":43,"column":29}},"29":{"start":{"line":44,"column":10},"end":{"line":44,"column":39}},"30":{"start":{"line":46,"column":10},"end":{"line":46,"column":32}},"31":{"start":{"line":47,"column":10},"end":{"line":50,"column":11}},"32":{"start":{"line":48,"column":12},"end":{"line":48,"column":31}},"33":{"start":{"line":49,"column":12},"end":{"line":49,"column":18}},"34":{"start":{"line":51,"column":10},"end":{"line":54,"column":14}},"35":{"start":{"line":56,"column":10},"end":{"line":59,"column":14}},"36":{"start":{"line":62,"column":10},"end":{"line":62,"column":34}},"37":{"start":{"line":66,"column":2},"end":{"line":68,"column":4}},"38":{"start":{"line":67,"column":4},"end":{"line":67,"column":40}},"39":{"start":{"line":72,"column":0},"end":{"line":186,"column":4}},"40":{"start":{"line":73,"column":14},"end":{"line":182,"column":5}},"41":{"start":{"line":75,"column":4},"end":{"line":181,"column":17}},"42":{"start":{"line":76,"column":6},"end":{"line":180,"column":7}},"43":{"start":{"line":76,"column":16},"end":{"line":180,"column":7}},"44":{"start":{"line":78,"column":10},"end":{"line":81,"column":11}},"45":{"start":{"line":79,"column":12},"end":{"line":79,"column":31}},"46":{"start":{"line":80,"column":12},"end":{"line":80,"column":18}},"47":{"start":{"line":82,"column":10},"end":{"line":85,"column":13}},"48":{"start":{"line":86,"column":10},"end":{"line":86,"column":52}},"49":{"start":{"line":88,"column":10},"end":{"line":91,"column":11}},"50":{"start":{"line":89,"column":12},"end":{"line":89,"column":32}},"51":{"start":{"line":90,"column":12},"end":{"line":90,"column":18}},"52":{"start":{"line":92,"column":10},"end":{"line":95,"column":11}},"53":{"start":{"line":93,"column":12},"end":{"line":93,"column":31}},"54":{"start":{"line":94,"column":12},"end":{"line":94,"column":18}},"55":{"start":{"line":96,"column":10},"end":{"line":99,"column":14}},"56":{"start":{"line":101,"column":10},"end":{"line":104,"column":11}},"57":{"start":{"line":102,"column":12},"end":{"line":102,"column":32}},"58":{"start":{"line":103,"column":12},"end":{"line":103,"column":18}},"59":{"start":{"line":105,"column":10},"end":{"line":133,"column":13}},"60":{"start":{"line":106,"column":12},"end":{"line":108,"column":13}},"61":{"start":{"line":107,"column":14},"end":{"line":107,"column":25}},"62":{"start":{"line":109,"column":12},"end":{"line":132,"column":17}},"63":{"start":{"line":110,"column":26},"end":{"line":128,"column":17}},"64":{"start":{"line":111,"column":16},"end":{"line":127,"column":29}},"65":{"start":{"line":112,"column":18},"end":{"line":126,"column":19}},"66":{"start":{"line":112,"column":28},"end":{"line":126,"column":19}},"67":{"start":{"line":114,"column":22},"end":{"line":117,"column":23}},"68":{"start":{"line":115,"column":24},"end":{"line":115,"column":43}},"69":{"start":{"line":116,"column":24},"end":{"line":116,"column":30}},"70":{"start":{"line":118,"column":22},"end":{"line":118,"column":61}},"71":{"start":{"line":120,"column":22},"end":{"line":120,"column":47}},"72":{"start":{"line":121,"column":22},"end":{"line":121,"column":41}},"73":{"start":{"line":122,"column":22},"end":{"line":122,"column":51}},"74":{"start":{"line":125,"column":22},"end":{"line":125,"column":46}},"75":{"start":{"line":129,"column":14},"end":{"line":131,"column":16}},"76":{"start":{"line":130,"column":16},"end":{"line":130,"column":52}},"77":{"start":{"line":134,"column":10},"end":{"line":137,"column":14}},"78":{"start":{"line":139,"column":10},"end":{"line":142,"column":14}},"79":{"start":{"line":144,"column":10},"end":{"line":144,"column":30}},"80":{"start":{"line":145,"column":10},"end":{"line":145,"column":16}},"81":{"start":{"line":147,"column":10},"end":{"line":147,"column":30}},"82":{"start":{"line":148,"column":10},"end":{"line":148,"column":56}},"83":{"start":{"line":150,"column":10},"end":{"line":150,"column":32}},"84":{"start":{"line":151,"column":10},"end":{"line":154,"column":11}},"85":{"start":{"line":152,"column":12},"end":{"line":152,"column":32}},"86":{"start":{"line":153,"column":12},"end":{"line":153,"column":18}},"87":{"start":{"line":155,"column":10},"end":{"line":158,"column":14}},"88":{"start":{"line":160,"column":10},"end":{"line":176,"column":13}},"89":{"start":{"line":161,"column":12},"end":{"line":175,"column":13}},"90":{"start":{"line":163,"column":26},"end":{"line":163,"column":69}},"91":{"start":{"line":165,"column":14},"end":{"line":169,"column":17}},"92":{"start":{"line":171,"column":14},"end":{"line":174,"column":17}},"93":{"start":{"line":179,"column":10},"end":{"line":179,"column":34}},"94":{"start":{"line":183,"column":2},"end":{"line":185,"column":4}},"95":{"start":{"line":184,"column":4},"end":{"line":184,"column":40}},"96":{"start":{"line":189,"column":0},"end":{"line":313,"column":4}},"97":{"start":{"line":190,"column":14},"end":{"line":309,"column":5}},"98":{"start":{"line":192,"column":4},"end":{"line":308,"column":35}},"99":{"start":{"line":193,"column":6},"end":{"line":307,"column":7}},"100":{"start":{"line":193,"column":16},"end":{"line":307,"column":7}},"101":{"start":{"line":195,"column":10},"end":{"line":195,"column":29}},"102":{"start":{"line":196,"column":10},"end":{"line":196,"column":48}},"103":{"start":{"line":198,"column":10},"end":{"line":198,"column":32}},"104":{"start":{"line":199,"column":10},"end":{"line":202,"column":11}},"105":{"start":{"line":200,"column":12},"end":{"line":200,"column":32}},"106":{"start":{"line":201,"column":12},"end":{"line":201,"column":18}},"107":{"start":{"line":203,"column":10},"end":{"line":203,"column":39}},"108":{"start":{"line":204,"column":10},"end":{"line":204,"column":33}},"109":{"start":{"line":205,"column":10},"end":{"line":205,"column":39}},"110":{"start":{"line":206,"column":10},"end":{"line":209,"column":11}},"111":{"start":{"line":207,"column":12},"end":{"line":207,"column":31}},"112":{"start":{"line":208,"column":12},"end":{"line":208,"column":18}},"113":{"start":{"line":210,"column":10},"end":{"line":213,"column":14}},"114":{"start":{"line":215,"column":10},"end":{"line":218,"column":11}},"115":{"start":{"line":216,"column":12},"end":{"line":216,"column":32}},"116":{"start":{"line":217,"column":12},"end":{"line":217,"column":18}},"117":{"start":{"line":219,"column":10},"end":{"line":222,"column":14}},"118":{"start":{"line":224,"column":10},"end":{"line":224,"column":30}},"119":{"start":{"line":225,"column":10},"end":{"line":228,"column":11}},"120":{"start":{"line":226,"column":12},"end":{"line":226,"column":32}},"121":{"start":{"line":227,"column":12},"end":{"line":227,"column":18}},"122":{"start":{"line":229,"column":10},"end":{"line":229,"column":30}},"123":{"start":{"line":230,"column":10},"end":{"line":236,"column":13}},"124":{"start":{"line":238,"column":10},"end":{"line":241,"column":11}},"125":{"start":{"line":239,"column":12},"end":{"line":239,"column":32}},"126":{"start":{"line":240,"column":12},"end":{"line":240,"column":18}},"127":{"start":{"line":242,"column":10},"end":{"line":242,"column":30}},"128":{"start":{"line":243,"column":10},"end":{"line":249,"column":13}},"129":{"start":{"line":251,"column":10},"end":{"line":287,"column":11}},"130":{"start":{"line":252,"column":12},"end":{"line":252,"column":76}},"131":{"start":{"line":253,"column":12},"end":{"line":286,"column":15}},"132":{"start":{"line":254,"column":14},"end":{"line":256,"column":15}},"133":{"start":{"line":255,"column":16},"end":{"line":255,"column":27}},"134":{"start":{"line":257,"column":14},"end":{"line":285,"column":19}},"135":{"start":{"line":258,"column":28},"end":{"line":281,"column":19}},"136":{"start":{"line":259,"column":18},"end":{"line":280,"column":31}},"137":{"start":{"line":260,"column":20},"end":{"line":279,"column":21}},"138":{"start":{"line":260,"column":30},"end":{"line":279,"column":21}},"139":{"start":{"line":262,"column":24},"end":{"line":265,"column":25}},"140":{"start":{"line":263,"column":26},"end":{"line":263,"column":45}},"141":{"start":{"line":264,"column":26},"end":{"line":264,"column":32}},"142":{"start":{"line":266,"column":24},"end":{"line":266,"column":63}},"143":{"start":{"line":268,"column":24},"end":{"line":268,"column":43}},"144":{"start":{"line":269,"column":24},"end":{"line":275,"column":27}},"145":{"start":{"line":278,"column":24},"end":{"line":278,"column":48}},"146":{"start":{"line":282,"column":16},"end":{"line":284,"column":18}},"147":{"start":{"line":283,"column":18},"end":{"line":283,"column":54}},"148":{"start":{"line":288,"column":10},"end":{"line":291,"column":14}},"149":{"start":{"line":293,"column":10},"end":{"line":293,"column":30}},"150":{"start":{"line":294,"column":10},"end":{"line":294,"column":48}},"151":{"start":{"line":295,"column":10},"end":{"line":298,"column":14}},"152":{"start":{"line":300,"column":10},"end":{"line":303,"column":14}},"153":{"start":{"line":306,"column":10},"end":{"line":306,"column":34}},"154":{"start":{"line":310,"column":2},"end":{"line":312,"column":4}},"155":{"start":{"line":311,"column":4},"end":{"line":311,"column":40}},"156":{"start":{"line":314,"column":0},"end":{"line":363,"column":4}},"157":{"start":{"line":315,"column":14},"end":{"line":359,"column":5}},"158":{"start":{"line":317,"column":4},"end":{"line":358,"column":17}},"159":{"start":{"line":318,"column":6},"end":{"line":357,"column":7}},"160":{"start":{"line":318,"column":16},"end":{"line":357,"column":7}},"161":{"start":{"line":320,"column":10},"end":{"line":320,"column":29}},"162":{"start":{"line":321,"column":10},"end":{"line":321,"column":48}},"163":{"start":{"line":323,"column":10},"end":{"line":323,"column":32}},"164":{"start":{"line":324,"column":10},"end":{"line":327,"column":11}},"165":{"start":{"line":325,"column":12},"end":{"line":325,"column":32}},"166":{"start":{"line":326,"column":12},"end":{"line":326,"column":18}},"167":{"start":{"line":328,"column":10},"end":{"line":328,"column":47}},"168":{"start":{"line":329,"column":10},"end":{"line":332,"column":11}},"169":{"start":{"line":330,"column":12},"end":{"line":330,"column":31}},"170":{"start":{"line":331,"column":12},"end":{"line":331,"column":18}},"171":{"start":{"line":333,"column":10},"end":{"line":333,"column":29}},"172":{"start":{"line":334,"column":10},"end":{"line":340,"column":13}},"173":{"start":{"line":342,"column":10},"end":{"line":345,"column":14}},"174":{"start":{"line":347,"column":10},"end":{"line":347,"column":30}},"175":{"start":{"line":348,"column":10},"end":{"line":348,"column":16}},"176":{"start":{"line":350,"column":10},"end":{"line":353,"column":14}},"177":{"start":{"line":356,"column":10},"end":{"line":356,"column":34}},"178":{"start":{"line":360,"column":2},"end":{"line":362,"column":4}},"179":{"start":{"line":361,"column":4},"end":{"line":361,"column":40}},"180":{"start":{"line":364,"column":0},"end":{"line":413,"column":4}},"181":{"start":{"line":365,"column":14},"end":{"line":409,"column":5}},"182":{"start":{"line":367,"column":4},"end":{"line":408,"column":17}},"183":{"start":{"line":368,"column":6},"end":{"line":407,"column":7}},"184":{"start":{"line":368,"column":16},"end":{"line":407,"column":7}},"185":{"start":{"line":370,"column":10},"end":{"line":370,"column":29}},"186":{"start":{"line":371,"column":10},"end":{"line":371,"column":48}},"187":{"start":{"line":373,"column":10},"end":{"line":373,"column":32}},"188":{"start":{"line":374,"column":10},"end":{"line":377,"column":11}},"189":{"start":{"line":375,"column":12},"end":{"line":375,"column":32}},"190":{"start":{"line":376,"column":12},"end":{"line":376,"column":18}},"191":{"start":{"line":378,"column":10},"end":{"line":378,"column":41}},"192":{"start":{"line":379,"column":10},"end":{"line":382,"column":11}},"193":{"start":{"line":380,"column":12},"end":{"line":380,"column":31}},"194":{"start":{"line":381,"column":12},"end":{"line":381,"column":18}},"195":{"start":{"line":383,"column":10},"end":{"line":383,"column":29}},"196":{"start":{"line":384,"column":10},"end":{"line":390,"column":13}},"197":{"start":{"line":392,"column":10},"end":{"line":395,"column":14}},"198":{"start":{"line":397,"column":10},"end":{"line":397,"column":30}},"199":{"start":{"line":398,"column":10},"end":{"line":398,"column":16}},"200":{"start":{"line":400,"column":10},"end":{"line":403,"column":14}},"201":{"start":{"line":406,"column":10},"end":{"line":406,"column":34}},"202":{"start":{"line":410,"column":2},"end":{"line":412,"column":4}},"203":{"start":{"line":411,"column":4},"end":{"line":411,"column":40}},"204":{"start":{"line":414,"column":0},"end":{"line":459,"column":4}},"205":{"start":{"line":415,"column":14},"end":{"line":455,"column":5}},"206":{"start":{"line":417,"column":4},"end":{"line":454,"column":17}},"207":{"start":{"line":418,"column":6},"end":{"line":453,"column":7}},"208":{"start":{"line":418,"column":16},"end":{"line":453,"column":7}},"209":{"start":{"line":420,"column":10},"end":{"line":420,"column":29}},"210":{"start":{"line":421,"column":10},"end":{"line":421,"column":48}},"211":{"start":{"line":423,"column":10},"end":{"line":423,"column":32}},"212":{"start":{"line":424,"column":10},"end":{"line":427,"column":11}},"213":{"start":{"line":425,"column":12},"end":{"line":425,"column":32}},"214":{"start":{"line":426,"column":12},"end":{"line":426,"column":18}},"215":{"start":{"line":428,"column":10},"end":{"line":428,"column":43}},"216":{"start":{"line":429,"column":10},"end":{"line":429,"column":43}},"217":{"start":{"line":430,"column":10},"end":{"line":430,"column":62}},"218":{"start":{"line":431,"column":10},"end":{"line":431,"column":35}},"219":{"start":{"line":432,"column":10},"end":{"line":432,"column":30}},"220":{"start":{"line":433,"column":10},"end":{"line":439,"column":13}},"221":{"start":{"line":441,"column":10},"end":{"line":444,"column":14}},"222":{"start":{"line":446,"column":10},"end":{"line":449,"column":14}},"223":{"start":{"line":452,"column":10},"end":{"line":452,"column":34}},"224":{"start":{"line":456,"column":2},"end":{"line":458,"column":4}},"225":{"start":{"line":457,"column":4},"end":{"line":457,"column":40}},"226":{"start":{"line":460,"column":0},"end":{"line":501,"column":4}},"227":{"start":{"line":461,"column":15},"end":{"line":497,"column":5}},"228":{"start":{"line":463,"column":4},"end":{"line":496,"column":18}},"229":{"start":{"line":464,"column":6},"end":{"line":495,"column":7}},"230":{"start":{"line":464,"column":16},"end":{"line":495,"column":7}},"231":{"start":{"line":466,"column":10},"end":{"line":466,"column":30}},"232":{"start":{"line":467,"column":10},"end":{"line":467,"column":48}},"233":{"start":{"line":469,"column":10},"end":{"line":469,"column":33}},"234":{"start":{"line":470,"column":10},"end":{"line":473,"column":11}},"235":{"start":{"line":471,"column":12},"end":{"line":471,"column":32}},"236":{"start":{"line":472,"column":12},"end":{"line":472,"column":18}},"237":{"start":{"line":474,"column":10},"end":{"line":474,"column":30}},"238":{"start":{"line":475,"column":10},"end":{"line":481,"column":13}},"239":{"start":{"line":483,"column":10},"end":{"line":486,"column":14}},"240":{"start":{"line":488,"column":10},"end":{"line":491,"column":14}},"241":{"start":{"line":494,"column":10},"end":{"line":494,"column":35}},"242":{"start":{"line":498,"column":2},"end":{"line":500,"column":4}},"243":{"start":{"line":499,"column":4},"end":{"line":499,"column":41}}},"fnMap":{"0":{"name":"(anonymous_0)","decl":{"start":{"line":14,"column":32},"end":{"line":14,"column":33}},"loc":{"start":{"line":14,"column":44},"end":{"line":34,"column":1}},"line":14},"1":{"name":"_callee","decl":{"start":{"line":15,"column":100},"end":{"line":15,"column":107}},"loc":{"start":{"line":15,"column":118},"end":{"line":30,"column":3}},"line":15},"2":{"name":"_callee$","decl":{"start":{"line":17,"column":49},"end":{"line":17,"column":57}},"loc":{"start":{"line":17,"column":68},"end":{"line":29,"column":5}},"line":17},"3":{"name":"(anonymous_3)","decl":{"start":{"line":31,"column":9},"end":{"line":31,"column":10}},"loc":{"start":{"line":31,"column":28},"end":{"line":33,"column":3}},"line":31},"4":{"name":"(anonymous_4)","decl":{"start":{"line":35,"column":36},"end":{"line":35,"column":37}},"loc":{"start":{"line":35,"column":48},"end":{"line":69,"column":1}},"line":35},"5":{"name":"_callee2","decl":{"start":{"line":36,"column":101},"end":{"line":36,"column":109}},"loc":{"start":{"line":36,"column":120},"end":{"line":65,"column":3}},"line":36},"6":{"name":"_callee2$","decl":{"start":{"line":38,"column":49},"end":{"line":38,"column":58}},"loc":{"start":{"line":38,"column":70},"end":{"line":64,"column":5}},"line":38},"7":{"name":"(anonymous_7)","decl":{"start":{"line":66,"column":9},"end":{"line":66,"column":10}},"loc":{"start":{"line":66,"column":29},"end":{"line":68,"column":3}},"line":66},"8":{"name":"(anonymous_8)","decl":{"start":{"line":72,"column":32},"end":{"line":72,"column":33}},"loc":{"start":{"line":72,"column":44},"end":{"line":186,"column":1}},"line":72},"9":{"name":"_callee4","decl":{"start":{"line":73,"column":101},"end":{"line":73,"column":109}},"loc":{"start":{"line":73,"column":120},"end":{"line":182,"column":3}},"line":73},"10":{"name":"_callee4$","decl":{"start":{"line":75,"column":49},"end":{"line":75,"column":58}},"loc":{"start":{"line":75,"column":70},"end":{"line":181,"column":5}},"line":75},"11":{"name":"(anonymous_11)","decl":{"start":{"line":105,"column":29},"end":{"line":105,"column":30}},"loc":{"start":{"line":105,"column":50},"end":{"line":133,"column":11}},"line":105},"12":{"name":"(anonymous_12)","decl":{"start":{"line":109,"column":62},"end":{"line":109,"column":63}},"loc":{"start":{"line":109,"column":74},"end":{"line":132,"column":13}},"line":109},"13":{"name":"_callee3","decl":{"start":{"line":110,"column":113},"end":{"line":110,"column":121}},"loc":{"start":{"line":110,"column":133},"end":{"line":128,"column":15}},"line":110},"14":{"name":"_callee3$","decl":{"start":{"line":111,"column":61},"end":{"line":111,"column":70}},"loc":{"start":{"line":111,"column":82},"end":{"line":127,"column":17}},"line":111},"15":{"name":"(anonymous_15)","decl":{"start":{"line":129,"column":21},"end":{"line":129,"column":22}},"loc":{"start":{"line":129,"column":41},"end":{"line":131,"column":15}},"line":129},"16":{"name":"(anonymous_16)","decl":{"start":{"line":160,"column":50},"end":{"line":160,"column":51}},"loc":{"start":{"line":160,"column":74},"end":{"line":176,"column":11}},"line":160},"17":{"name":"(anonymous_17)","decl":{"start":{"line":183,"column":9},"end":{"line":183,"column":10}},"loc":{"start":{"line":183,"column":29},"end":{"line":185,"column":3}},"line":183},"18":{"name":"(anonymous_18)","decl":{"start":{"line":189,"column":38},"end":{"line":189,"column":39}},"loc":{"start":{"line":189,"column":50},"end":{"line":313,"column":1}},"line":189},"19":{"name":"_callee6","decl":{"start":{"line":190,"column":101},"end":{"line":190,"column":109}},"loc":{"start":{"line":190,"column":120},"end":{"line":309,"column":3}},"line":190},"20":{"name":"_callee6$","decl":{"start":{"line":192,"column":49},"end":{"line":192,"column":58}},"loc":{"start":{"line":192,"column":70},"end":{"line":308,"column":5}},"line":192},"21":{"name":"(anonymous_21)","decl":{"start":{"line":253,"column":31},"end":{"line":253,"column":32}},"loc":{"start":{"line":253,"column":52},"end":{"line":286,"column":13}},"line":253},"22":{"name":"(anonymous_22)","decl":{"start":{"line":257,"column":64},"end":{"line":257,"column":65}},"loc":{"start":{"line":257,"column":76},"end":{"line":285,"column":15}},"line":257},"23":{"name":"_callee5","decl":{"start":{"line":258,"column":115},"end":{"line":258,"column":123}},"loc":{"start":{"line":258,"column":135},"end":{"line":281,"column":17}},"line":258},"24":{"name":"_callee5$","decl":{"start":{"line":259,"column":63},"end":{"line":259,"column":72}},"loc":{"start":{"line":259,"column":84},"end":{"line":280,"column":19}},"line":259},"25":{"name":"(anonymous_25)","decl":{"start":{"line":282,"column":23},"end":{"line":282,"column":24}},"loc":{"start":{"line":282,"column":45},"end":{"line":284,"column":17}},"line":282},"26":{"name":"(anonymous_26)","decl":{"start":{"line":310,"column":9},"end":{"line":310,"column":10}},"loc":{"start":{"line":310,"column":30},"end":{"line":312,"column":3}},"line":310},"27":{"name":"(anonymous_27)","decl":{"start":{"line":314,"column":36},"end":{"line":314,"column":37}},"loc":{"start":{"line":314,"column":48},"end":{"line":363,"column":1}},"line":314},"28":{"name":"_callee7","decl":{"start":{"line":315,"column":101},"end":{"line":315,"column":109}},"loc":{"start":{"line":315,"column":120},"end":{"line":359,"column":3}},"line":315},"29":{"name":"_callee7$","decl":{"start":{"line":317,"column":49},"end":{"line":317,"column":58}},"loc":{"start":{"line":317,"column":70},"end":{"line":358,"column":5}},"line":317},"30":{"name":"(anonymous_30)","decl":{"start":{"line":360,"column":9},"end":{"line":360,"column":10}},"loc":{"start":{"line":360,"column":31},"end":{"line":362,"column":3}},"line":360},"31":{"name":"(anonymous_31)","decl":{"start":{"line":364,"column":36},"end":{"line":364,"column":37}},"loc":{"start":{"line":364,"column":48},"end":{"line":413,"column":1}},"line":364},"32":{"name":"_callee8","decl":{"start":{"line":365,"column":101},"end":{"line":365,"column":109}},"loc":{"start":{"line":365,"column":120},"end":{"line":409,"column":3}},"line":365},"33":{"name":"_callee8$","decl":{"start":{"line":367,"column":49},"end":{"line":367,"column":58}},"loc":{"start":{"line":367,"column":70},"end":{"line":408,"column":5}},"line":367},"34":{"name":"(anonymous_34)","decl":{"start":{"line":410,"column":9},"end":{"line":410,"column":10}},"loc":{"start":{"line":410,"column":31},"end":{"line":412,"column":3}},"line":410},"35":{"name":"(anonymous_35)","decl":{"start":{"line":414,"column":39},"end":{"line":414,"column":40}},"loc":{"start":{"line":414,"column":51},"end":{"line":459,"column":1}},"line":414},"36":{"name":"_callee9","decl":{"start":{"line":415,"column":101},"end":{"line":415,"column":109}},"loc":{"start":{"line":415,"column":120},"end":{"line":455,"column":3}},"line":415},"37":{"name":"_callee9$","decl":{"start":{"line":417,"column":49},"end":{"line":417,"column":58}},"loc":{"start":{"line":417,"column":70},"end":{"line":454,"column":5}},"line":417},"38":{"name":"(anonymous_38)","decl":{"start":{"line":456,"column":9},"end":{"line":456,"column":10}},"loc":{"start":{"line":456,"column":31},"end":{"line":458,"column":3}},"line":456},"39":{"name":"(anonymous_39)","decl":{"start":{"line":460,"column":38},"end":{"line":460,"column":39}},"loc":{"start":{"line":460,"column":50},"end":{"line":501,"column":1}},"line":460},"40":{"name":"_callee10","decl":{"start":{"line":461,"column":102},"end":{"line":461,"column":111}},"loc":{"start":{"line":461,"column":122},"end":{"line":497,"column":3}},"line":461},"41":{"name":"_callee10$","decl":{"start":{"line":463,"column":49},"end":{"line":463,"column":59}},"loc":{"start":{"line":463,"column":72},"end":{"line":496,"column":5}},"line":463},"42":{"name":"(anonymous_42)","decl":{"start":{"line":498,"column":9},"end":{"line":498,"column":10}},"loc":{"start":{"line":498,"column":31},"end":{"line":500,"column":3}},"line":498}},"branchMap":{"0":{"loc":{"start":{"line":18,"column":16},"end":{"line":28,"column":7}},"type":"switch","locations":[{"start":{"line":19,"column":8},"end":{"line":21,"column":29}},{"start":{"line":22,"column":8},"end":{"line":24,"column":38}},{"start":{"line":25,"column":8},"end":{"line":25,"column":15}},{"start":{"line":26,"column":8},"end":{"line":27,"column":33}}],"line":18},"1":{"loc":{"start":{"line":39,"column":16},"end":{"line":63,"column":7}},"type":"switch","locations":[{"start":{"line":40,"column":8},"end":{"line":44,"column":39}},{"start":{"line":45,"column":8},"end":{"line":54,"column":14}},{"start":{"line":55,"column":8},"end":{"line":59,"column":14}},{"start":{"line":60,"column":8},"end":{"line":60,"column":15}},{"start":{"line":61,"column":8},"end":{"line":62,"column":34}}],"line":39},"2":{"loc":{"start":{"line":47,"column":10},"end":{"line":50,"column":11}},"type":"if","locations":[{"start":{"line":47,"column":10},"end":{"line":50,"column":11}},{"start":{"line":47,"column":10},"end":{"line":50,"column":11}}],"line":47},"3":{"loc":{"start":{"line":76,"column":16},"end":{"line":180,"column":7}},"type":"switch","locations":[{"start":{"line":77,"column":8},"end":{"line":86,"column":52}},{"start":{"line":87,"column":8},"end":{"line":99,"column":14}},{"start":{"line":100,"column":8},"end":{"line":137,"column":14}},{"start":{"line":138,"column":8},"end":{"line":142,"column":14}},{"start":{"line":143,"column":8},"end":{"line":145,"column":16}},{"start":{"line":146,"column":8},"end":{"line":148,"column":56}},{"start":{"line":149,"column":8},"end":{"line":158,"column":14}},{"start":{"line":159,"column":8},"end":{"line":176,"column":13}},{"start":{"line":177,"column":8},"end":{"line":177,"column":16}},{"start":{"line":178,"column":8},"end":{"line":179,"column":34}}],"line":76},"4":{"loc":{"start":{"line":78,"column":10},"end":{"line":81,"column":11}},"type":"if","locations":[{"start":{"line":78,"column":10},"end":{"line":81,"column":11}},{"start":{"line":78,"column":10},"end":{"line":81,"column":11}}],"line":78},"5":{"loc":{"start":{"line":78,"column":16},"end":{"line":78,"column":56}},"type":"binary-expr","locations":[{"start":{"line":78,"column":16},"end":{"line":78,"column":34}},{"start":{"line":78,"column":38},"end":{"line":78,"column":56}}],"line":78},"6":{"loc":{"start":{"line":88,"column":10},"end":{"line":91,"column":11}},"type":"if","locations":[{"start":{"line":88,"column":10},"end":{"line":91,"column":11}},{"start":{"line":88,"column":10},"end":{"line":91,"column":11}}],"line":88},"7":{"loc":{"start":{"line":92,"column":10},"end":{"line":95,"column":11}},"type":"if","locations":[{"start":{"line":92,"column":10},"end":{"line":95,"column":11}},{"start":{"line":92,"column":10},"end":{"line":95,"column":11}}],"line":92},"8":{"loc":{"start":{"line":101,"column":10},"end":{"line":104,"column":11}},"type":"if","locations":[{"start":{"line":101,"column":10},"end":{"line":104,"column":11}},{"start":{"line":101,"column":10},"end":{"line":104,"column":11}}],"line":101},"9":{"loc":{"start":{"line":106,"column":12},"end":{"line":108,"column":13}},"type":"if","locations":[{"start":{"line":106,"column":12},"end":{"line":108,"column":13}},{"start":{"line":106,"column":12},"end":{"line":108,"column":13}}],"line":106},"10":{"loc":{"start":{"line":112,"column":28},"end":{"line":126,"column":19}},"type":"switch","locations":[{"start":{"line":113,"column":20},"end":{"line":118,"column":61}},{"start":{"line":119,"column":20},"end":{"line":122,"column":51}},{"start":{"line":123,"column":20},"end":{"line":123,"column":27}},{"start":{"line":124,"column":20},"end":{"line":125,"column":46}}],"line":112},"11":{"loc":{"start":{"line":114,"column":22},"end":{"line":117,"column":23}},"type":"if","locations":[{"start":{"line":114,"column":22},"end":{"line":117,"column":23}},{"start":{"line":114,"column":22},"end":{"line":117,"column":23}}],"line":114},"12":{"loc":{"start":{"line":151,"column":10},"end":{"line":154,"column":11}},"type":"if","locations":[{"start":{"line":151,"column":10},"end":{"line":154,"column":11}},{"start":{"line":151,"column":10},"end":{"line":154,"column":11}}],"line":151},"13":{"loc":{"start":{"line":161,"column":12},"end":{"line":175,"column":13}},"type":"if","locations":[{"start":{"line":161,"column":12},"end":{"line":175,"column":13}},{"start":{"line":161,"column":12},"end":{"line":175,"column":13}}],"line":161},"14":{"loc":{"start":{"line":161,"column":16},"end":{"line":161,"column":31}},"type":"binary-expr","locations":[{"start":{"line":161,"column":16},"end":{"line":161,"column":23}},{"start":{"line":161,"column":27},"end":{"line":161,"column":31}}],"line":161},"15":{"loc":{"start":{"line":193,"column":16},"end":{"line":307,"column":7}},"type":"switch","locations":[{"start":{"line":194,"column":8},"end":{"line":196,"column":48}},{"start":{"line":197,"column":8},"end":{"line":213,"column":14}},{"start":{"line":214,"column":8},"end":{"line":222,"column":14}},{"start":{"line":223,"column":8},"end":{"line":236,"column":13}},{"start":{"line":237,"column":8},"end":{"line":249,"column":13}},{"start":{"line":250,"column":8},"end":{"line":291,"column":14}},{"start":{"line":292,"column":8},"end":{"line":298,"column":14}},{"start":{"line":299,"column":8},"end":{"line":303,"column":14}},{"start":{"line":304,"column":8},"end":{"line":304,"column":16}},{"start":{"line":305,"column":8},"end":{"line":306,"column":34}}],"line":193},"16":{"loc":{"start":{"line":199,"column":10},"end":{"line":202,"column":11}},"type":"if","locations":[{"start":{"line":199,"column":10},"end":{"line":202,"column":11}},{"start":{"line":199,"column":10},"end":{"line":202,"column":11}}],"line":199},"17":{"loc":{"start":{"line":206,"column":10},"end":{"line":209,"column":11}},"type":"if","locations":[{"start":{"line":206,"column":10},"end":{"line":209,"column":11}},{"start":{"line":206,"column":10},"end":{"line":209,"column":11}}],"line":206},"18":{"loc":{"start":{"line":206,"column":16},"end":{"line":206,"column":45}},"type":"binary-expr","locations":[{"start":{"line":206,"column":16},"end":{"line":206,"column":21}},{"start":{"line":206,"column":25},"end":{"line":206,"column":45}}],"line":206},"19":{"loc":{"start":{"line":215,"column":10},"end":{"line":218,"column":11}},"type":"if","locations":[{"start":{"line":215,"column":10},"end":{"line":218,"column":11}},{"start":{"line":215,"column":10},"end":{"line":218,"column":11}}],"line":215},"20":{"loc":{"start":{"line":215,"column":16},"end":{"line":215,"column":47}},"type":"binary-expr","locations":[{"start":{"line":215,"column":16},"end":{"line":215,"column":24}},{"start":{"line":215,"column":28},"end":{"line":215,"column":47}}],"line":215},"21":{"loc":{"start":{"line":225,"column":10},"end":{"line":228,"column":11}},"type":"if","locations":[{"start":{"line":225,"column":10},"end":{"line":228,"column":11}},{"start":{"line":225,"column":10},"end":{"line":228,"column":11}}],"line":225},"22":{"loc":{"start":{"line":238,"column":10},"end":{"line":241,"column":11}},"type":"if","locations":[{"start":{"line":238,"column":10},"end":{"line":241,"column":11}},{"start":{"line":238,"column":10},"end":{"line":241,"column":11}}],"line":238},"23":{"loc":{"start":{"line":251,"column":10},"end":{"line":287,"column":11}},"type":"if","locations":[{"start":{"line":251,"column":10},"end":{"line":287,"column":11}},{"start":{"line":251,"column":10},"end":{"line":287,"column":11}}],"line":251},"24":{"loc":{"start":{"line":254,"column":14},"end":{"line":256,"column":15}},"type":"if","locations":[{"start":{"line":254,"column":14},"end":{"line":256,"column":15}},{"start":{"line":254,"column":14},"end":{"line":256,"column":15}}],"line":254},"25":{"loc":{"start":{"line":260,"column":30},"end":{"line":279,"column":21}},"type":"switch","locations":[{"start":{"line":261,"column":22},"end":{"line":266,"column":63}},{"start":{"line":267,"column":22},"end":{"line":275,"column":27}},{"start":{"line":276,"column":22},"end":{"line":276,"column":29}},{"start":{"line":277,"column":22},"end":{"line":278,"column":48}}],"line":260},"26":{"loc":{"start":{"line":262,"column":24},"end":{"line":265,"column":25}},"type":"if","locations":[{"start":{"line":262,"column":24},"end":{"line":265,"column":25}},{"start":{"line":262,"column":24},"end":{"line":265,"column":25}}],"line":262},"27":{"loc":{"start":{"line":318,"column":16},"end":{"line":357,"column":7}},"type":"switch","locations":[{"start":{"line":319,"column":8},"end":{"line":321,"column":48}},{"start":{"line":322,"column":8},"end":{"line":340,"column":13}},{"start":{"line":341,"column":8},"end":{"line":345,"column":14}},{"start":{"line":346,"column":8},"end":{"line":348,"column":16}},{"start":{"line":349,"column":8},"end":{"line":353,"column":14}},{"start":{"line":354,"column":8},"end":{"line":354,"column":16}},{"start":{"line":355,"column":8},"end":{"line":356,"column":34}}],"line":318},"28":{"loc":{"start":{"line":324,"column":10},"end":{"line":327,"column":11}},"type":"if","locations":[{"start":{"line":324,"column":10},"end":{"line":327,"column":11}},{"start":{"line":324,"column":10},"end":{"line":327,"column":11}}],"line":324},"29":{"loc":{"start":{"line":329,"column":10},"end":{"line":332,"column":11}},"type":"if","locations":[{"start":{"line":329,"column":10},"end":{"line":332,"column":11}},{"start":{"line":329,"column":10},"end":{"line":332,"column":11}}],"line":329},"30":{"loc":{"start":{"line":368,"column":16},"end":{"line":407,"column":7}},"type":"switch","locations":[{"start":{"line":369,"column":8},"end":{"line":371,"column":48}},{"start":{"line":372,"column":8},"end":{"line":390,"column":13}},{"start":{"line":391,"column":8},"end":{"line":395,"column":14}},{"start":{"line":396,"column":8},"end":{"line":398,"column":16}},{"start":{"line":399,"column":8},"end":{"line":403,"column":14}},{"start":{"line":404,"column":8},"end":{"line":404,"column":16}},{"start":{"line":405,"column":8},"end":{"line":406,"column":34}}],"line":368},"31":{"loc":{"start":{"line":374,"column":10},"end":{"line":377,"column":11}},"type":"if","locations":[{"start":{"line":374,"column":10},"end":{"line":377,"column":11}},{"start":{"line":374,"column":10},"end":{"line":377,"column":11}}],"line":374},"32":{"loc":{"start":{"line":379,"column":10},"end":{"line":382,"column":11}},"type":"if","locations":[{"start":{"line":379,"column":10},"end":{"line":382,"column":11}},{"start":{"line":379,"column":10},"end":{"line":382,"column":11}}],"line":379},"33":{"loc":{"start":{"line":418,"column":16},"end":{"line":453,"column":7}},"type":"switch","locations":[{"start":{"line":419,"column":8},"end":{"line":421,"column":48}},{"start":{"line":422,"column":8},"end":{"line":439,"column":13}},{"start":{"line":440,"column":8},"end":{"line":444,"column":14}},{"start":{"line":445,"column":8},"end":{"line":449,"column":14}},{"start":{"line":450,"column":8},"end":{"line":450,"column":16}},{"start":{"line":451,"column":8},"end":{"line":452,"column":34}}],"line":418},"34":{"loc":{"start":{"line":424,"column":10},"end":{"line":427,"column":11}},"type":"if","locations":[{"start":{"line":424,"column":10},"end":{"line":427,"column":11}},{"start":{"line":424,"column":10},"end":{"line":427,"column":11}}],"line":424},"35":{"loc":{"start":{"line":464,"column":16},"end":{"line":495,"column":7}},"type":"switch","locations":[{"start":{"line":465,"column":8},"end":{"line":467,"column":48}},{"start":{"line":468,"column":8},"end":{"line":481,"column":13}},{"start":{"line":482,"column":8},"end":{"line":486,"column":14}},{"start":{"line":487,"column":8},"end":{"line":491,"column":14}},{"start":{"line":492,"column":8},"end":{"line":492,"column":16}},{"start":{"line":493,"column":8},"end":{"line":494,"column":35}}],"line":464},"36":{"loc":{"start":{"line":470,"column":10},"end":{"line":473,"column":11}},"type":"if","locations":[{"start":{"line":470,"column":10},"end":{"line":473,"column":11}},{"start":{"line":470,"column":10},"end":{"line":473,"column":11}}],"line":470}},"s":{"0":1,"1":1,"2":1,"3":1,"4":1,"5":1,"6":1,"7":1,"8":1,"9":1,"10":1,"11":9,"12":18,"13":18,"14":9,"15":9,"16":9,"17":9,"18":9,"19":1,"20":9,"21":1,"22":1,"23":2,"24":6,"25":6,"26":2,"27":2,"28":2,"29":2,"30":2,"31":2,"32":0,"33":0,"34":0,"35":0,"36":2,"37":1,"38":2,"39":1,"40":1,"41":18,"42":36,"43":72,"44":18,"45":18,"46":18,"47":0,"48":0,"49":18,"50":0,"51":0,"52":18,"53":18,"54":18,"55":0,"56":18,"57":0,"58":0,"59":18,"60":18,"61":0,"62":18,"63":18,"64":18,"65":36,"66":54,"67":18,"68":18,"69":18,"70":0,"71":18,"72":18,"73":18,"74":18,"75":18,"76":18,"77":18,"78":0,"79":0,"80":0,"81":0,"82":0,"83":0,"84":0,"85":0,"86":0,"87":0,"88":0,"89":0,"90":0,"91":0,"92":0,"93":18,"94":1,"95":18,"96":1,"97":1,"98":4,"99":12,"100":12,"101":4,"102":4,"103":4,"104":4,"105":0,"106":0,"107":0,"108":0,"109":0,"110":0,"111":0,"112":0,"113":0,"114":0,"115":0,"116":0,"117":0,"118":0,"119":0,"120":0,"121":0,"122":0,"123":0,"124":0,"125":0,"126":0,"127":0,"128":0,"129":0,"130":0,"131":0,"132":0,"133":0,"134":0,"135":0,"136":0,"137":0,"138":0,"139":0,"140":0,"141":0,"142":0,"143":0,"144":0,"145":0,"146":0,"147":0,"148":0,"149":0,"150":0,"151":0,"152":0,"153":4,"154":1,"155":4,"156":1,"157":1,"158":0,"159":0,"160":0,"161":0,"162":0,"163":0,"164":0,"165":0,"166":0,"167":0,"168":0,"169":0,"170":0,"171":0,"172":0,"173":0,"174":0,"175":0,"176":0,"177":0,"178":1,"179":0,"180":1,"181":1,"182":0,"183":0,"184":0,"185":0,"186":0,"187":0,"188":0,"189":0,"190":0,"191":0,"192":0,"193":0,"194":0,"195":0,"196":0,"197":0,"198":0,"199":0,"200":0,"201":0,"202":1,"203":0,"204":1,"205":1,"206":0,"207":0,"208":0,"209":0,"210":0,"211":0,"212":0,"213":0,"214":0,"215":0,"216":0,"217":0,"218":0,"219":0,"220":0,"221":0,"222":0,"223":0,"224":1,"225":0,"226":1,"227":1,"228":0,"229":0,"230":0,"231":0,"232":0,"233":0,"234":0,"235":0,"236":0,"237":0,"238":0,"239":0,"240":0,"241":0,"242":1,"243":0},"f":{"0":1,"1":9,"2":18,"3":9,"4":1,"5":2,"6":6,"7":2,"8":1,"9":18,"10":36,"11":18,"12":18,"13":18,"14":36,"15":18,"16":0,"17":18,"18":1,"19":4,"20":12,"21":0,"22":0,"23":0,"24":0,"25":0,"26":4,"27":1,"28":0,"29":0,"30":0,"31":1,"32":0,"33":0,"34":0,"35":1,"36":0,"37":0,"38":0,"39":1,"40":0,"41":0,"42":0},"b":{"0":[9,9,9,9],"1":[2,2,0,0,2],"2":[0,0],"3":[18,18,18,0,0,0,0,0,0,18],"4":[18,0],"5":[18,18],"6":[0,18],"7":[18,0],"8":[0,18],"9":[0,18],"10":[18,18,0,18],"11":[18,0],"12":[0,0],"13":[0,0],"14":[0,0],"15":[4,4,0,0,0,0,0,0,0,4],"16":[0,0],"17":[0,0],"18":[0,0],"19":[0,0],"20":[0,0],"21":[0,0],"22":[0,0],"23":[0,0],"24":[0,0],"25":[0,0,0,0],"26":[0,0],"27":[0,0,0,0,0,0,0],"28":[0,0],"29":[0,0],"30":[0,0,0,0,0,0,0],"31":[0,0],"32":[0,0],"33":[0,0,0,0,0,0],"34":[0,0],"35":[0,0,0,0,0,0],"36":[0,0]},"inputSourceMap":{"version":3,"names":["User","require","bcrypt","jwt","auth","reg","regMail","exports","findUser","req","res","find","users","status","json","findUserById","id","body","token","findByUserId","user","jwtVerify","username","code","msg","register","password","success","next","query","action","test","email","genSalt","err","salt","hash","create","findByUserName","comparePassword","isMatch","sign","process","env","SECRET","userId","updateUserInfo","updateOne","_id","$set","console","log","updateGenres","newFavGenres","favGenres","updateAvatar","newAvatar","avatarUrl","avatar","updateFavMovies","newFavMovieId","movieId","favouritesList","favourites","set","Set","concat","reuslt","Array","from","resetFavGenres"],"sourceRoot":"C:\\Users\\Gasshow\\Documents\\学习\\学习资料\\大四上\\webApp\\reacBackend\\api\\users\\","sources":["index.js"],"sourcesContent":["const User = require(\"./userModel\")\nconst bcrypt = require('bcrypt');\nconst jwt = require('jsonwebtoken')\nconst auth = require(\"../auth/index\")\n\nconst reg = /^(?=.*[A-Za-z])(?=.*\\d)[A-Za-z\\d]{5,}$/\nconst regMail = /^[A-Za-z0-9]+([_\\.][A-Za-z0-9]+)*@([A-Za-z0-9\\-]+\\.)+[A-Za-z]{2,6}$/;\n\n// Get all users\nexports.findUser = async (req, res) => {\n  const users = await User.find();\n  res.status(200).json(users)\n}\n\nexports.findUserById = async (req, res) => {\n  const id = req.body.id\n  const token = req.body.token\n  const user = await User.findByUserId(id);\n  if (auth.jwtVerify(token) == user.username) {\n    return res.status(200).json({code: 200, user: user});\n  }\n  return res.status(401).json({code: 401,msg: 'Invalid token or user id'});\n}\n\n// register\nexports.register = async (req, res) => {\n  if (!req.body.username || !req.body.password) {\n    res.status(401).json({success: false, msg: 'Please pass username and password.'});\n    return next();\n  }\n  if (req.query.action === 'register') {\n   
[...]
AAY;YAAA;YAAA;UAAA;UAAA;UAAA,OACPrD,IAAI,CAAC+C,SAAS,CAAC;YACnBC,GAAG,EAAEvC,GAAG,CAACQ,IAAI,CAACD;UAChB,CAAC,EAAE;YACDiC,IAAI,EAAE;cACJK,SAAS,EAAED;YACb;UACF,CAAC,CAAC;QAAA;UAAA,kCACK3C,GAAG,CAACG,MAAM,CAAC,GAAG,CAAC,CAACC,IAAI,CAAC;YAACS,IAAI,EAAE,GAAG;YAAEC,GAAG,EAAE;UAAqB,CAAC,CAAC;QAAA;UAAA;UAAA;QAAA;UAAA,kCAI/Dd,GAAG,CAACG,MAAM,CAAC,GAAG,CAAC,CAACC,IAAI,CAAC;YAACS,IAAI,EAAE,GAAG;YAAEC,GAAG,EAAE;UAAe,CAAC,CAAC;QAAA;QAAA;UAAA;MAAA;IAAA;EAAA,CAEjE;EAAA;IAAA;EAAA;AAAA;AAEDjB,OAAO,CAACgD,YAAY;EAAA,0FAAG,kBAAO9C,GAAG,EAAEC,GAAG;IAAA;IAAA;MAAA;QAAA;UAAA;UAAA,OACjBV,IAAI,CAACmB,YAAY,CAACV,GAAG,CAACQ,IAAI,CAACD,EAAE,CAAC;QAAA;UAA3CI,IAAI;UAAA,MACPhB,IAAI,CAACiB,SAAS,CAACZ,GAAG,CAACQ,IAAI,CAACC,KAAK,CAAC,IAAIE,IAAI,CAACE,QAAQ;YAAA;YAAA;UAAA;UAC5CkC,SAAS,GAAG/C,GAAG,CAACQ,IAAI,CAACwC,SAAS;UAAA,KAC/BD,SAAS;YAAA;YAAA;UAAA;UAAA;UAAA,OACJxD,IAAI,CAAC+C,SAAS,CAAC;YACnBC,GAAG,EAAEvC,GAAG,CAACQ,IAAI,CAACD;UAChB,CAAC,EAAE;YACDiC,IAAI,EAAE;cACJS,MAAM,EAAEF;YACV;UACF,CAAC,CAAC;QAAA;UAAA,kCACK9C,GAAG,CAACG,MAAM,CAAC,GAAG,CAAC,CAACC,IAAI,CAAC;YAACS,IAAI,EAAE,GAAG;YAAEC,GAAG,EAAE;UAAqB,CAAC,CAAC;QAAA;UAAA;UAAA;QAAA;UAAA,kCAI/Dd,GAAG,CAACG,MAAM,CAAC,GAAG,CAAC,CAACC,IAAI,CAAC;YAACS,IAAI,EAAE,GAAG;YAAEC,GAAG,EAAE;UAAe,CAAC,CAAC;QAAA;QAAA;UAAA;MAAA;IAAA;EAAA,CAEjE;EAAA;IAAA;EAAA;AAAA;AAEDjB,OAAO,CAACoD,eAAe;EAAA,0FAAG,kBAAOlD,GAAG,EAAEC,GAAG;IAAA;IAAA;MAAA;QAAA;UAAA;UAAA,OACpBV,IAAI,CAACmB,YAAY,CAACV,GAAG,CAACQ,IAAI,CAACD,EAAE,CAAC;QAAA;UAA3CI,IAAI;UAAA,MACPhB,IAAI,CAACiB,SAAS,CAACZ,GAAG,CAACQ,IAAI,CAACC,KAAK,CAAC,IAAIE,IAAI,CAACE,QAAQ;YAAA;YAAA;UAAA;UAC5CsC,aAAa,GAAGnD,GAAG,CAACQ,IAAI,CAAC4C,OAAO;UAChCC,cAAc,GAAG1C,IAAI,CAAC2C,UAAU;UAC9BC,GAAG,GAAG,IAAIC,GAAG,CAACL,aAAa,CAACM,MAAM,CAACJ,cAAc,CAAC,CAAC;UACnDK,MAAM,GAAGC,KAAK,CAACC,IAAI,CAACL,GAAG,CAAC;UAAA;UAAA,OACxBhE,IAAI,CAAC+C,SAAS,CAAC;YACnBC,GAAG,EAAEvC,GAAG,CAACQ,IAAI,CAACD;UAChB,CAAC,EAAE;YACDiC,IAAI,EAAE;cACJc,UAAU,EAAEI;YACd;UACF,CAAC,CAAC;QAAA;UAAA,kCACKzD,GAAG,CAACG,MAAM,CAAC,GAAG,CAAC,CAACC,IAAI,CAAC;YAACS,IAAI,EAAE,GAAG;YAAEC,GAAG,EAAE;UAAqB,CAAC,CAAC;QAAA;UAAA,kCAG7Dd,GAAG,CAACG,MAAM,CAAC,GAAG,CAAC,CAACC,IAAI,CAAC;YAACS,IAAI,EAAE,GAAG;YAAEC,GAAG,EAAE;UAAe,CAAC,CAAC;QAAA;QAAA;UAAA;MAAA;IAAA;EAAA,CAEjE;EAAA;IAAA;EAAA;AAAA;AAGDjB,OAAO,CAAC+D,cAAc;EAAA,2FAAG,mBAAO7D,GAAG,EAAEC,GAAG;IAAA;IAAA;MAAA;QAAA;UAAA;UAAA,OACnBV,IAAI,CAACmB,YAAY,CAACV,GAAG,CAACQ,IAAI,CAACD,EAAE,CAAC;QAAA;UAA3CI,IAAI;UAAA,MACPhB,IAAI,CAACiB,SAAS,CAACZ,GAAG,CAACQ,IAAI,CAACC,KAAK,CAAC,IAAIE,IAAI,CAACE,QAAQ;YAAA;YAAA;UAAA;UAAA;UAAA,OAC1CtB,IAAI,CAAC+C,SAAS,CAAC;YACnBC,GAAG,EAAEvC,GAAG,CAACQ,IAAI,CAACD;UAChB,CAAC,EAAE;YACDiC,IAAI,EAAE;cACJK,SAAS,EAAE;YACb;UACF,CAAC,CAAC;QAAA;UAAA,mCACK5C,GAAG,CAACG,MAAM,CAAC,GAAG,CAAC,CAACC,IAAI,CAAC;YAACS,IAAI,EAAE,GAAG;YAAEC,GAAG,EAAE;UAAqB,CAAC,CAAC;QAAA;UAAA,mCAG7Dd,GAAG,CAACG,MAAM,CAAC,GAAG,CAAC,CAACC,IAAI,CAAC;YAACS,IAAI,EAAE,GAAG;YAAEC,GAAG,EAAE;UAAe,CAAC,CAAC;QAAA;QAAA;UAAA;MAAA;IAAA;EAAA,CAEjE;EAAA;IAAA;EAAA;AAAA"},"_coverageSchema":"1a1c01bbd47fc00a2c39e90264f33305004495a9","hash":"a80f2ba0fb75410df76571788f315ab1d4fbfcd2","contentHash":"1e18b3e6b8da0d053ca84a36dfc2e2c26a20aefb0da1593341bbe182a984e190"},"C:\\Users\\Gasshow\\Documents\\学习\\学习资料\\大四上\\webApp\\reacBackend\\api\\users\\userModel.js":{"path":"C:\\Users\\Gasshow\\Documents\\学习\\学习资料\\大四上\\webApp\\reacBackend\\api\\users\\userModel.js","statementMap":{"0":{"start":{"line":5,"column":15},"end":{"line":5,"column":34}},"1":{"start":{"line":6,"column":13},"end":{"line":6,"column":30}},"2":{"start":{"line":7,"column":13},"end":{"line":7,"column":28}},"3":{"start":{"line":8,"column":17},"end":{"line":33,"column":2}},"4":{"start":{"line":34,"column":0},"end":{"line":55,"column":3}},"5":{"start":{"line":35,"column":13},"end":{"line":35,"column":17}},"6":{"start":{"line":36,"column":2},"end":{"line":54,"column":3}},"7":{"start":{"line":37,"column":4},"end":{"line":50,"column":7}},"8":{"start":{"line":38,"column":6},"end":{"line":40,"column":7}},"9":{"start":{"line":39,"column":8},"end":{"line":39,"column":25}},"10":{"start":{"line":41,"column":6},"end":{"line":49,"column":9}},"11":{"start":{"line":42,"column":8},"end":{"line":44,"column":9}},"12":{"start":{"line":43,"column":10},"end":{"line":43,"column":27}},"13":{"start":{"line":45,"column":8},"end":{"line":45,"column":26}},"14":{"start":{"line":46,"column":8},"end":{"line":46,"column":29}},"15":{"start":{"line":47,"column":8},"end":{"line":47,"column":35}},"16":{"start":{"line":48,"column":8},"end":{"line":48,"column":15}},"17":{"start":{"line":51,"column":4},"end":{"line":51,"column":11}},"18":{"start":{"line":53,"column":4},"end":{"line":53,"column":18}},"19":{"start":{"line":56,"column":0},"end":{"line":60,"column":2}},"20":{"start":{"line":57,"column":2},"end":{"line":59,"column":5}},"21":{"start":{"line":61,"column":0},"end":{"line":65,"column":2}},"22":{"start":{"line":62,"column":2},"end":{"line":64,"column":5}},"23":{"start":{"line":66,"column":0},"end":{"line":73,"column":2}},"24":{"start":{"line":67,"column":2},"end":{"line":72,"column":5}},"25":{"start":{"line":68,"column":4},"end":{"line":70,"column":5}},"26":{"start":{"line":69,"column":6},"end":{"line":69,"column":27}},"27":{"start":{"line":71,"column":4},"end":{"line":71,"column":28}},"28":{"start":{"line":74,"column":0},"end":{"line":74,"column":52}}},"fnMap":{"0":{"name":"(anonymous_0)","decl":{"start":{"line":34,"column":23},"end":{"line":34,"column":24}},"loc":{"start":{"line":34,"column":39},"end":{"line":55,"column":1}},"line":34},"1":{"name":"(anonymous_1)","decl":{"start":{"line":37,"column":23},"end":{"line":37,"column":24}},"loc":{"start":{"line":37,"column":44},"end":{"line":50,"column":5}},"line":37},"2":{"name":"(anonymous_2)","decl":{"start":{"line":41,"column":39},"end":{"line":41,"column":40}},"loc":{"start":{"line":41,"column":60},"end":{"line":49,"column":7}},"line":41},"3":{"name":"(anonymous_3)","decl":{"start":{"line":56,"column":36},"end":{"line":56,"column":37}},"loc":{"start":{"line":56,"column":56},"end":{"line":60,"column":1}},"line":56},"4":{"name":"(anonymous_4)","decl":{"start":{"line":61,"column":34},"end":{"line":61,"column":35}},"loc":{"start":{"line":61,"column":48},"end":{"line":65,"column":1}},"line":61},"5":{"name":"(anonymous_5)","decl":{"start":{"line":66,"column":37},"end":{"line":66,"column":38}},"loc":{"start":{"line":66,"column":64},"end":{"line":73,"column":1}},"line":66},"6":{"name":"(anonymous_6)","decl":{"start":{"line":67,"column":39},"end":{"line":67,"column":40}},"loc":{"start":{"line":67,"column":63},"end":{"line":72,"column":3}},"line":67}},"branchMap":{"0":{"loc":{"start":{"line":36,"column":2},"end":{"line":54,"column":3}},"type":"if","locations":[{"start":{"line":36,"column":2},"end":{"line":54,"column":3}},{"start":{"line":36,"column":2},"end":{"line":54,"column":3}}],"line":36},"1":{"loc":{"start":{"line":36,"column":6},"end":{"line":36,"column":47}},"type":"binary-expr","locations":[{"start":{"line":36,"column":6},"end":{"line":36,"column":33}},{"start":{"line":36,"column":37},"end":{"line":36,"column":47}}],"line":36},"2":{"loc":{"start":{"line":38,"column":6},"end":{"line":40,"column":7}},"type":"if","locations":[{"start":{"line":38,"column":6},"end":{"line":40,"column":7}},{"start":{"line":38,"column":6},"end":{"line":40,"column":7}}],"line":38},"3":{"loc":{"start":{"line":42,"column":8},"end":{"line":44,"column":9}},"type":"if","locations":[{"start":{"line":42,"column":8},"end":{"line":44,"column":9}},{"start":{"line":42,"column":8},"end":{"line":44,"column":9}}],"line":42},"4":{"loc":{"start":{"line":68,"column":4},"end":{"line":70,"column":5}},"type":"if","locations":[{"start":{"line":68,"column":4},"end":{"line":70,"column":5}},{"start":{"line":68,"column":4},"end":{"line":70,"column":5}}],"line":68}},"s":{"0":1,"1":1,"2":1,"3":1,"4":1,"5":18,"6":18,"7":18,"8":18,"9":0,"10":18,"11":18,"12":0,"13":18,"14":18,"15":18,"16":18,"17":18,"18":0,"19":1,"20":0,"21":1,"22":6,"23":1,"24":0,"25":0,"26":0,"27":0,"28":1},"f":{"0":18,"1":18,"2":18,"3":0,"4":6,"5":0,"6":0},"b":{"0":[18,0],"1":[18,0],"2":[0,18],"3":[0,18],"4":[0,0]},"inputSourceMap":{"version":3,"names":["mongoose","require","bcrypt","Schema","UserSchema","username","type","String","required","email","password","favourites","Number","ref","favGenres","id","name","avatar","pre","next","user","isModified","isNew","genSalt","err","salt","hash","console","log","statics","findByUserName","findOne","findByUserId","_id","methods","comparePassword","passw","callback","compare","isMatch","module","exports","model"],"sourceRoot":"C:\\Users\\Gasshow\\Documents\\学习\\学习资料\\大四上\\webApp\\reacBackend\\api\\users\\","sources":["userModel.js"],"sourcesContent":["// import mongoose from 'mongoose';\n// import bcrypt from 'bcrypt';\nconst mongoose = require(\"mongoose\")\nconst bcrypt = require('bcrypt');\n\nconst Schema = mongoose.Schema\n\nconst UserSchema = new Schema({\n  username: { type: String, required: true},\n  email: { type: String, require: true},\n  password: {type: String, required: true },\n  favourites: [{type: Number, ref: 'Movies'}],\n  favGenres: [{id: Number, name: String}],\n  avatar: {type: String, default: \"https://i.328888.xyz/2022/12/27/UVdOp.jpeg\"}\n});\n\nUserSchema.pre('save', function(next) {\n  const user = this;\n  if (this.isModified('password') || this.isNew) {\n      bcrypt.genSalt(10, (err, salt)=> {\n          if (err) {\n              return next(err);\n          }\n          bcrypt.hash(user.password, salt, (err, hash)=> {\n              if (err) {\n                  return next(err);\n              }\n              console.log(hash)\n              user.password = hash;\n              console.log(user.password)\n              next();\n          });\n      });\n      next()\n  } else {\n      return next();\n  }\n});\n\nUserSchema.statics.findByUserName = function (username) {\n  return this.findOne({ username: username });\n};\n\nUserSchema.statics.findByUserId = function (id) {\n  return this.findOne({ _id: id });\n};\n\nUserSchema.methods.comparePassword = function (passw, callback) {\n  bcrypt.compare(passw, this.password, (err, isMatch) => {\n    if(err) {\n      return callback(err)\n    }\n    callback(null, isMatch);\n  });\n};\n\nmodule.exports = mongoose.model(\"User\", UserSchema);"],"mappings":";;AAAA;AACA;AACA,IAAMA,QAAQ,GAAGC,OAAO,CAAC,UAAU,CAAC;AACpC,IAAMC,MAAM,GAAGD,OAAO,CAAC,QAAQ,CAAC;AAEhC,IAAME,MAAM,GAAGH,QAAQ,CAACG,MAAM;AAE9B,IAAMC,UAAU,GAAG,IAAID,MAAM,CAAC;EAC5BE,QAAQ,EAAE;IAAEC,IAAI,EAAEC,MAAM;IAAEC,QAAQ,EAAE;EAAI,CAAC;EACzCC,KAAK,EAAE;IAAEH,IAAI,EAAEC,MAAM;IAAEN,OAAO,EAAE;EAAI,CAAC;EACrCS,QAAQ,EAAE;IAACJ,IAAI,EAAEC,MAAM;IAAEC,QAAQ,EAAE;EAAK,CAAC;EACzCG,UAAU,EAAE,CAAC;IAACL,IAAI,EAAEM,MAAM;IAAEC,GAAG,EAAE;EAAQ,CAAC,CAAC;EAC3CC,SAAS,EAAE,CAAC;IAACC,EAAE,EAAEH,MAAM;IAAEI,IAAI,EAAET;EAAM,CAAC,CAAC;EACvCU,MAAM,EAAE;IAACX,IAAI,EAAEC,MAAM;IAAE,WAAS;EAA4C;AAC9E,CAAC,CAAC;AAEFH,UAAU,CAACc,GAAG,CAAC,MAAM,EAAE,UAASC,IAAI,EAAE;EACpC,IAAMC,IAAI,GAAG,IAAI;EACjB,IAAI,IAAI,CAACC,UAAU,CAAC,UAAU,CAAC,IAAI,IAAI,CAACC,KAAK,EAAE;IAC3CpB,MAAM,CAACqB,OAAO,CAAC,EAAE,EAAE,UAACC,GAAG,EAAEC,IAAI,EAAI;MAC7B,IAAID,GAAG,EAAE;QACL,OAAOL,IAAI,CAACK,GAAG,CAAC;MACpB;MACAtB,MAAM,CAACwB,IAAI,CAACN,IAAI,CAACV,QAAQ,EAAEe,IAAI,EAAE,UAACD,GAAG,EAAEE,IAAI,EAAI;QAC3C,IAAIF,GAAG,EAAE;UACL,OAAOL,IAAI,CAACK,GAAG,CAAC;QACpB;QACAG,OAAO,CAACC,GAAG,CAACF,IAAI,CAAC;QACjBN,IAAI,CAACV,QAAQ,GAAGgB,IAAI;QACpBC,OAAO,CAACC,GAAG,CAACR,IAAI,CAACV,QAAQ,CAAC;QAC1BS,IAAI,EAAE;MACV,CAAC,CAAC;IACN,CAAC,CAAC;IACFA,IAAI,EAAE;EACV,CAAC,MAAM;IACH,OAAOA,IAAI,EAAE;EACjB;AACF,CAAC,CAAC;AAEFf,UAAU,CAACyB,OAAO,CAACC,cAAc,GAAG,UAAUzB,QAAQ,EAAE;EACtD,OAAO,IAAI,CAAC0B,OAAO,CAAC;IAAE1B,QAAQ,EAAEA;EAAS,CAAC,CAAC;AAC7C,CAAC;AAEDD,UAAU,CAACyB,OAAO,CAACG,YAAY,GAAG,UAAUjB,EAAE,EAAE;EAC9C,OAAO,IAAI,CAACgB,OAAO,CAAC;IAAEE,GAAG,EAAElB;EAAG,CAAC,CAAC;AAClC,CAAC;AAEDX,UAAU,CAAC8B,OAAO,CAACC,eAAe,GAAG,UAAUC,KAAK,EAAEC,QAAQ,EAAE;EAC9DnC,MAAM,CAACoC,OAAO,CAACF,KAAK,EAAE,IAAI,CAAC1B,QAAQ,EAAE,UAACc,GAAG,EAAEe,OAAO,EAAK;IACrD,IAAGf,GAAG,EAAE;MACN,OAAOa,QAAQ,CAACb,GAAG,CAAC;IACtB;IACAa,QAAQ,CAAC,IAAI,EAAEE,OAAO,CAAC;EACzB,CAAC,CAAC;AACJ,CAAC;AAEDC,MAAM,CAACC,OAAO,GAAGzC,QAAQ,CAAC0C,KAAK,CAAC,MAAM,EAAEtC,UAAU,CAAC"},"_coverageSchema":"1a1c01bbd47fc00a2c39e90264f33305004495a9","hash":"9a0547773df089008556ae42c978a3f0c18380f1","contentHash":"9e54203b4c526fd9541328c9734546d74e0202d5638969f626a4563868b51e60"},"C:\\Users\\Gasshow\\Documents\\学习\\学习资料\\大四上\\webApp\\reacBackend\\api\\auth\\index.js":{"path":"C:\\Users\\Gasshow\\Documents\\学习\\学习资料\\大四上\\webApp\\reacBackend\\api\\auth\\index.js","statementMap":{"0":{"start":{"line":3,"column":10},"end":{"line":3,"column":33}},"1":{"start":{"line":4,"column":0},"end":{"line":14,"column":2}},"2":{"start":{"line":6,"column":2},"end":{"line":12,"column":5}},"3":{"start":{"line":7,"column":4},"end":{"line":10,"column":5}},"4":{"start":{"line":8,"column":6},"end":{"line":8,"column":41}},"5":{"start":{"line":9,"column":6},"end":{"line":9,"column":21}},"6":{"start":{"line":11,"column":4},"end":{"line":11,"column":21}},"7":{"start":{"line":13,"column":2},"end":{"line":13,"column":16}}},"fnMap":{"0":{"name":"(anonymous_0)","decl":{"start":{"line":4,"column":20},"end":{"line":4,"column":21}},"loc":{"start":{"line":4,"column":37},"end":{"line":14,"column":1}},"line":4},"1":{"name":"(anonymous_1)","decl":{"start":{"line":6,"column":40},"end":{"line":6,"column":41}},"loc":{"start":{"line":6,"column":59},"end":{"line":12,"column":3}},"line":6}},"branchMap":{"0":{"loc":{"start":{"line":7,"column":4},"end":{"line":10,"column":5}},"type":"if","locations":[{"start":{"line":7,"column":4},"end":{"line":10,"column":5}},{"start":{"line":7,"column":4},"end":{"line":10,"column":5}}],"line":7}},"s":{"0":1,"1":1,"2":6,"3":6,"4":0,"5":0,"6":0,"7":0},"f":{"0":6,"1":6},"b":{"0":[0,0]},"inputSourceMap":{"version":3,"names":["jwt","require","exports","jwtVerify","token","result","verify","process","env","SECRET","decoded","err","console","log"],"sourceRoot":"C:\\Users\\Gasshow\\Documents\\学习\\学习资料\\大四上\\webApp\\reacBackend\\api\\auth\\","sources":["index.js"],"sourcesContent":["const jwt = require('jsonwebtoken')\n\nexports.jwtVerify = (token) => {\n  let result\n  jwt.verify(token, process.env.SECRET, function(decoded) {\n    if (err) {\n      console.log(\"verify error: \", err)\n      result =  false\n    }\n    result = decoded\n  })\n  return result\n}"],"mappings":";;AAAA,IAAMA,GAAG,GAAGC,OAAO,CAAC,cAAc,CAAC;AAEnCC,OAAO,CAACC,SAAS,GAAG,UAACC,KAAK,EAAK;EAC7B,IAAIC,MAAM;EACVL,GAAG,CAACM,MAAM,CAACF,KAAK,EAAEG,OAAO,CAACC,GAAG,CAACC,MAAM,EAAE,UAASC,OAAO,EAAE;IACtD,IAAIC,GAAG,EAAE;MACPC,OAAO,CAACC,GAAG,CAAC,gBAAgB,EAAEF,GAAG,CAAC;MAClCN,MAAM,GAAI,KAAK;IACjB;IACAA,MAAM,GAAGK,OAAO;EAClB,CAAC,CAAC;EACF,OAAOL,MAAM;AACf,CAAC"},"_coverageSchema":"1a1c01bbd47fc00a2c39e90264f33305004495a9","hash":"7e1cd4a139b2a5676b8b9790f357e55bc8e86871","contentHash":"db802bb23f4e57c7341e9d8bfdfd32b6a98e3da8d91961416972795f45639c0c"},"C:\\Users\\Gasshow\\Documents\\学习\\学习资料\\大四上\\webApp\\reacBackend\\routes\\genres.js":{"path":"C:\\Users\\Gasshow\\Documents\\学习\\学习资料\\大四上\\webApp\\reacBackend\\routes\\genres.js","statementMap":{"0":{"start":{"line":3,"column":14},"end":{"line":3,"column":32}},"1":{"start":{"line":4,"column":13},"end":{"line":4,"column":29}},"2":{"start":{"line":5,"column":11},"end":{"line":5,"column":46}},"3":{"start":{"line":8,"column":0},"end":{"line":10,"column":3}},"4":{"start":{"line":9,"column":2},"end":{"line":9,"column":17}},"5":{"start":{"line":11,"column":0},"end":{"line":11,"column":24}}},"fnMap":{"0":{"name":"(anonymous_0)","decl":{"start":{"line":8,"column":16},"end":{"line":8,"column":17}},"loc":{"start":{"line":8,"column":42},"end":{"line":10,"column":1}},"line":8}},"branchMap":{},"s":{"0":1,"1":1,"2":1,"3":1,"4":0,"5":1},"f":{"0":0},"b":{},"inputSourceMap":{"version":3,"names":["express","require","router","Router","data","get","req","res","next","json","module","exports"],"sourceRoot":"C:\\Users\\Gasshow\\Documents\\学习\\学习资料\\大四上\\webApp\\reacBackend\\routes\\","sources":["genres.js"],"sourcesContent":["var express = require('express');\nvar router = express.Router();\nconst data = require('../api/genres/genresData')\n\n/* GET home page. */\nrouter.get('/', function(req, res, next) {\n  res.json(data)\n});\n\nmodule.exports = router;\n"],"mappings":";;AAAA,IAAIA,OAAO,GAAGC,OAAO,CAAC,SAAS,CAAC;AAChC,IAAIC,MAAM,GAAGF,OAAO,CAACG,MAAM,EAAE;AAC7B,IAAMC,IAAI,GAAGH,OAAO,CAAC,0BAA0B,CAAC;;AAEhD;AACAC,MAAM,CAACG,GAAG,CAAC,GAAG,EAAE,UAASC,GAAG,EAAEC,GAAG,EAAEC,IAAI,EAAE;EACvCD,GAAG,CAACE,IAAI,CAACL,IAAI,CAAC;AAChB,CAAC,CAAC;AAEFM,MAAM,CAACC,OAAO,GAAGT,MAAM"},"_coverageSchema":"1a1c01bbd47fc00a2c39e90264f33305004495a9","hash":"b4dd69dcc547c93a366f7b03117656ddf53859fd","contentHash":"bd64407f8a4f01058dd61fbf043afe5a9dfc185cade6f113eca0457aaa560fb5"},"C:\\Users\\Gasshow\\Documents\\学习\\学习资料\\大四上\\webApp\\reacBackend\\api\\genres\\genresData.js":{"path":"C:\\Users\\Gasshow\\Documents\\学习\\学习资料\\大四上\\webApp\\reacBackend\\api\\genres\\genresData.js","statementMap":{"0":{"start":{"line":3,"column":0},"end":{"line":62,"column":2}}},"fnMap":{},"branchMap":{},"s":{"0":1},"f":{},"b":{},"inputSourceMap":{"version":3,"names":["exports","data"],"sourceRoot":"C:\\Users\\Gasshow\\Documents\\学习\\学习资料\\大四上\\webApp\\reacBackend\\api\\genres\\","sources":["genresData.js"],"sourcesContent":["exports.data= {\n  \"genres\": [\n      {\n          \"id\": 28,\n          \"name\": \"Action\"\n      },\n      {\n          \"id\": 12,\n          \"name\": \"Adventure\"\n      },\n      {\n          \"id\": 16,\n          \"name\": \"Animation\"\n      },\n      {\n          \"id\": 35,\n          \"name\": \"Comedy\"\n      },\n      {\n          \"id\": 80,\n          \"name\": \"Crime\"\n      },\n      {\n          \"id\": 99,\n          \"name\": \"Documentary\"\n      },\n      {\n          \"id\": 18,\n          \"name\": \"Drama\"\n      },\n      {\n          \"id\": 10751,\n          \"name\": \"Family\"\n      },\n      {\n          \"id\": 14,\n          \"name\": \"Fantasy\"\n      },\n      {\n          \"id\": 36,\n          \"name\": \"History\"\n      },\n      {\n          \"id\": 27,\n          \"name\": \"Horror\"\n      },\n      {\n          \"id\": 10402,\n          \"name\": \"Music\"\n      },\n      {\n          \"id\": 9648,\n          \"name\": \"Mystery\"\n      },\n      {\n          \"id\": 10749,\n          \"name\": \"Romance\"\n      },\n      {\n          \"id\": 878,\n          \"name\": \"Science Fiction\"\n      },\n      {\n          \"id\": 10770,\n          \"name\": \"TV Movie\"\n      },\n      {\n          \"id\": 53,\n          \"name\": \"Thriller\"\n      },\n      {\n          \"id\": 10752,\n          \"name\": \"War\"\n      },\n      {\n          \"id\": 37,\n          \"name\": \"Western\"\n      }\n  ]\n};"],"mappings":";;AAAAA,OAAO,CAACC,IAAI,GAAE;EACZ,QAAQ,EAAE,CACN;IACI,IAAI,EAAE,EAAE;IACR,MAAM,EAAE;EACZ,CAAC,EACD;IACI,IAAI,EAAE,EAAE;IACR,MAAM,EAAE;EACZ,CAAC,EACD;IACI,IAAI,EAAE,EAAE;IACR,MAAM,EAAE;EACZ,CAAC,EACD;IACI,IAAI,EAAE,EAAE;IACR,MAAM,EAAE;EACZ,CAAC,EACD;IACI,IAAI,EAAE,EAAE;IACR,MAAM,EAAE;EACZ,CAAC,EACD;IACI,IAAI,EAAE,EAAE;IACR,MAAM,EAAE;EACZ,CAAC,EACD;IACI,IAAI,EAAE,EAAE;IACR,MAAM,EAAE;EACZ,CAAC,EACD;IACI,IAAI,EAAE,KAAK;IACX,MAAM,EAAE;EACZ,CAAC,EACD;IACI,IAAI,EAAE,EAAE;IACR,MAAM,EAAE;EACZ,CAAC,EACD;IACI,IAAI,EAAE,EAAE;IACR,MAAM,EAAE;EACZ,CAAC,EACD;IACI,IAAI,EAAE,EAAE;IACR,MAAM,EAAE;EACZ,CAAC,EACD;IACI,IAAI,EAAE,KAAK;IACX,MAAM,EAAE;EACZ,CAAC,EACD;IACI,IAAI,EAAE,IAAI;IACV,MAAM,EAAE;EACZ,CAAC,EACD;IACI,IAAI,EAAE,KAAK;IACX,MAAM,EAAE;EACZ,CAAC,EACD;IACI,IAAI,EAAE,GAAG;IACT,MAAM,EAAE;EACZ,CAAC,EACD;IACI,IAAI,EAAE,KAAK;IACX,MAAM,EAAE;EACZ,CAAC,EACD;IACI,IAAI,EAAE,EAAE;IACR,MAAM,EAAE;EACZ,CAAC,EACD;IACI,IAAI,EAAE,KAAK;IACX,MAAM,EAAE;EACZ,CAAC,EACD;IACI,IAAI,EAAE,EAAE;IACR,MAAM,EAAE;EACZ,CAAC;AAEP,CAAC"},"_coverageSchema":"1a1c01bbd47fc00a2c39e90264f33305004495a9","hash":"1f908f2965f1056051b81b1f3517eb31092e8256","contentHash":"dcd2eb9f6f0f89cb8db746e56ac6ee3b7085794bb898ab5e3c253b2b19b92af3"}}